[0.264s] DEBUG:colcon:Command line arguments: ['/usr/bin/colcon', 'build', '--packages-select', 'rto_msgs', '--symlink-install']
[0.264s] DEBUG:colcon:Parsed command line arguments: Namespace(log_base=None, log_level=None, verb_name='build', build_base='build', install_base='install', merge_install=False, symlink_install=True, test_result_base=None, continue_on_error=False, executor='parallel', parallel_workers=8, event_handlers=None, ignore_user_meta=False, metas=['./colcon.meta'], base_paths=['.'], packages_ignore=None, packages_ignore_regex=None, paths=None, packages_up_to=None, packages_up_to_regex=None, packages_above=None, packages_above_and_dependencies=None, packages_above_depth=None, packages_select_by_dep=None, packages_skip_by_dep=None, packages_skip_up_to=None, packages_select_build_failed=False, packages_skip_build_finished=False, packages_select_test_failures=False, packages_skip_test_passed=False, packages_select=['rto_msgs'], packages_skip=None, packages_select_regex=None, packages_skip_regex=None, packages_start=None, packages_end=None, allow_overriding=[], cmake_args=None, cmake_target=None, cmake_target_skip_unavailable=False, cmake_clean_cache=False, cmake_clean_first=False, cmake_force_configure=False, ament_cmake_args=None, catkin_cmake_args=None, catkin_skip_building_tests=False, mixin_files=None, mixin=None, verb_parser=<colcon_mixin.mixin.mixin_argument.MixinArgumentDecorator object at 0x7d1d63be4800>, verb_extension=<colcon_core.verb.build.BuildVerb object at 0x7d1d63b004d0>, main=<bound method BuildVerb.main of <colcon_core.verb.build.BuildVerb object at 0x7d1d63b004d0>>, mixin_verb=('build',))
[0.345s] Level 1:colcon.colcon_core.package_discovery:discover_packages(colcon_meta) check parameters
[0.345s] Level 1:colcon.colcon_core.package_discovery:discover_packages(recursive) check parameters
[0.345s] Level 1:colcon.colcon_core.package_discovery:discover_packages(ignore) check parameters
[0.345s] Level 1:colcon.colcon_core.package_discovery:discover_packages(path) check parameters
[0.345s] Level 1:colcon.colcon_core.package_discovery:discover_packages(colcon_meta) discover
[0.346s] Level 1:colcon.colcon_core.package_discovery:discover_packages(recursive) discover
[0.346s] INFO:colcon.colcon_core.package_discovery:Crawling recursively for packages in '/home/oscar/robotino_ros2_ws'
[0.346s] Level 1:colcon.colcon_core.package_identification:_identify(.) by extensions ['ignore', 'ignore_ament_install']
[0.346s] Level 1:colcon.colcon_core.package_identification:_identify(.) by extension 'ignore'
[0.346s] Level 1:colcon.colcon_core.package_identification:_identify(.) by extension 'ignore_ament_install'
[0.346s] Level 1:colcon.colcon_core.package_identification:_identify(.) by extensions ['colcon_pkg']
[0.346s] Level 1:colcon.colcon_core.package_identification:_identify(.) by extension 'colcon_pkg'
[0.346s] Level 1:colcon.colcon_core.package_identification:_identify(.) by extensions ['colcon_meta']
[0.346s] Level 1:colcon.colcon_core.package_identification:_identify(.) by extension 'colcon_meta'
[0.346s] Level 1:colcon.colcon_core.package_identification:_identify(.) by extensions ['ros']
[0.346s] Level 1:colcon.colcon_core.package_identification:_identify(.) by extension 'ros'
[0.397s] Level 1:colcon.colcon_core.package_identification:_identify(.) by extensions ['cmake', 'python']
[0.397s] Level 1:colcon.colcon_core.package_identification:_identify(.) by extension 'cmake'
[0.398s] Level 1:colcon.colcon_core.package_identification:_identify(.) by extension 'python'
[0.398s] Level 1:colcon.colcon_core.package_identification:_identify(.) by extensions ['python_setup_py']
[0.398s] Level 1:colcon.colcon_core.package_identification:_identify(.) by extension 'python_setup_py'
[0.398s] Level 1:colcon.colcon_core.package_identification:_identify(build) by extensions ['ignore', 'ignore_ament_install']
[0.398s] Level 1:colcon.colcon_core.package_identification:_identify(build) by extension 'ignore'
[0.399s] Level 1:colcon.colcon_core.package_identification:_identify(build) ignored
[0.399s] Level 1:colcon.colcon_core.package_identification:_identify(install) by extensions ['ignore', 'ignore_ament_install']
[0.399s] Level 1:colcon.colcon_core.package_identification:_identify(install) by extension 'ignore'
[0.400s] Level 1:colcon.colcon_core.package_identification:_identify(install) ignored
[0.400s] Level 1:colcon.colcon_core.package_identification:_identify(log) by extensions ['ignore', 'ignore_ament_install']
[0.400s] Level 1:colcon.colcon_core.package_identification:_identify(log) by extension 'ignore'
[0.401s] Level 1:colcon.colcon_core.package_identification:_identify(log) ignored
[0.401s] Level 1:colcon.colcon_core.package_identification:_identify(src) by extensions ['ignore', 'ignore_ament_install']
[0.402s] Level 1:colcon.colcon_core.package_identification:_identify(src) by extension 'ignore'
[0.402s] Level 1:colcon.colcon_core.package_identification:_identify(src) by extension 'ignore_ament_install'
[0.403s] Level 1:colcon.colcon_core.package_identification:_identify(src) by extensions ['colcon_pkg']
[0.403s] Level 1:colcon.colcon_core.package_identification:_identify(src) by extension 'colcon_pkg'
[0.403s] Level 1:colcon.colcon_core.package_identification:_identify(src) by extensions ['colcon_meta']
[0.403s] Level 1:colcon.colcon_core.package_identification:_identify(src) by extension 'colcon_meta'
[0.403s] Level 1:colcon.colcon_core.package_identification:_identify(src) by extensions ['ros']
[0.403s] Level 1:colcon.colcon_core.package_identification:_identify(src) by extension 'ros'
[0.403s] Level 1:colcon.colcon_core.package_identification:_identify(src) by extensions ['cmake', 'python']
[0.403s] Level 1:colcon.colcon_core.package_identification:_identify(src) by extension 'cmake'
[0.404s] Level 1:colcon.colcon_core.package_identification:_identify(src) by extension 'python'
[0.404s] Level 1:colcon.colcon_core.package_identification:_identify(src) by extensions ['python_setup_py']
[0.404s] Level 1:colcon.colcon_core.package_identification:_identify(src) by extension 'python_setup_py'
[0.404s] Level 1:colcon.colcon_core.package_identification:_identify(src/ros2-robotino) by extensions ['ignore', 'ignore_ament_install']
[0.404s] Level 1:colcon.colcon_core.package_identification:_identify(src/ros2-robotino) by extension 'ignore'
[0.404s] Level 1:colcon.colcon_core.package_identification:_identify(src/ros2-robotino) by extension 'ignore_ament_install'
[0.404s] Level 1:colcon.colcon_core.package_identification:_identify(src/ros2-robotino) by extensions ['colcon_pkg']
[0.404s] Level 1:colcon.colcon_core.package_identification:_identify(src/ros2-robotino) by extension 'colcon_pkg'
[0.404s] Level 1:colcon.colcon_core.package_identification:_identify(src/ros2-robotino) by extensions ['colcon_meta']
[0.404s] Level 1:colcon.colcon_core.package_identification:_identify(src/ros2-robotino) by extension 'colcon_meta'
[0.405s] Level 1:colcon.colcon_core.package_identification:_identify(src/ros2-robotino) by extensions ['ros']
[0.405s] Level 1:colcon.colcon_core.package_identification:_identify(src/ros2-robotino) by extension 'ros'
[0.405s] Level 1:colcon.colcon_core.package_identification:_identify(src/ros2-robotino) by extensions ['cmake', 'python']
[0.405s] Level 1:colcon.colcon_core.package_identification:_identify(src/ros2-robotino) by extension 'cmake'
[0.405s] Level 1:colcon.colcon_core.package_identification:_identify(src/ros2-robotino) by extension 'python'
[0.405s] Level 1:colcon.colcon_core.package_identification:_identify(src/ros2-robotino) by extensions ['python_setup_py']
[0.405s] Level 1:colcon.colcon_core.package_identification:_identify(src/ros2-robotino) by extension 'python_setup_py'
[0.405s] Level 1:colcon.colcon_core.package_identification:_identify(src/ros2-robotino/rto_description) by extensions ['ignore', 'ignore_ament_install']
[0.405s] Level 1:colcon.colcon_core.package_identification:_identify(src/ros2-robotino/rto_description) by extension 'ignore'
[0.405s] Level 1:colcon.colcon_core.package_identification:_identify(src/ros2-robotino/rto_description) by extension 'ignore_ament_install'
[0.405s] Level 1:colcon.colcon_core.package_identification:_identify(src/ros2-robotino/rto_description) by extensions ['colcon_pkg']
[0.406s] Level 1:colcon.colcon_core.package_identification:_identify(src/ros2-robotino/rto_description) by extension 'colcon_pkg'
[0.406s] Level 1:colcon.colcon_core.package_identification:_identify(src/ros2-robotino/rto_description) by extensions ['colcon_meta']
[0.406s] Level 1:colcon.colcon_core.package_identification:_identify(src/ros2-robotino/rto_description) by extension 'colcon_meta'
[0.406s] Level 1:colcon.colcon_core.package_identification:_identify(src/ros2-robotino/rto_description) by extensions ['ros']
[0.406s] Level 1:colcon.colcon_core.package_identification:_identify(src/ros2-robotino/rto_description) by extension 'ros'
[0.410s] DEBUG:colcon.colcon_core.package_identification:Package 'src/ros2-robotino/rto_description' with type 'ros.ament_cmake' and name 'rto_description'
[0.410s] Level 1:colcon.colcon_core.package_identification:_identify(src/ros2-robotino/rto_msgs) by extensions ['ignore', 'ignore_ament_install']
[0.410s] Level 1:colcon.colcon_core.package_identification:_identify(src/ros2-robotino/rto_msgs) by extension 'ignore'
[0.410s] Level 1:colcon.colcon_core.package_identification:_identify(src/ros2-robotino/rto_msgs) by extension 'ignore_ament_install'
[0.410s] Level 1:colcon.colcon_core.package_identification:_identify(src/ros2-robotino/rto_msgs) by extensions ['colcon_pkg']
[0.410s] Level 1:colcon.colcon_core.package_identification:_identify(src/ros2-robotino/rto_msgs) by extension 'colcon_pkg'
[0.410s] Level 1:colcon.colcon_core.package_identification:_identify(src/ros2-robotino/rto_msgs) by extensions ['colcon_meta']
[0.410s] Level 1:colcon.colcon_core.package_identification:_identify(src/ros2-robotino/rto_msgs) by extension 'colcon_meta'
[0.410s] Level 1:colcon.colcon_core.package_identification:_identify(src/ros2-robotino/rto_msgs) by extensions ['ros']
[0.411s] Level 1:colcon.colcon_core.package_identification:_identify(src/ros2-robotino/rto_msgs) by extension 'ros'
[0.411s] DEBUG:colcon.colcon_core.package_identification:Package 'src/ros2-robotino/rto_msgs' with type 'ros.ament_cmake' and name 'rto_msgs'
[0.411s] Level 1:colcon.colcon_core.package_identification:_identify(src/ros2-robotino/rto_node) by extensions ['ignore', 'ignore_ament_install']
[0.411s] Level 1:colcon.colcon_core.package_identification:_identify(src/ros2-robotino/rto_node) by extension 'ignore'
[0.411s] Level 1:colcon.colcon_core.package_identification:_identify(src/ros2-robotino/rto_node) by extension 'ignore_ament_install'
[0.411s] Level 1:colcon.colcon_core.package_identification:_identify(src/ros2-robotino/rto_node) by extensions ['colcon_pkg']
[0.411s] Level 1:colcon.colcon_core.package_identification:_identify(src/ros2-robotino/rto_node) by extension 'colcon_pkg'
[0.412s] Level 1:colcon.colcon_core.package_identification:_identify(src/ros2-robotino/rto_node) by extensions ['colcon_meta']
[0.412s] Level 1:colcon.colcon_core.package_identification:_identify(src/ros2-robotino/rto_node) by extension 'colcon_meta'
[0.412s] Level 1:colcon.colcon_core.package_identification:_identify(src/ros2-robotino/rto_node) by extensions ['ros']
[0.412s] Level 1:colcon.colcon_core.package_identification:_identify(src/ros2-robotino/rto_node) by extension 'ros'
[0.413s] DEBUG:colcon.colcon_core.package_identification:Package 'src/ros2-robotino/rto_node' with type 'ros.ament_cmake' and name 'rto_node'
[0.413s] Level 1:colcon.colcon_core.package_identification:_identify(src/ros2-robotino/rto_safety) by extensions ['ignore', 'ignore_ament_install']
[0.413s] Level 1:colcon.colcon_core.package_identification:_identify(src/ros2-robotino/rto_safety) by extension 'ignore'
[0.413s] Level 1:colcon.colcon_core.package_identification:_identify(src/ros2-robotino/rto_safety) by extension 'ignore_ament_install'
[0.413s] Level 1:colcon.colcon_core.package_identification:_identify(src/ros2-robotino/rto_safety) by extensions ['colcon_pkg']
[0.413s] Level 1:colcon.colcon_core.package_identification:_identify(src/ros2-robotino/rto_safety) by extension 'colcon_pkg'
[0.413s] Level 1:colcon.colcon_core.package_identification:_identify(src/ros2-robotino/rto_safety) by extensions ['colcon_meta']
[0.413s] Level 1:colcon.colcon_core.package_identification:_identify(src/ros2-robotino/rto_safety) by extension 'colcon_meta'
[0.414s] Level 1:colcon.colcon_core.package_identification:_identify(src/ros2-robotino/rto_safety) by extensions ['ros']
[0.414s] Level 1:colcon.colcon_core.package_identification:_identify(src/ros2-robotino/rto_safety) by extension 'ros'
[0.415s] DEBUG:colcon.colcon_core.package_identification:Package 'src/ros2-robotino/rto_safety' with type 'ros.ament_cmake' and name 'rto_safety'
[0.415s] Level 1:colcon.colcon_core.package_discovery:discover_packages(recursive) using defaults
[0.416s] Level 1:colcon.colcon_core.package_discovery:discover_packages(ignore) discover
[0.416s] Level 1:colcon.colcon_core.package_discovery:discover_packages(ignore) using defaults
[0.416s] Level 1:colcon.colcon_core.package_discovery:discover_packages(path) discover
[0.416s] Level 1:colcon.colcon_core.package_discovery:discover_packages(path) using defaults
[0.469s] INFO:colcon.colcon_core.package_selection:Skipping not selected package 'rto_description' in 'src/ros2-robotino/rto_description'
[0.469s] INFO:colcon.colcon_core.package_selection:Skipping not selected package 'rto_node' in 'src/ros2-robotino/rto_node'
[0.469s] INFO:colcon.colcon_core.package_selection:Skipping not selected package 'rto_safety' in 'src/ros2-robotino/rto_safety'
[0.470s] Level 1:colcon.colcon_core.package_discovery:discover_packages(prefix_path) check parameters
[0.470s] Level 1:colcon.colcon_core.package_discovery:discover_packages(prefix_path) discover
[0.471s] WARNING:colcon.colcon_ros.prefix_path.ament:The path '/home/oscar/robotino_ros2_ws/install/rto_msgs' in the environment variable AMENT_PREFIX_PATH doesn't exist
[0.474s] WARNING:colcon.colcon_ros.prefix_path.catkin:The path '/home/oscar/robotino_ros2_ws/install/rto_msgs' in the environment variable CMAKE_PREFIX_PATH doesn't exist
[0.478s] DEBUG:colcon.colcon_installed_package_information.package_discovery:Found 3 installed packages in /home/oscar/robotino_ros2_ws/install
[0.481s] DEBUG:colcon.colcon_installed_package_information.package_discovery:Found 1 installed packages in /home/oscar/control_ws/install
[0.482s] DEBUG:colcon.colcon_installed_package_information.package_discovery:Found 17 installed packages in /home/oscar/ros2_ws/install
[0.486s] DEBUG:colcon.colcon_installed_package_information.package_discovery:Found 51 installed packages in /home/oscar/ws_moveit2/install
[0.491s] DEBUG:colcon.colcon_installed_package_information.package_discovery:Found 455 installed packages in /opt/ros/jazzy
[0.493s] Level 1:colcon.colcon_core.package_discovery:discover_packages(prefix_path) using defaults
[0.683s] Level 5:colcon.colcon_core.verb:set package 'rto_msgs' build argument 'cmake_args' from command line to 'None'
[0.683s] Level 5:colcon.colcon_core.verb:set package 'rto_msgs' build argument 'cmake_target' from command line to 'None'
[0.683s] Level 5:colcon.colcon_core.verb:set package 'rto_msgs' build argument 'cmake_target_skip_unavailable' from command line to 'False'
[0.683s] Level 5:colcon.colcon_core.verb:set package 'rto_msgs' build argument 'cmake_clean_cache' from command line to 'False'
[0.683s] Level 5:colcon.colcon_core.verb:set package 'rto_msgs' build argument 'cmake_clean_first' from command line to 'False'
[0.683s] Level 5:colcon.colcon_core.verb:set package 'rto_msgs' build argument 'cmake_force_configure' from command line to 'False'
[0.683s] Level 5:colcon.colcon_core.verb:set package 'rto_msgs' build argument 'ament_cmake_args' from command line to 'None'
[0.683s] Level 5:colcon.colcon_core.verb:set package 'rto_msgs' build argument 'catkin_cmake_args' from command line to 'None'
[0.683s] Level 5:colcon.colcon_core.verb:set package 'rto_msgs' build argument 'catkin_skip_building_tests' from command line to 'False'
[0.683s] DEBUG:colcon.colcon_core.verb:Building package 'rto_msgs' with the following arguments: {'ament_cmake_args': None, 'build_base': '/home/oscar/robotino_ros2_ws/build/rto_msgs', 'catkin_cmake_args': None, 'catkin_skip_building_tests': False, 'cmake_args': None, 'cmake_clean_cache': False, 'cmake_clean_first': False, 'cmake_force_configure': False, 'cmake_target': None, 'cmake_target_skip_unavailable': False, 'install_base': '/home/oscar/robotino_ros2_ws/install/rto_msgs', 'merge_install': False, 'path': '/home/oscar/robotino_ros2_ws/src/ros2-robotino/rto_msgs', 'symlink_install': True, 'test_result_base': None}
[0.684s] INFO:colcon.colcon_core.executor:Executing jobs using 'parallel' executor
[0.684s] DEBUG:colcon.colcon_parallel_executor.executor.parallel:run_until_complete
[0.685s] INFO:colcon.colcon_ros.task.ament_cmake.build:Building ROS package in '/home/oscar/robotino_ros2_ws/src/ros2-robotino/rto_msgs' with build type 'ament_cmake'
[0.685s] INFO:colcon.colcon_cmake.task.cmake.build:Building CMake package in '/home/oscar/robotino_ros2_ws/src/ros2-robotino/rto_msgs'
[0.689s] INFO:colcon.colcon_core.plugin_system:Skipping extension 'colcon_core.shell.bat': Not used on non-Windows systems
[0.690s] INFO:colcon.colcon_core.shell:Skip shell extension 'powershell' for command environment: Not usable outside of PowerShell
[0.690s] DEBUG:colcon.colcon_core.shell:Skip shell extension 'dsv' for command environment
[0.720s] DEBUG:colcon.colcon_core.event_handler.log_command:Invoking command in '/home/oscar/robotino_ros2_ws/build/rto_msgs': CMAKE_PREFIX_PATH=${CMAKE_PREFIX_PATH}:/home/oscar/control_ws/install/pose_controller:/home/oscar/ws_moveit2/install/moveit_configs_utils:/opt/ros/jazzy DEBUGINFOD_URLS=https://debuginfod.ubuntu.com /usr/bin/cmake /home/oscar/robotino_ros2_ws/src/ros2-robotino/rto_msgs -DAMENT_CMAKE_SYMLINK_INSTALL=1 -DCMAKE_INSTALL_PREFIX=/home/oscar/robotino_ros2_ws/install/rto_msgs
[9.626s] DEBUG:colcon.colcon_core.event_handler.log_command:Invoked command in '/home/oscar/robotino_ros2_ws/build/rto_msgs' returned '0': CMAKE_PREFIX_PATH=${CMAKE_PREFIX_PATH}:/home/oscar/control_ws/install/pose_controller:/home/oscar/ws_moveit2/install/moveit_configs_utils:/opt/ros/jazzy DEBUGINFOD_URLS=https://debuginfod.ubuntu.com /usr/bin/cmake /home/oscar/robotino_ros2_ws/src/ros2-robotino/rto_msgs -DAMENT_CMAKE_SYMLINK_INSTALL=1 -DCMAKE_INSTALL_PREFIX=/home/oscar/robotino_ros2_ws/install/rto_msgs
[9.628s] DEBUG:colcon.colcon_core.event_handler.log_command:Invoking command in '/home/oscar/robotino_ros2_ws/build/rto_msgs': CMAKE_PREFIX_PATH=${CMAKE_PREFIX_PATH}:/home/oscar/control_ws/install/pose_controller:/home/oscar/ws_moveit2/install/moveit_configs_utils:/opt/ros/jazzy DEBUGINFOD_URLS=https://debuginfod.ubuntu.com /usr/bin/cmake --build /home/oscar/robotino_ros2_ws/build/rto_msgs -- -j8 -l8
[47.657s] DEBUG:colcon.colcon_core.event_handler.log_command:Invoked command in '/home/oscar/robotino_ros2_ws/build/rto_msgs' returned '0': CMAKE_PREFIX_PATH=${CMAKE_PREFIX_PATH}:/home/oscar/control_ws/install/pose_controller:/home/oscar/ws_moveit2/install/moveit_configs_utils:/opt/ros/jazzy DEBUGINFOD_URLS=https://debuginfod.ubuntu.com /usr/bin/cmake --build /home/oscar/robotino_ros2_ws/build/rto_msgs -- -j8 -l8
[47.712s] DEBUG:colcon.colcon_core.event_handler.log_command:Invoking command in '/home/oscar/robotino_ros2_ws/build/rto_msgs': CMAKE_PREFIX_PATH=${CMAKE_PREFIX_PATH}:/home/oscar/control_ws/install/pose_controller:/home/oscar/ws_moveit2/install/moveit_configs_utils:/opt/ros/jazzy DEBUGINFOD_URLS=https://debuginfod.ubuntu.com /usr/bin/cmake --install /home/oscar/robotino_ros2_ws/build/rto_msgs
[57.456s] Level 1:colcon.colcon_core.environment:create_environment_scripts_only(rto_msgs)
[57.459s] DEBUG:colcon.colcon_core.event_handler.log_command:Invoked command in '/home/oscar/robotino_ros2_ws/build/rto_msgs' returned '0': CMAKE_PREFIX_PATH=${CMAKE_PREFIX_PATH}:/home/oscar/control_ws/install/pose_controller:/home/oscar/ws_moveit2/install/moveit_configs_utils:/opt/ros/jazzy DEBUGINFOD_URLS=https://debuginfod.ubuntu.com /usr/bin/cmake --install /home/oscar/robotino_ros2_ws/build/rto_msgs
[57.463s] Level 1:colcon.colcon_core.environment:checking '/home/oscar/robotino_ros2_ws/install/rto_msgs' for CMake module files
[57.466s] Level 1:colcon.colcon_core.environment:checking '/home/oscar/robotino_ros2_ws/install/rto_msgs' for CMake config files
[57.470s] Level 1:colcon.colcon_core.shell:create_environment_hook('rto_msgs', 'cmake_prefix_path')
[57.471s] INFO:colcon.colcon_core.shell:Creating environment hook '/home/oscar/robotino_ros2_ws/install/rto_msgs/share/rto_msgs/hook/cmake_prefix_path.ps1'
[57.472s] INFO:colcon.colcon_core.shell:Creating environment descriptor '/home/oscar/robotino_ros2_ws/install/rto_msgs/share/rto_msgs/hook/cmake_prefix_path.dsv'
[57.472s] INFO:colcon.colcon_core.shell:Creating environment hook '/home/oscar/robotino_ros2_ws/install/rto_msgs/share/rto_msgs/hook/cmake_prefix_path.sh'
[57.474s] Level 1:colcon.colcon_core.environment:checking '/home/oscar/robotino_ros2_ws/install/rto_msgs/lib'
[57.475s] Level 1:colcon.colcon_core.shell:create_environment_hook('rto_msgs', 'ld_library_path_lib')
[57.476s] INFO:colcon.colcon_core.shell:Creating environment hook '/home/oscar/robotino_ros2_ws/install/rto_msgs/share/rto_msgs/hook/ld_library_path_lib.ps1'
[57.477s] INFO:colcon.colcon_core.shell:Creating environment descriptor '/home/oscar/robotino_ros2_ws/install/rto_msgs/share/rto_msgs/hook/ld_library_path_lib.dsv'
[57.479s] INFO:colcon.colcon_core.shell:Creating environment hook '/home/oscar/robotino_ros2_ws/install/rto_msgs/share/rto_msgs/hook/ld_library_path_lib.sh'
[57.480s] Level 1:colcon.colcon_core.environment:checking '/home/oscar/robotino_ros2_ws/install/rto_msgs/bin'
[57.480s] Level 1:colcon.colcon_core.environment:checking '/home/oscar/robotino_ros2_ws/install/rto_msgs/lib/pkgconfig/rto_msgs.pc'
[57.481s] Level 1:colcon.colcon_core.environment:checking '/home/oscar/robotino_ros2_ws/install/rto_msgs/lib/python3.12/site-packages'
[57.481s] Level 1:colcon.colcon_core.shell:create_environment_hook('rto_msgs', 'pythonpath')
[57.482s] INFO:colcon.colcon_core.shell:Creating environment hook '/home/oscar/robotino_ros2_ws/install/rto_msgs/share/rto_msgs/hook/pythonpath.ps1'
[57.484s] INFO:colcon.colcon_core.shell:Creating environment descriptor '/home/oscar/robotino_ros2_ws/install/rto_msgs/share/rto_msgs/hook/pythonpath.dsv'
[57.485s] INFO:colcon.colcon_core.shell:Creating environment hook '/home/oscar/robotino_ros2_ws/install/rto_msgs/share/rto_msgs/hook/pythonpath.sh'
[57.487s] Level 1:colcon.colcon_core.environment:checking '/home/oscar/robotino_ros2_ws/install/rto_msgs/bin'
[57.489s] INFO:colcon.colcon_core.shell:Creating package script '/home/oscar/robotino_ros2_ws/install/rto_msgs/share/rto_msgs/package.ps1'
[57.490s] INFO:colcon.colcon_core.shell:Creating package descriptor '/home/oscar/robotino_ros2_ws/install/rto_msgs/share/rto_msgs/package.dsv'
[57.491s] INFO:colcon.colcon_core.shell:Creating package script '/home/oscar/robotino_ros2_ws/install/rto_msgs/share/rto_msgs/package.sh'
[57.492s] INFO:colcon.colcon_core.shell:Creating package script '/home/oscar/robotino_ros2_ws/install/rto_msgs/share/rto_msgs/package.bash'
[57.493s] INFO:colcon.colcon_core.shell:Creating package script '/home/oscar/robotino_ros2_ws/install/rto_msgs/share/rto_msgs/package.zsh'
[57.496s] Level 1:colcon.colcon_core.environment:create_file_with_runtime_dependencies(/home/oscar/robotino_ros2_ws/install/rto_msgs/share/colcon-core/packages/rto_msgs)
[57.498s] Level 1:colcon.colcon_core.environment:create_environment_scripts_only(rto_msgs)
[57.498s] Level 1:colcon.colcon_core.environment:checking '/home/oscar/robotino_ros2_ws/install/rto_msgs' for CMake module files
[57.501s] Level 1:colcon.colcon_core.environment:checking '/home/oscar/robotino_ros2_ws/install/rto_msgs' for CMake config files
[57.503s] Level 1:colcon.colcon_core.shell:create_environment_hook('rto_msgs', 'cmake_prefix_path')
[57.504s] INFO:colcon.colcon_core.shell:Creating environment hook '/home/oscar/robotino_ros2_ws/install/rto_msgs/share/rto_msgs/hook/cmake_prefix_path.ps1'
[57.505s] INFO:colcon.colcon_core.shell:Creating environment descriptor '/home/oscar/robotino_ros2_ws/install/rto_msgs/share/rto_msgs/hook/cmake_prefix_path.dsv'
[57.506s] INFO:colcon.colcon_core.shell:Creating environment hook '/home/oscar/robotino_ros2_ws/install/rto_msgs/share/rto_msgs/hook/cmake_prefix_path.sh'
[57.507s] Level 1:colcon.colcon_core.environment:checking '/home/oscar/robotino_ros2_ws/install/rto_msgs/lib'
[57.507s] Level 1:colcon.colcon_core.shell:create_environment_hook('rto_msgs', 'ld_library_path_lib')
[57.508s] INFO:colcon.colcon_core.shell:Creating environment hook '/home/oscar/robotino_ros2_ws/install/rto_msgs/share/rto_msgs/hook/ld_library_path_lib.ps1'
[57.510s] INFO:colcon.colcon_core.shell:Creating environment descriptor '/home/oscar/robotino_ros2_ws/install/rto_msgs/share/rto_msgs/hook/ld_library_path_lib.dsv'
[57.513s] INFO:colcon.colcon_core.shell:Creating environment hook '/home/oscar/robotino_ros2_ws/install/rto_msgs/share/rto_msgs/hook/ld_library_path_lib.sh'
[57.515s] Level 1:colcon.colcon_core.environment:checking '/home/oscar/robotino_ros2_ws/install/rto_msgs/bin'
[57.515s] Level 1:colcon.colcon_core.environment:checking '/home/oscar/robotino_ros2_ws/install/rto_msgs/lib/pkgconfig/rto_msgs.pc'
[57.516s] Level 1:colcon.colcon_core.environment:checking '/home/oscar/robotino_ros2_ws/install/rto_msgs/lib/python3.12/site-packages'
[57.517s] Level 1:colcon.colcon_core.shell:create_environment_hook('rto_msgs', 'pythonpath')
[57.518s] INFO:colcon.colcon_core.shell:Creating environment hook '/home/oscar/robotino_ros2_ws/install/rto_msgs/share/rto_msgs/hook/pythonpath.ps1'
[57.521s] INFO:colcon.colcon_core.shell:Creating environment descriptor '/home/oscar/robotino_ros2_ws/install/rto_msgs/share/rto_msgs/hook/pythonpath.dsv'
[57.523s] INFO:colcon.colcon_core.shell:Creating environment hook '/home/oscar/robotino_ros2_ws/install/rto_msgs/share/rto_msgs/hook/pythonpath.sh'
[57.527s] Level 1:colcon.colcon_core.environment:checking '/home/oscar/robotino_ros2_ws/install/rto_msgs/bin'
[57.529s] INFO:colcon.colcon_core.shell:Creating package script '/home/oscar/robotino_ros2_ws/install/rto_msgs/share/rto_msgs/package.ps1'
[57.531s] INFO:colcon.colcon_core.shell:Creating package descriptor '/home/oscar/robotino_ros2_ws/install/rto_msgs/share/rto_msgs/package.dsv'
[57.534s] INFO:colcon.colcon_core.shell:Creating package script '/home/oscar/robotino_ros2_ws/install/rto_msgs/share/rto_msgs/package.sh'
[57.537s] INFO:colcon.colcon_core.shell:Creating package script '/home/oscar/robotino_ros2_ws/install/rto_msgs/share/rto_msgs/package.bash'
[57.539s] INFO:colcon.colcon_core.shell:Creating package script '/home/oscar/robotino_ros2_ws/install/rto_msgs/share/rto_msgs/package.zsh'
[57.540s] Level 1:colcon.colcon_core.environment:create_file_with_runtime_dependencies(/home/oscar/robotino_ros2_ws/install/rto_msgs/share/colcon-core/packages/rto_msgs)
[57.540s] DEBUG:colcon.colcon_parallel_executor.executor.parallel:closing loop
[57.540s] DEBUG:colcon.colcon_parallel_executor.executor.parallel:loop closed
[57.541s] DEBUG:colcon.colcon_parallel_executor.executor.parallel:run_until_complete finished with '0'
[57.541s] DEBUG:colcon.colcon_core.event_reactor:joining thread
[57.566s] INFO:colcon.colcon_core.plugin_system:Skipping extension 'colcon_notification.desktop_notification.terminal_notifier': Not used on non-Darwin systems
[57.566s] INFO:colcon.colcon_core.plugin_system:Skipping extension 'colcon_notification.desktop_notification.win32': Not used on non-Windows systems
[57.566s] INFO:colcon.colcon_notification.desktop_notification:Sending desktop notification using 'notify2'
[57.621s] DEBUG:colcon.colcon_core.event_reactor:joined thread
[57.622s] INFO:colcon.colcon_core.shell:Creating prefix script '/home/oscar/robotino_ros2_ws/install/local_setup.ps1'
[57.624s] INFO:colcon.colcon_core.shell:Creating prefix util module '/home/oscar/robotino_ros2_ws/install/_local_setup_util_ps1.py'
[57.627s] INFO:colcon.colcon_core.shell:Creating prefix chain script '/home/oscar/robotino_ros2_ws/install/setup.ps1'
[57.639s] INFO:colcon.colcon_core.shell:Creating prefix script '/home/oscar/robotino_ros2_ws/install/local_setup.sh'
[57.642s] INFO:colcon.colcon_core.shell:Creating prefix util module '/home/oscar/robotino_ros2_ws/install/_local_setup_util_sh.py'
[57.646s] INFO:colcon.colcon_core.shell:Creating prefix chain script '/home/oscar/robotino_ros2_ws/install/setup.sh'
[57.659s] INFO:colcon.colcon_core.shell:Creating prefix script '/home/oscar/robotino_ros2_ws/install/local_setup.bash'
[57.660s] INFO:colcon.colcon_core.shell:Creating prefix chain script '/home/oscar/robotino_ros2_ws/install/setup.bash'
[57.672s] INFO:colcon.colcon_core.shell:Creating prefix script '/home/oscar/robotino_ros2_ws/install/local_setup.zsh'
[57.676s] INFO:colcon.colcon_core.shell:Creating prefix chain script '/home/oscar/robotino_ros2_ws/install/setup.zsh'
