-- The C compiler identification is GNU 13.3.0
-- The CXX compiler identification is GNU 13.3.0
-- Detecting C compiler ABI info
-- Detecting C compiler ABI info - done
-- Check for working C compiler: /usr/bin/cc - skipped
-- Detecting C compile features
-- Detecting C compile features - done
-- Detecting CXX compiler ABI info
-- Detecting CXX compiler ABI info - done
-- Check for working CXX compiler: /usr/bin/c++ - skipped
-- Detecting CXX compile features
-- Detecting CXX compile features - done
-- Found ament_cmake: 2.5.3 (/opt/ros/jazzy/share/ament_cmake/cmake)
-- Found Python3: /usr/bin/python3 (found version "3.12.3") found components: Interpreter 
-- Override CMake install command with custom implementation using symlinks instead of copying resources
-- Found rosidl_default_generators: 1.6.0 (/opt/ros/jazzy/share/rosidl_default_generators/cmake)
-- Using all available rosidl_typesupport_c: rosidl_typesupport_fastrtps_c;rosidl_typesupport_introspection_c
-- Using all available rosidl_typesupport_cpp: rosidl_typesupport_fastrtps_cpp;rosidl_typesupport_introspection_cpp
-- Found rosidl_adapter: 4.6.5 (/opt/ros/jazzy/share/rosidl_adapter/cmake)
-- Found std_msgs: 5.3.5 (/opt/ros/jazzy/share/std_msgs/cmake)
-- Found ament_cmake_ros: 0.12.0 (/opt/ros/jazzy/share/ament_cmake_ros/cmake)
-- Using all available rosidl_typesupport_c: rosidl_typesupport_fastrtps_c;rosidl_typesupport_introspection_c
-- Using all available rosidl_typesupport_cpp: rosidl_typesupport_fastrtps_cpp;rosidl_typesupport_introspection_cpp
-- Found python_cmake_module: 0.11.1 (/opt/ros/jazzy/share/python_cmake_module/cmake)
-- Found PythonExtra: /usr/bin/python3  
-- Found Python3: /usr/bin/python3 (found version "3.12.3") found components: Interpreter Development NumPy Development.Module Development.Embed 
-- Configuring done (9.0s)
-- Generating done (0.1s)
-- Build files have been written to: /home/oscar/robotino_ros2_ws/build/rto_msgs
[  1%] Built target rto_msgs__rosidl_generator_type_description
[  1%] Built target ament_cmake_python_symlink_rto_msgs
[ 27%] Built target rto_msgs__rosidl_generator_c
running egg_info
writing rto_msgs.egg-info/PKG-INFO
writing dependency_links to rto_msgs.egg-info/dependency_links.txt
writing top-level names to rto_msgs.egg-info/top_level.txt
reading manifest file 'rto_msgs.egg-info/SOURCES.txt'
writing manifest file 'rto_msgs.egg-info/SOURCES.txt'
[ 27%] Built target ament_cmake_python_build_rto_msgs_egg
[ 37%] Built target rto_msgs__rosidl_typesupport_c
[ 47%] Built target rto_msgs__rosidl_typesupport_introspection_c
[ 57%] Built target rto_msgs__rosidl_typesupport_fastrtps_c
[ 57%] Built target rto_msgs__cpp
[ 66%] Built target rto_msgs__rosidl_typesupport_cpp
[ 75%] Built target rto_msgs__rosidl_typesupport_introspection_cpp
[ 85%] Built target rto_msgs__rosidl_typesupport_fastrtps_cpp
[ 85%] Built target rto_msgs
[ 86%] Built target rto_msgs__py
[ 95%] Built target rto_msgs__rosidl_generator_py
[ 96%] Built target rto_msgs_s__rosidl_typesupport_fastrtps_c
[ 98%] Built target rto_msgs_s__rosidl_typesupport_c
[100%] Built target rto_msgs_s__rosidl_typesupport_introspection_c
-- Install configuration: ""
-- Execute custom install script
-- Up-to-date symlink: /home/oscar/robotino_ros2_ws/install/rto_msgs/share/ament_index/resource_index/rosidl_interfaces/rto_msgs
-- Up-to-date symlink: /home/oscar/robotino_ros2_ws/install/rto_msgs/share/rto_msgs/msg/AnalogReadings.json
-- Up-to-date symlink: /home/oscar/robotino_ros2_ws/install/rto_msgs/share/rto_msgs/msg/DigitalReadings.json
-- Up-to-date symlink: /home/oscar/robotino_ros2_ws/install/rto_msgs/share/rto_msgs/msg/EncoderReadings.json
-- Up-to-date symlink: /home/oscar/robotino_ros2_ws/install/rto_msgs/share/rto_msgs/msg/GripperState.json
-- Up-to-date symlink: /home/oscar/robotino_ros2_ws/install/rto_msgs/share/rto_msgs/msg/MotorReadings.json
-- Up-to-date symlink: /home/oscar/robotino_ros2_ws/install/rto_msgs/share/rto_msgs/msg/MotorErrorReadings.json
-- Up-to-date symlink: /home/oscar/robotino_ros2_ws/install/rto_msgs/share/rto_msgs/msg/PowerReadings.json
-- Up-to-date symlink: /home/oscar/robotino_ros2_ws/install/rto_msgs/share/rto_msgs/srv/ResetOdometry.json
-- Up-to-date symlink: /home/oscar/robotino_ros2_ws/install/rto_msgs/share/rto_msgs/srv/SetEncoderPosition.json
-- Up-to-date symlink: /home/oscar/robotino_ros2_ws/install/rto_msgs/share/rto_msgs/srv/SetGripperState.json
-- Up-to-date symlink: /home/oscar/robotino_ros2_ws/install/rto_msgs/share/rto_msgs/srv/SetOmniDriveEnabled.json
-- Up-to-date symlink: /home/oscar/robotino_ros2_ws/install/rto_msgs/share/rto_msgs/srv/SetVelLimits.json
-- Up-to-date symlink: /home/oscar/robotino_ros2_ws/install/rto_msgs/include/rto_msgs/rto_msgs/msg/analog_readings.h
-- Up-to-date symlink: /home/oscar/robotino_ros2_ws/install/rto_msgs/include/rto_msgs/rto_msgs/msg/detail/analog_readings__functions.h
-- Up-to-date symlink: /home/oscar/robotino_ros2_ws/install/rto_msgs/include/rto_msgs/rto_msgs/msg/detail/analog_readings__struct.h
-- Up-to-date symlink: /home/oscar/robotino_ros2_ws/install/rto_msgs/include/rto_msgs/rto_msgs/msg/detail/analog_readings__type_support.h
-- Up-to-date symlink: /home/oscar/robotino_ros2_ws/install/rto_msgs/include/rto_msgs/rto_msgs/msg/detail/digital_readings__functions.h
-- Up-to-date symlink: /home/oscar/robotino_ros2_ws/install/rto_msgs/include/rto_msgs/rto_msgs/msg/detail/digital_readings__struct.h
-- Up-to-date symlink: /home/oscar/robotino_ros2_ws/install/rto_msgs/include/rto_msgs/rto_msgs/msg/detail/digital_readings__type_support.h
-- Up-to-date symlink: /home/oscar/robotino_ros2_ws/install/rto_msgs/include/rto_msgs/rto_msgs/msg/detail/encoder_readings__functions.h
-- Up-to-date symlink: /home/oscar/robotino_ros2_ws/install/rto_msgs/include/rto_msgs/rto_msgs/msg/detail/encoder_readings__struct.h
-- Up-to-date symlink: /home/oscar/robotino_ros2_ws/install/rto_msgs/include/rto_msgs/rto_msgs/msg/detail/encoder_readings__type_support.h
-- Up-to-date symlink: /home/oscar/robotino_ros2_ws/install/rto_msgs/include/rto_msgs/rto_msgs/msg/detail/gripper_state__functions.h
-- Up-to-date symlink: /home/oscar/robotino_ros2_ws/install/rto_msgs/include/rto_msgs/rto_msgs/msg/detail/gripper_state__struct.h
-- Up-to-date symlink: /home/oscar/robotino_ros2_ws/install/rto_msgs/include/rto_msgs/rto_msgs/msg/detail/gripper_state__type_support.h
-- Up-to-date symlink: /home/oscar/robotino_ros2_ws/install/rto_msgs/include/rto_msgs/rto_msgs/msg/detail/motor_error_readings__functions.h
-- Up-to-date symlink: /home/oscar/robotino_ros2_ws/install/rto_msgs/include/rto_msgs/rto_msgs/msg/detail/motor_error_readings__struct.h
-- Up-to-date symlink: /home/oscar/robotino_ros2_ws/install/rto_msgs/include/rto_msgs/rto_msgs/msg/detail/motor_error_readings__type_support.h
-- Up-to-date symlink: /home/oscar/robotino_ros2_ws/install/rto_msgs/include/rto_msgs/rto_msgs/msg/detail/motor_readings__functions.h
-- Up-to-date symlink: /home/oscar/robotino_ros2_ws/install/rto_msgs/include/rto_msgs/rto_msgs/msg/detail/motor_readings__struct.h
-- Up-to-date symlink: /home/oscar/robotino_ros2_ws/install/rto_msgs/include/rto_msgs/rto_msgs/msg/detail/motor_readings__type_support.h
-- Up-to-date symlink: /home/oscar/robotino_ros2_ws/install/rto_msgs/include/rto_msgs/rto_msgs/msg/detail/power_readings__functions.h
-- Up-to-date symlink: /home/oscar/robotino_ros2_ws/install/rto_msgs/include/rto_msgs/rto_msgs/msg/detail/power_readings__struct.h
-- Up-to-date symlink: /home/oscar/robotino_ros2_ws/install/rto_msgs/include/rto_msgs/rto_msgs/msg/detail/power_readings__type_support.h
-- Up-to-date symlink: /home/oscar/robotino_ros2_ws/install/rto_msgs/include/rto_msgs/rto_msgs/msg/digital_readings.h
-- Up-to-date symlink: /home/oscar/robotino_ros2_ws/install/rto_msgs/include/rto_msgs/rto_msgs/msg/encoder_readings.h
-- Up-to-date symlink: /home/oscar/robotino_ros2_ws/install/rto_msgs/include/rto_msgs/rto_msgs/msg/gripper_state.h
-- Up-to-date symlink: /home/oscar/robotino_ros2_ws/install/rto_msgs/include/rto_msgs/rto_msgs/msg/motor_error_readings.h
-- Up-to-date symlink: /home/oscar/robotino_ros2_ws/install/rto_msgs/include/rto_msgs/rto_msgs/msg/motor_readings.h
-- Up-to-date symlink: /home/oscar/robotino_ros2_ws/install/rto_msgs/include/rto_msgs/rto_msgs/msg/power_readings.h
-- Up-to-date symlink: /home/oscar/robotino_ros2_ws/install/rto_msgs/include/rto_msgs/rto_msgs/msg/rosidl_generator_c__visibility_control.h
-- Up-to-date symlink: /home/oscar/robotino_ros2_ws/install/rto_msgs/include/rto_msgs/rto_msgs/srv/detail/reset_odometry__functions.h
-- Up-to-date symlink: /home/oscar/robotino_ros2_ws/install/rto_msgs/include/rto_msgs/rto_msgs/srv/detail/reset_odometry__struct.h
-- Up-to-date symlink: /home/oscar/robotino_ros2_ws/install/rto_msgs/include/rto_msgs/rto_msgs/srv/detail/reset_odometry__type_support.h
-- Up-to-date symlink: /home/oscar/robotino_ros2_ws/install/rto_msgs/include/rto_msgs/rto_msgs/srv/detail/set_encoder_position__functions.h
-- Up-to-date symlink: /home/oscar/robotino_ros2_ws/install/rto_msgs/include/rto_msgs/rto_msgs/srv/detail/set_encoder_position__struct.h
-- Up-to-date symlink: /home/oscar/robotino_ros2_ws/install/rto_msgs/include/rto_msgs/rto_msgs/srv/detail/set_encoder_position__type_support.h
-- Up-to-date symlink: /home/oscar/robotino_ros2_ws/install/rto_msgs/include/rto_msgs/rto_msgs/srv/detail/set_gripper_state__functions.h
-- Up-to-date symlink: /home/oscar/robotino_ros2_ws/install/rto_msgs/include/rto_msgs/rto_msgs/srv/detail/set_gripper_state__struct.h
-- Up-to-date symlink: /home/oscar/robotino_ros2_ws/install/rto_msgs/include/rto_msgs/rto_msgs/srv/detail/set_gripper_state__type_support.h
-- Up-to-date symlink: /home/oscar/robotino_ros2_ws/install/rto_msgs/include/rto_msgs/rto_msgs/srv/detail/set_omni_drive_enabled__functions.h
-- Up-to-date symlink: /home/oscar/robotino_ros2_ws/install/rto_msgs/include/rto_msgs/rto_msgs/srv/detail/set_omni_drive_enabled__struct.h
-- Up-to-date symlink: /home/oscar/robotino_ros2_ws/install/rto_msgs/include/rto_msgs/rto_msgs/srv/detail/set_omni_drive_enabled__type_support.h
-- Up-to-date symlink: /home/oscar/robotino_ros2_ws/install/rto_msgs/include/rto_msgs/rto_msgs/srv/detail/set_vel_limits__functions.h
-- Up-to-date symlink: /home/oscar/robotino_ros2_ws/install/rto_msgs/include/rto_msgs/rto_msgs/srv/detail/set_vel_limits__struct.h
-- Up-to-date symlink: /home/oscar/robotino_ros2_ws/install/rto_msgs/include/rto_msgs/rto_msgs/srv/detail/set_vel_limits__type_support.h
-- Up-to-date symlink: /home/oscar/robotino_ros2_ws/install/rto_msgs/include/rto_msgs/rto_msgs/srv/reset_odometry.h
-- Up-to-date symlink: /home/oscar/robotino_ros2_ws/install/rto_msgs/include/rto_msgs/rto_msgs/srv/set_encoder_position.h
-- Up-to-date symlink: /home/oscar/robotino_ros2_ws/install/rto_msgs/include/rto_msgs/rto_msgs/srv/set_gripper_state.h
-- Up-to-date symlink: /home/oscar/robotino_ros2_ws/install/rto_msgs/include/rto_msgs/rto_msgs/srv/set_omni_drive_enabled.h
-- Up-to-date symlink: /home/oscar/robotino_ros2_ws/install/rto_msgs/include/rto_msgs/rto_msgs/srv/set_vel_limits.h
-- Up-to-date symlink: /home/oscar/robotino_ros2_ws/install/rto_msgs/share/rto_msgs/environment/library_path.sh
-- Up-to-date symlink: /home/oscar/robotino_ros2_ws/install/rto_msgs/share/rto_msgs/environment/library_path.dsv
-- Up-to-date symlink: /home/oscar/robotino_ros2_ws/install/rto_msgs/include/rto_msgs/rto_msgs/msg/detail/analog_readings__rosidl_typesupport_fastrtps_c.h
-- Up-to-date symlink: /home/oscar/robotino_ros2_ws/install/rto_msgs/include/rto_msgs/rto_msgs/msg/detail/digital_readings__rosidl_typesupport_fastrtps_c.h
-- Up-to-date symlink: /home/oscar/robotino_ros2_ws/install/rto_msgs/include/rto_msgs/rto_msgs/msg/detail/encoder_readings__rosidl_typesupport_fastrtps_c.h
-- Up-to-date symlink: /home/oscar/robotino_ros2_ws/install/rto_msgs/include/rto_msgs/rto_msgs/msg/detail/gripper_state__rosidl_typesupport_fastrtps_c.h
-- Up-to-date symlink: /home/oscar/robotino_ros2_ws/install/rto_msgs/include/rto_msgs/rto_msgs/msg/detail/motor_error_readings__rosidl_typesupport_fastrtps_c.h
-- Up-to-date symlink: /home/oscar/robotino_ros2_ws/install/rto_msgs/include/rto_msgs/rto_msgs/msg/detail/motor_readings__rosidl_typesupport_fastrtps_c.h
-- Up-to-date symlink: /home/oscar/robotino_ros2_ws/install/rto_msgs/include/rto_msgs/rto_msgs/msg/detail/power_readings__rosidl_typesupport_fastrtps_c.h
-- Up-to-date symlink: /home/oscar/robotino_ros2_ws/install/rto_msgs/include/rto_msgs/rto_msgs/msg/rosidl_typesupport_fastrtps_c__visibility_control.h
-- Up-to-date symlink: /home/oscar/robotino_ros2_ws/install/rto_msgs/include/rto_msgs/rto_msgs/srv/detail/reset_odometry__rosidl_typesupport_fastrtps_c.h
-- Up-to-date symlink: /home/oscar/robotino_ros2_ws/install/rto_msgs/include/rto_msgs/rto_msgs/srv/detail/set_encoder_position__rosidl_typesupport_fastrtps_c.h
-- Up-to-date symlink: /home/oscar/robotino_ros2_ws/install/rto_msgs/include/rto_msgs/rto_msgs/srv/detail/set_gripper_state__rosidl_typesupport_fastrtps_c.h
-- Up-to-date symlink: /home/oscar/robotino_ros2_ws/install/rto_msgs/include/rto_msgs/rto_msgs/srv/detail/set_omni_drive_enabled__rosidl_typesupport_fastrtps_c.h
-- Up-to-date symlink: /home/oscar/robotino_ros2_ws/install/rto_msgs/include/rto_msgs/rto_msgs/srv/detail/set_vel_limits__rosidl_typesupport_fastrtps_c.h
-- Up-to-date symlink: /home/oscar/robotino_ros2_ws/install/rto_msgs/include/rto_msgs/rto_msgs/msg/detail/analog_readings__rosidl_typesupport_introspection_c.h
-- Up-to-date symlink: /home/oscar/robotino_ros2_ws/install/rto_msgs/include/rto_msgs/rto_msgs/msg/detail/digital_readings__rosidl_typesupport_introspection_c.h
-- Up-to-date symlink: /home/oscar/robotino_ros2_ws/install/rto_msgs/include/rto_msgs/rto_msgs/msg/detail/encoder_readings__rosidl_typesupport_introspection_c.h
-- Up-to-date symlink: /home/oscar/robotino_ros2_ws/install/rto_msgs/include/rto_msgs/rto_msgs/msg/detail/gripper_state__rosidl_typesupport_introspection_c.h
-- Up-to-date symlink: /home/oscar/robotino_ros2_ws/install/rto_msgs/include/rto_msgs/rto_msgs/msg/detail/motor_error_readings__rosidl_typesupport_introspection_c.h
-- Up-to-date symlink: /home/oscar/robotino_ros2_ws/install/rto_msgs/include/rto_msgs/rto_msgs/msg/detail/motor_readings__rosidl_typesupport_introspection_c.h
-- Up-to-date symlink: /home/oscar/robotino_ros2_ws/install/rto_msgs/include/rto_msgs/rto_msgs/msg/detail/power_readings__rosidl_typesupport_introspection_c.h
-- Up-to-date symlink: /home/oscar/robotino_ros2_ws/install/rto_msgs/include/rto_msgs/rto_msgs/msg/rosidl_typesupport_introspection_c__visibility_control.h
-- Up-to-date symlink: /home/oscar/robotino_ros2_ws/install/rto_msgs/include/rto_msgs/rto_msgs/srv/detail/reset_odometry__rosidl_typesupport_introspection_c.h
-- Up-to-date symlink: /home/oscar/robotino_ros2_ws/install/rto_msgs/include/rto_msgs/rto_msgs/srv/detail/set_encoder_position__rosidl_typesupport_introspection_c.h
-- Up-to-date symlink: /home/oscar/robotino_ros2_ws/install/rto_msgs/include/rto_msgs/rto_msgs/srv/detail/set_gripper_state__rosidl_typesupport_introspection_c.h
-- Up-to-date symlink: /home/oscar/robotino_ros2_ws/install/rto_msgs/include/rto_msgs/rto_msgs/srv/detail/set_omni_drive_enabled__rosidl_typesupport_introspection_c.h
-- Up-to-date symlink: /home/oscar/robotino_ros2_ws/install/rto_msgs/include/rto_msgs/rto_msgs/srv/detail/set_vel_limits__rosidl_typesupport_introspection_c.h
-- Up-to-date symlink: /home/oscar/robotino_ros2_ws/install/rto_msgs/include/rto_msgs/rto_msgs/msg/analog_readings.hpp
-- Up-to-date symlink: /home/oscar/robotino_ros2_ws/install/rto_msgs/include/rto_msgs/rto_msgs/msg/detail/analog_readings__builder.hpp
-- Up-to-date symlink: /home/oscar/robotino_ros2_ws/install/rto_msgs/include/rto_msgs/rto_msgs/msg/detail/analog_readings__struct.hpp
-- Up-to-date symlink: /home/oscar/robotino_ros2_ws/install/rto_msgs/include/rto_msgs/rto_msgs/msg/detail/analog_readings__traits.hpp
-- Up-to-date symlink: /home/oscar/robotino_ros2_ws/install/rto_msgs/include/rto_msgs/rto_msgs/msg/detail/analog_readings__type_support.hpp
-- Up-to-date symlink: /home/oscar/robotino_ros2_ws/install/rto_msgs/include/rto_msgs/rto_msgs/msg/detail/digital_readings__builder.hpp
-- Up-to-date symlink: /home/oscar/robotino_ros2_ws/install/rto_msgs/include/rto_msgs/rto_msgs/msg/detail/digital_readings__struct.hpp
-- Up-to-date symlink: /home/oscar/robotino_ros2_ws/install/rto_msgs/include/rto_msgs/rto_msgs/msg/detail/digital_readings__traits.hpp
-- Up-to-date symlink: /home/oscar/robotino_ros2_ws/install/rto_msgs/include/rto_msgs/rto_msgs/msg/detail/digital_readings__type_support.hpp
-- Up-to-date symlink: /home/oscar/robotino_ros2_ws/install/rto_msgs/include/rto_msgs/rto_msgs/msg/detail/encoder_readings__builder.hpp
-- Up-to-date symlink: /home/oscar/robotino_ros2_ws/install/rto_msgs/include/rto_msgs/rto_msgs/msg/detail/encoder_readings__struct.hpp
-- Up-to-date symlink: /home/oscar/robotino_ros2_ws/install/rto_msgs/include/rto_msgs/rto_msgs/msg/detail/encoder_readings__traits.hpp
-- Up-to-date symlink: /home/oscar/robotino_ros2_ws/install/rto_msgs/include/rto_msgs/rto_msgs/msg/detail/encoder_readings__type_support.hpp
-- Up-to-date symlink: /home/oscar/robotino_ros2_ws/install/rto_msgs/include/rto_msgs/rto_msgs/msg/detail/gripper_state__builder.hpp
-- Up-to-date symlink: /home/oscar/robotino_ros2_ws/install/rto_msgs/include/rto_msgs/rto_msgs/msg/detail/gripper_state__struct.hpp
-- Up-to-date symlink: /home/oscar/robotino_ros2_ws/install/rto_msgs/include/rto_msgs/rto_msgs/msg/detail/gripper_state__traits.hpp
-- Up-to-date symlink: /home/oscar/robotino_ros2_ws/install/rto_msgs/include/rto_msgs/rto_msgs/msg/detail/gripper_state__type_support.hpp
-- Up-to-date symlink: /home/oscar/robotino_ros2_ws/install/rto_msgs/include/rto_msgs/rto_msgs/msg/detail/motor_error_readings__builder.hpp
-- Up-to-date symlink: /home/oscar/robotino_ros2_ws/install/rto_msgs/include/rto_msgs/rto_msgs/msg/detail/motor_error_readings__struct.hpp
-- Up-to-date symlink: /home/oscar/robotino_ros2_ws/install/rto_msgs/include/rto_msgs/rto_msgs/msg/detail/motor_error_readings__traits.hpp
-- Up-to-date symlink: /home/oscar/robotino_ros2_ws/install/rto_msgs/include/rto_msgs/rto_msgs/msg/detail/motor_error_readings__type_support.hpp
-- Up-to-date symlink: /home/oscar/robotino_ros2_ws/install/rto_msgs/include/rto_msgs/rto_msgs/msg/detail/motor_readings__builder.hpp
-- Up-to-date symlink: /home/oscar/robotino_ros2_ws/install/rto_msgs/include/rto_msgs/rto_msgs/msg/detail/motor_readings__struct.hpp
-- Up-to-date symlink: /home/oscar/robotino_ros2_ws/install/rto_msgs/include/rto_msgs/rto_msgs/msg/detail/motor_readings__traits.hpp
-- Up-to-date symlink: /home/oscar/robotino_ros2_ws/install/rto_msgs/include/rto_msgs/rto_msgs/msg/detail/motor_readings__type_support.hpp
-- Up-to-date symlink: /home/oscar/robotino_ros2_ws/install/rto_msgs/include/rto_msgs/rto_msgs/msg/detail/power_readings__builder.hpp
-- Up-to-date symlink: /home/oscar/robotino_ros2_ws/install/rto_msgs/include/rto_msgs/rto_msgs/msg/detail/power_readings__struct.hpp
-- Up-to-date symlink: /home/oscar/robotino_ros2_ws/install/rto_msgs/include/rto_msgs/rto_msgs/msg/detail/power_readings__traits.hpp
-- Up-to-date symlink: /home/oscar/robotino_ros2_ws/install/rto_msgs/include/rto_msgs/rto_msgs/msg/detail/power_readings__type_support.hpp
-- Up-to-date symlink: /home/oscar/robotino_ros2_ws/install/rto_msgs/include/rto_msgs/rto_msgs/msg/digital_readings.hpp
-- Up-to-date symlink: /home/oscar/robotino_ros2_ws/install/rto_msgs/include/rto_msgs/rto_msgs/msg/encoder_readings.hpp
-- Up-to-date symlink: /home/oscar/robotino_ros2_ws/install/rto_msgs/include/rto_msgs/rto_msgs/msg/gripper_state.hpp
-- Up-to-date symlink: /home/oscar/robotino_ros2_ws/install/rto_msgs/include/rto_msgs/rto_msgs/msg/motor_error_readings.hpp
-- Up-to-date symlink: /home/oscar/robotino_ros2_ws/install/rto_msgs/include/rto_msgs/rto_msgs/msg/motor_readings.hpp
-- Up-to-date symlink: /home/oscar/robotino_ros2_ws/install/rto_msgs/include/rto_msgs/rto_msgs/msg/power_readings.hpp
-- Up-to-date symlink: /home/oscar/robotino_ros2_ws/install/rto_msgs/include/rto_msgs/rto_msgs/msg/rosidl_generator_cpp__visibility_control.hpp
-- Up-to-date symlink: /home/oscar/robotino_ros2_ws/install/rto_msgs/include/rto_msgs/rto_msgs/srv/detail/reset_odometry__builder.hpp
-- Up-to-date symlink: /home/oscar/robotino_ros2_ws/install/rto_msgs/include/rto_msgs/rto_msgs/srv/detail/reset_odometry__struct.hpp
-- Up-to-date symlink: /home/oscar/robotino_ros2_ws/install/rto_msgs/include/rto_msgs/rto_msgs/srv/detail/reset_odometry__traits.hpp
-- Up-to-date symlink: /home/oscar/robotino_ros2_ws/install/rto_msgs/include/rto_msgs/rto_msgs/srv/detail/reset_odometry__type_support.hpp
-- Up-to-date symlink: /home/oscar/robotino_ros2_ws/install/rto_msgs/include/rto_msgs/rto_msgs/srv/detail/set_encoder_position__builder.hpp
-- Up-to-date symlink: /home/oscar/robotino_ros2_ws/install/rto_msgs/include/rto_msgs/rto_msgs/srv/detail/set_encoder_position__struct.hpp
-- Up-to-date symlink: /home/oscar/robotino_ros2_ws/install/rto_msgs/include/rto_msgs/rto_msgs/srv/detail/set_encoder_position__traits.hpp
-- Up-to-date symlink: /home/oscar/robotino_ros2_ws/install/rto_msgs/include/rto_msgs/rto_msgs/srv/detail/set_encoder_position__type_support.hpp
-- Up-to-date symlink: /home/oscar/robotino_ros2_ws/install/rto_msgs/include/rto_msgs/rto_msgs/srv/detail/set_gripper_state__builder.hpp
-- Up-to-date symlink: /home/oscar/robotino_ros2_ws/install/rto_msgs/include/rto_msgs/rto_msgs/srv/detail/set_gripper_state__struct.hpp
-- Up-to-date symlink: /home/oscar/robotino_ros2_ws/install/rto_msgs/include/rto_msgs/rto_msgs/srv/detail/set_gripper_state__traits.hpp
-- Up-to-date symlink: /home/oscar/robotino_ros2_ws/install/rto_msgs/include/rto_msgs/rto_msgs/srv/detail/set_gripper_state__type_support.hpp
-- Up-to-date symlink: /home/oscar/robotino_ros2_ws/install/rto_msgs/include/rto_msgs/rto_msgs/srv/detail/set_omni_drive_enabled__builder.hpp
-- Up-to-date symlink: /home/oscar/robotino_ros2_ws/install/rto_msgs/include/rto_msgs/rto_msgs/srv/detail/set_omni_drive_enabled__struct.hpp
-- Up-to-date symlink: /home/oscar/robotino_ros2_ws/install/rto_msgs/include/rto_msgs/rto_msgs/srv/detail/set_omni_drive_enabled__traits.hpp
-- Up-to-date symlink: /home/oscar/robotino_ros2_ws/install/rto_msgs/include/rto_msgs/rto_msgs/srv/detail/set_omni_drive_enabled__type_support.hpp
-- Up-to-date symlink: /home/oscar/robotino_ros2_ws/install/rto_msgs/include/rto_msgs/rto_msgs/srv/detail/set_vel_limits__builder.hpp
-- Up-to-date symlink: /home/oscar/robotino_ros2_ws/install/rto_msgs/include/rto_msgs/rto_msgs/srv/detail/set_vel_limits__struct.hpp
-- Up-to-date symlink: /home/oscar/robotino_ros2_ws/install/rto_msgs/include/rto_msgs/rto_msgs/srv/detail/set_vel_limits__traits.hpp
-- Up-to-date symlink: /home/oscar/robotino_ros2_ws/install/rto_msgs/include/rto_msgs/rto_msgs/srv/detail/set_vel_limits__type_support.hpp
-- Up-to-date symlink: /home/oscar/robotino_ros2_ws/install/rto_msgs/include/rto_msgs/rto_msgs/srv/reset_odometry.hpp
-- Up-to-date symlink: /home/oscar/robotino_ros2_ws/install/rto_msgs/include/rto_msgs/rto_msgs/srv/set_encoder_position.hpp
-- Up-to-date symlink: /home/oscar/robotino_ros2_ws/install/rto_msgs/include/rto_msgs/rto_msgs/srv/set_gripper_state.hpp
-- Up-to-date symlink: /home/oscar/robotino_ros2_ws/install/rto_msgs/include/rto_msgs/rto_msgs/srv/set_omni_drive_enabled.hpp
-- Up-to-date symlink: /home/oscar/robotino_ros2_ws/install/rto_msgs/include/rto_msgs/rto_msgs/srv/set_vel_limits.hpp
-- Up-to-date symlink: /home/oscar/robotino_ros2_ws/install/rto_msgs/include/rto_msgs/rto_msgs/msg/detail/analog_readings__rosidl_typesupport_fastrtps_cpp.hpp
-- Up-to-date symlink: /home/oscar/robotino_ros2_ws/install/rto_msgs/include/rto_msgs/rto_msgs/msg/detail/digital_readings__rosidl_typesupport_fastrtps_cpp.hpp
-- Up-to-date symlink: /home/oscar/robotino_ros2_ws/install/rto_msgs/include/rto_msgs/rto_msgs/msg/detail/encoder_readings__rosidl_typesupport_fastrtps_cpp.hpp
-- Up-to-date symlink: /home/oscar/robotino_ros2_ws/install/rto_msgs/include/rto_msgs/rto_msgs/msg/detail/gripper_state__rosidl_typesupport_fastrtps_cpp.hpp
-- Up-to-date symlink: /home/oscar/robotino_ros2_ws/install/rto_msgs/include/rto_msgs/rto_msgs/msg/detail/motor_error_readings__rosidl_typesupport_fastrtps_cpp.hpp
-- Up-to-date symlink: /home/oscar/robotino_ros2_ws/install/rto_msgs/include/rto_msgs/rto_msgs/msg/detail/motor_readings__rosidl_typesupport_fastrtps_cpp.hpp
-- Up-to-date symlink: /home/oscar/robotino_ros2_ws/install/rto_msgs/include/rto_msgs/rto_msgs/msg/detail/power_readings__rosidl_typesupport_fastrtps_cpp.hpp
-- Up-to-date symlink: /home/oscar/robotino_ros2_ws/install/rto_msgs/include/rto_msgs/rto_msgs/msg/rosidl_typesupport_fastrtps_cpp__visibility_control.h
-- Up-to-date symlink: /home/oscar/robotino_ros2_ws/install/rto_msgs/include/rto_msgs/rto_msgs/srv/detail/reset_odometry__rosidl_typesupport_fastrtps_cpp.hpp
-- Up-to-date symlink: /home/oscar/robotino_ros2_ws/install/rto_msgs/include/rto_msgs/rto_msgs/srv/detail/set_encoder_position__rosidl_typesupport_fastrtps_cpp.hpp
-- Up-to-date symlink: /home/oscar/robotino_ros2_ws/install/rto_msgs/include/rto_msgs/rto_msgs/srv/detail/set_gripper_state__rosidl_typesupport_fastrtps_cpp.hpp
-- Up-to-date symlink: /home/oscar/robotino_ros2_ws/install/rto_msgs/include/rto_msgs/rto_msgs/srv/detail/set_omni_drive_enabled__rosidl_typesupport_fastrtps_cpp.hpp
-- Up-to-date symlink: /home/oscar/robotino_ros2_ws/install/rto_msgs/include/rto_msgs/rto_msgs/srv/detail/set_vel_limits__rosidl_typesupport_fastrtps_cpp.hpp
-- Up-to-date symlink: /home/oscar/robotino_ros2_ws/install/rto_msgs/include/rto_msgs/rto_msgs/msg/detail/analog_readings__rosidl_typesupport_introspection_cpp.hpp
-- Up-to-date symlink: /home/oscar/robotino_ros2_ws/install/rto_msgs/include/rto_msgs/rto_msgs/msg/detail/digital_readings__rosidl_typesupport_introspection_cpp.hpp
-- Up-to-date symlink: /home/oscar/robotino_ros2_ws/install/rto_msgs/include/rto_msgs/rto_msgs/msg/detail/encoder_readings__rosidl_typesupport_introspection_cpp.hpp
-- Up-to-date symlink: /home/oscar/robotino_ros2_ws/install/rto_msgs/include/rto_msgs/rto_msgs/msg/detail/gripper_state__rosidl_typesupport_introspection_cpp.hpp
-- Up-to-date symlink: /home/oscar/robotino_ros2_ws/install/rto_msgs/include/rto_msgs/rto_msgs/msg/detail/motor_error_readings__rosidl_typesupport_introspection_cpp.hpp
-- Up-to-date symlink: /home/oscar/robotino_ros2_ws/install/rto_msgs/include/rto_msgs/rto_msgs/msg/detail/motor_readings__rosidl_typesupport_introspection_cpp.hpp
-- Up-to-date symlink: /home/oscar/robotino_ros2_ws/install/rto_msgs/include/rto_msgs/rto_msgs/msg/detail/power_readings__rosidl_typesupport_introspection_cpp.hpp
-- Up-to-date symlink: /home/oscar/robotino_ros2_ws/install/rto_msgs/include/rto_msgs/rto_msgs/srv/detail/reset_odometry__rosidl_typesupport_introspection_cpp.hpp
-- Up-to-date symlink: /home/oscar/robotino_ros2_ws/install/rto_msgs/include/rto_msgs/rto_msgs/srv/detail/set_encoder_position__rosidl_typesupport_introspection_cpp.hpp
-- Up-to-date symlink: /home/oscar/robotino_ros2_ws/install/rto_msgs/include/rto_msgs/rto_msgs/srv/detail/set_gripper_state__rosidl_typesupport_introspection_cpp.hpp
-- Up-to-date symlink: /home/oscar/robotino_ros2_ws/install/rto_msgs/include/rto_msgs/rto_msgs/srv/detail/set_omni_drive_enabled__rosidl_typesupport_introspection_cpp.hpp
-- Up-to-date symlink: /home/oscar/robotino_ros2_ws/install/rto_msgs/include/rto_msgs/rto_msgs/srv/detail/set_vel_limits__rosidl_typesupport_introspection_cpp.hpp
-- Up-to-date symlink: /home/oscar/robotino_ros2_ws/install/rto_msgs/share/rto_msgs/environment/pythonpath.sh
-- Up-to-date symlink: /home/oscar/robotino_ros2_ws/install/rto_msgs/share/rto_msgs/environment/pythonpath.dsv
-- Up-to-date symlink: /home/oscar/robotino_ros2_ws/install/rto_msgs/lib/python3.12/site-packages/rto_msgs-0.0.0-py3.12.egg-info/PKG-INFO
-- Up-to-date symlink: /home/oscar/robotino_ros2_ws/install/rto_msgs/lib/python3.12/site-packages/rto_msgs-0.0.0-py3.12.egg-info/SOURCES.txt
-- Up-to-date symlink: /home/oscar/robotino_ros2_ws/install/rto_msgs/lib/python3.12/site-packages/rto_msgs-0.0.0-py3.12.egg-info/dependency_links.txt
-- Up-to-date symlink: /home/oscar/robotino_ros2_ws/install/rto_msgs/lib/python3.12/site-packages/rto_msgs-0.0.0-py3.12.egg-info/top_level.txt
-- Up-to-date symlink: /home/oscar/robotino_ros2_ws/install/rto_msgs/lib/python3.12/site-packages/rto_msgs/__init__.py
-- Up-to-date symlink: /home/oscar/robotino_ros2_ws/install/rto_msgs/lib/python3.12/site-packages/rto_msgs/_rto_msgs_s.ep.rosidl_typesupport_c.c
-- Up-to-date symlink: /home/oscar/robotino_ros2_ws/install/rto_msgs/lib/python3.12/site-packages/rto_msgs/_rto_msgs_s.ep.rosidl_typesupport_fastrtps_c.c
-- Up-to-date symlink: /home/oscar/robotino_ros2_ws/install/rto_msgs/lib/python3.12/site-packages/rto_msgs/_rto_msgs_s.ep.rosidl_typesupport_introspection_c.c
-- Up-to-date symlink: /home/oscar/robotino_ros2_ws/install/rto_msgs/lib/python3.12/site-packages/rto_msgs/msg/__init__.py
-- Up-to-date symlink: /home/oscar/robotino_ros2_ws/install/rto_msgs/lib/python3.12/site-packages/rto_msgs/msg/_analog_readings.py
-- Up-to-date symlink: /home/oscar/robotino_ros2_ws/install/rto_msgs/lib/python3.12/site-packages/rto_msgs/msg/_analog_readings_s.c
-- Up-to-date symlink: /home/oscar/robotino_ros2_ws/install/rto_msgs/lib/python3.12/site-packages/rto_msgs/msg/_digital_readings.py
-- Up-to-date symlink: /home/oscar/robotino_ros2_ws/install/rto_msgs/lib/python3.12/site-packages/rto_msgs/msg/_digital_readings_s.c
-- Up-to-date symlink: /home/oscar/robotino_ros2_ws/install/rto_msgs/lib/python3.12/site-packages/rto_msgs/msg/_encoder_readings.py
-- Up-to-date symlink: /home/oscar/robotino_ros2_ws/install/rto_msgs/lib/python3.12/site-packages/rto_msgs/msg/_encoder_readings_s.c
-- Up-to-date symlink: /home/oscar/robotino_ros2_ws/install/rto_msgs/lib/python3.12/site-packages/rto_msgs/msg/_gripper_state.py
-- Up-to-date symlink: /home/oscar/robotino_ros2_ws/install/rto_msgs/lib/python3.12/site-packages/rto_msgs/msg/_gripper_state_s.c
-- Up-to-date symlink: /home/oscar/robotino_ros2_ws/install/rto_msgs/lib/python3.12/site-packages/rto_msgs/msg/_motor_error_readings.py
-- Up-to-date symlink: /home/oscar/robotino_ros2_ws/install/rto_msgs/lib/python3.12/site-packages/rto_msgs/msg/_motor_error_readings_s.c
-- Up-to-date symlink: /home/oscar/robotino_ros2_ws/install/rto_msgs/lib/python3.12/site-packages/rto_msgs/msg/_motor_readings.py
-- Up-to-date symlink: /home/oscar/robotino_ros2_ws/install/rto_msgs/lib/python3.12/site-packages/rto_msgs/msg/_motor_readings_s.c
-- Up-to-date symlink: /home/oscar/robotino_ros2_ws/install/rto_msgs/lib/python3.12/site-packages/rto_msgs/msg/_power_readings.py
-- Up-to-date symlink: /home/oscar/robotino_ros2_ws/install/rto_msgs/lib/python3.12/site-packages/rto_msgs/msg/_power_readings_s.c
-- Up-to-date symlink: /home/oscar/robotino_ros2_ws/install/rto_msgs/lib/python3.12/site-packages/rto_msgs/rto_msgs_s__rosidl_typesupport_c.so
-- Up-to-date symlink: /home/oscar/robotino_ros2_ws/install/rto_msgs/lib/python3.12/site-packages/rto_msgs/rto_msgs_s__rosidl_typesupport_fastrtps_c.so
-- Up-to-date symlink: /home/oscar/robotino_ros2_ws/install/rto_msgs/lib/python3.12/site-packages/rto_msgs/rto_msgs_s__rosidl_typesupport_introspection_c.so
-- Up-to-date symlink: /home/oscar/robotino_ros2_ws/install/rto_msgs/lib/python3.12/site-packages/rto_msgs/srv/__init__.py
-- Up-to-date symlink: /home/oscar/robotino_ros2_ws/install/rto_msgs/lib/python3.12/site-packages/rto_msgs/srv/_reset_odometry.py
-- Up-to-date symlink: /home/oscar/robotino_ros2_ws/install/rto_msgs/lib/python3.12/site-packages/rto_msgs/srv/_reset_odometry_s.c
-- Up-to-date symlink: /home/oscar/robotino_ros2_ws/install/rto_msgs/lib/python3.12/site-packages/rto_msgs/srv/_set_encoder_position.py
-- Up-to-date symlink: /home/oscar/robotino_ros2_ws/install/rto_msgs/lib/python3.12/site-packages/rto_msgs/srv/_set_encoder_position_s.c
-- Up-to-date symlink: /home/oscar/robotino_ros2_ws/install/rto_msgs/lib/python3.12/site-packages/rto_msgs/srv/_set_gripper_state.py
-- Up-to-date symlink: /home/oscar/robotino_ros2_ws/install/rto_msgs/lib/python3.12/site-packages/rto_msgs/srv/_set_gripper_state_s.c
-- Up-to-date symlink: /home/oscar/robotino_ros2_ws/install/rto_msgs/lib/python3.12/site-packages/rto_msgs/srv/_set_omni_drive_enabled.py
-- Up-to-date symlink: /home/oscar/robotino_ros2_ws/install/rto_msgs/lib/python3.12/site-packages/rto_msgs/srv/_set_omni_drive_enabled_s.c
-- Up-to-date symlink: /home/oscar/robotino_ros2_ws/install/rto_msgs/lib/python3.12/site-packages/rto_msgs/srv/_set_vel_limits.py
-- Up-to-date symlink: /home/oscar/robotino_ros2_ws/install/rto_msgs/lib/python3.12/site-packages/rto_msgs/srv/_set_vel_limits_s.c
-- Up-to-date symlink: /home/oscar/robotino_ros2_ws/install/rto_msgs/lib/python3.12/site-packages/rto_msgs/rto_msgs_s__rosidl_typesupport_fastrtps_c.so
-- Up-to-date symlink: /home/oscar/robotino_ros2_ws/install/rto_msgs/lib/python3.12/site-packages/rto_msgs/rto_msgs_s__rosidl_typesupport_introspection_c.so
-- Up-to-date symlink: /home/oscar/robotino_ros2_ws/install/rto_msgs/lib/python3.12/site-packages/rto_msgs/rto_msgs_s__rosidl_typesupport_c.so
-- Up-to-date symlink: /home/oscar/robotino_ros2_ws/install/rto_msgs/share/rto_msgs/msg/AnalogReadings.idl
-- Up-to-date symlink: /home/oscar/robotino_ros2_ws/install/rto_msgs/share/rto_msgs/msg/DigitalReadings.idl
-- Up-to-date symlink: /home/oscar/robotino_ros2_ws/install/rto_msgs/share/rto_msgs/msg/EncoderReadings.idl
-- Up-to-date symlink: /home/oscar/robotino_ros2_ws/install/rto_msgs/share/rto_msgs/msg/GripperState.idl
-- Up-to-date symlink: /home/oscar/robotino_ros2_ws/install/rto_msgs/share/rto_msgs/msg/MotorReadings.idl
-- Up-to-date symlink: /home/oscar/robotino_ros2_ws/install/rto_msgs/share/rto_msgs/msg/MotorErrorReadings.idl
-- Up-to-date symlink: /home/oscar/robotino_ros2_ws/install/rto_msgs/share/rto_msgs/msg/PowerReadings.idl
-- Up-to-date symlink: /home/oscar/robotino_ros2_ws/install/rto_msgs/share/rto_msgs/srv/ResetOdometry.idl
-- Up-to-date symlink: /home/oscar/robotino_ros2_ws/install/rto_msgs/share/rto_msgs/srv/SetEncoderPosition.idl
-- Up-to-date symlink: /home/oscar/robotino_ros2_ws/install/rto_msgs/share/rto_msgs/srv/SetGripperState.idl
-- Up-to-date symlink: /home/oscar/robotino_ros2_ws/install/rto_msgs/share/rto_msgs/srv/SetOmniDriveEnabled.idl
-- Up-to-date symlink: /home/oscar/robotino_ros2_ws/install/rto_msgs/share/rto_msgs/srv/SetVelLimits.idl
-- Up-to-date symlink: /home/oscar/robotino_ros2_ws/install/rto_msgs/share/rto_msgs/msg/AnalogReadings.msg
-- Up-to-date symlink: /home/oscar/robotino_ros2_ws/install/rto_msgs/share/rto_msgs/msg/DigitalReadings.msg
-- Up-to-date symlink: /home/oscar/robotino_ros2_ws/install/rto_msgs/share/rto_msgs/msg/EncoderReadings.msg
-- Up-to-date symlink: /home/oscar/robotino_ros2_ws/install/rto_msgs/share/rto_msgs/msg/GripperState.msg
-- Up-to-date symlink: /home/oscar/robotino_ros2_ws/install/rto_msgs/share/rto_msgs/msg/MotorReadings.msg
-- Up-to-date symlink: /home/oscar/robotino_ros2_ws/install/rto_msgs/share/rto_msgs/msg/MotorErrorReadings.msg
-- Up-to-date symlink: /home/oscar/robotino_ros2_ws/install/rto_msgs/share/rto_msgs/msg/PowerReadings.msg
-- Up-to-date symlink: /home/oscar/robotino_ros2_ws/install/rto_msgs/share/rto_msgs/srv/ResetOdometry.srv
-- Up-to-date symlink: /home/oscar/robotino_ros2_ws/install/rto_msgs/share/rto_msgs/srv/SetEncoderPosition.srv
-- Up-to-date symlink: /home/oscar/robotino_ros2_ws/install/rto_msgs/share/rto_msgs/srv/SetGripperState.srv
-- Up-to-date symlink: /home/oscar/robotino_ros2_ws/install/rto_msgs/share/rto_msgs/srv/SetOmniDriveEnabled.srv
-- Up-to-date symlink: /home/oscar/robotino_ros2_ws/install/rto_msgs/share/rto_msgs/srv/SetVelLimits.srv
-- Up-to-date symlink: /home/oscar/robotino_ros2_ws/install/rto_msgs/share/ament_index/resource_index/package_run_dependencies/rto_msgs
-- Up-to-date symlink: /home/oscar/robotino_ros2_ws/install/rto_msgs/share/ament_index/resource_index/parent_prefix_path/rto_msgs
-- Up-to-date symlink: /home/oscar/robotino_ros2_ws/install/rto_msgs/share/rto_msgs/environment/ament_prefix_path.sh
-- Up-to-date symlink: /home/oscar/robotino_ros2_ws/install/rto_msgs/share/rto_msgs/environment/ament_prefix_path.dsv
-- Up-to-date symlink: /home/oscar/robotino_ros2_ws/install/rto_msgs/share/rto_msgs/environment/path.sh
-- Up-to-date symlink: /home/oscar/robotino_ros2_ws/install/rto_msgs/share/rto_msgs/environment/path.dsv
-- Up-to-date symlink: /home/oscar/robotino_ros2_ws/install/rto_msgs/share/rto_msgs/local_setup.bash
-- Up-to-date symlink: /home/oscar/robotino_ros2_ws/install/rto_msgs/share/rto_msgs/local_setup.sh
-- Up-to-date symlink: /home/oscar/robotino_ros2_ws/install/rto_msgs/share/rto_msgs/local_setup.zsh
-- Up-to-date symlink: /home/oscar/robotino_ros2_ws/install/rto_msgs/share/rto_msgs/local_setup.dsv
-- Symlinking: /home/oscar/robotino_ros2_ws/install/rto_msgs/share/rto_msgs/package.dsv
-- Up-to-date symlink: /home/oscar/robotino_ros2_ws/install/rto_msgs/share/ament_index/resource_index/packages/rto_msgs
-- Up-to-date symlink: /home/oscar/robotino_ros2_ws/install/rto_msgs/share/rto_msgs/cmake/rosidl_cmake-extras.cmake
-- Up-to-date symlink: /home/oscar/robotino_ros2_ws/install/rto_msgs/share/rto_msgs/cmake/ament_cmake_export_dependencies-extras.cmake
-- Up-to-date symlink: /home/oscar/robotino_ros2_ws/install/rto_msgs/share/rto_msgs/cmake/ament_cmake_export_include_directories-extras.cmake
-- Up-to-date symlink: /home/oscar/robotino_ros2_ws/install/rto_msgs/share/rto_msgs/cmake/ament_cmake_export_libraries-extras.cmake
-- Up-to-date symlink: /home/oscar/robotino_ros2_ws/install/rto_msgs/share/rto_msgs/cmake/ament_cmake_export_targets-extras.cmake
-- Up-to-date symlink: /home/oscar/robotino_ros2_ws/install/rto_msgs/share/rto_msgs/cmake/rosidl_cmake_export_typesupport_targets-extras.cmake
-- Up-to-date symlink: /home/oscar/robotino_ros2_ws/install/rto_msgs/share/rto_msgs/cmake/rosidl_cmake_export_typesupport_libraries-extras.cmake
-- Up-to-date symlink: /home/oscar/robotino_ros2_ws/install/rto_msgs/share/rto_msgs/cmake/rto_msgsConfig.cmake
-- Up-to-date symlink: /home/oscar/robotino_ros2_ws/install/rto_msgs/share/rto_msgs/cmake/rto_msgsConfig-version.cmake
-- Up-to-date symlink: /home/oscar/robotino_ros2_ws/install/rto_msgs/share/rto_msgs/package.xml
-- Up-to-date: /home/oscar/robotino_ros2_ws/install/rto_msgs/lib/librto_msgs__rosidl_generator_c.so
-- Up-to-date: /home/oscar/robotino_ros2_ws/install/rto_msgs/lib/librto_msgs__rosidl_typesupport_fastrtps_c.so
-- Up-to-date: /home/oscar/robotino_ros2_ws/install/rto_msgs/lib/librto_msgs__rosidl_typesupport_introspection_c.so
-- Up-to-date: /home/oscar/robotino_ros2_ws/install/rto_msgs/lib/librto_msgs__rosidl_typesupport_c.so
-- Up-to-date: /home/oscar/robotino_ros2_ws/install/rto_msgs/lib/librto_msgs__rosidl_typesupport_fastrtps_cpp.so
-- Up-to-date: /home/oscar/robotino_ros2_ws/install/rto_msgs/lib/librto_msgs__rosidl_typesupport_introspection_cpp.so
-- Up-to-date: /home/oscar/robotino_ros2_ws/install/rto_msgs/lib/librto_msgs__rosidl_typesupport_cpp.so
Listing '/home/oscar/robotino_ros2_ws/install/rto_msgs/lib/python3.12/site-packages/rto_msgs'...
Compiling '/home/oscar/robotino_ros2_ws/install/rto_msgs/lib/python3.12/site-packages/rto_msgs/__init__.py'...
Listing '/home/oscar/robotino_ros2_ws/install/rto_msgs/lib/python3.12/site-packages/rto_msgs/msg'...
Listing '/home/oscar/robotino_ros2_ws/install/rto_msgs/lib/python3.12/site-packages/rto_msgs/srv'...
-- Up-to-date: /home/oscar/robotino_ros2_ws/install/rto_msgs/lib/librto_msgs__rosidl_generator_py.so
-- Up-to-date: /home/oscar/robotino_ros2_ws/install/rto_msgs/share/rto_msgs/cmake/export_rto_msgs__rosidl_generator_cExport.cmake
-- Up-to-date: /home/oscar/robotino_ros2_ws/install/rto_msgs/share/rto_msgs/cmake/export_rto_msgs__rosidl_generator_cExport-noconfig.cmake
-- Up-to-date: /home/oscar/robotino_ros2_ws/install/rto_msgs/share/rto_msgs/cmake/export_rto_msgs__rosidl_typesupport_fastrtps_cExport.cmake
-- Up-to-date: /home/oscar/robotino_ros2_ws/install/rto_msgs/share/rto_msgs/cmake/export_rto_msgs__rosidl_typesupport_fastrtps_cExport-noconfig.cmake
-- Up-to-date: /home/oscar/robotino_ros2_ws/install/rto_msgs/share/rto_msgs/cmake/rto_msgs__rosidl_typesupport_introspection_cExport.cmake
-- Up-to-date: /home/oscar/robotino_ros2_ws/install/rto_msgs/share/rto_msgs/cmake/rto_msgs__rosidl_typesupport_introspection_cExport-noconfig.cmake
-- Up-to-date: /home/oscar/robotino_ros2_ws/install/rto_msgs/share/rto_msgs/cmake/rto_msgs__rosidl_typesupport_cExport.cmake
-- Up-to-date: /home/oscar/robotino_ros2_ws/install/rto_msgs/share/rto_msgs/cmake/rto_msgs__rosidl_typesupport_cExport-noconfig.cmake
-- Up-to-date: /home/oscar/robotino_ros2_ws/install/rto_msgs/share/rto_msgs/cmake/export_rto_msgs__rosidl_generator_cppExport.cmake
-- Up-to-date: /home/oscar/robotino_ros2_ws/install/rto_msgs/share/rto_msgs/cmake/export_rto_msgs__rosidl_typesupport_fastrtps_cppExport.cmake
-- Up-to-date: /home/oscar/robotino_ros2_ws/install/rto_msgs/share/rto_msgs/cmake/export_rto_msgs__rosidl_typesupport_fastrtps_cppExport-noconfig.cmake
-- Up-to-date: /home/oscar/robotino_ros2_ws/install/rto_msgs/share/rto_msgs/cmake/rto_msgs__rosidl_typesupport_introspection_cppExport.cmake
-- Up-to-date: /home/oscar/robotino_ros2_ws/install/rto_msgs/share/rto_msgs/cmake/rto_msgs__rosidl_typesupport_introspection_cppExport-noconfig.cmake
-- Up-to-date: /home/oscar/robotino_ros2_ws/install/rto_msgs/share/rto_msgs/cmake/rto_msgs__rosidl_typesupport_cppExport.cmake
-- Up-to-date: /home/oscar/robotino_ros2_ws/install/rto_msgs/share/rto_msgs/cmake/rto_msgs__rosidl_typesupport_cppExport-noconfig.cmake
-- Up-to-date: /home/oscar/robotino_ros2_ws/install/rto_msgs/share/rto_msgs/cmake/export_rto_msgs__rosidl_generator_pyExport.cmake
-- Up-to-date: /home/oscar/robotino_ros2_ws/install/rto_msgs/share/rto_msgs/cmake/export_rto_msgs__rosidl_generator_pyExport-noconfig.cmake
