[0.184s] DEBUG:colcon:Command line arguments: ['/usr/bin/colcon', 'build', '--symlink-install']
[0.185s] DEBUG:colcon:Parsed command line arguments: Namespace(log_base=None, log_level=None, verb_name='build', build_base='build', install_base='install', merge_install=False, symlink_install=True, test_result_base=None, continue_on_error=False, executor='parallel', parallel_workers=8, event_handlers=None, ignore_user_meta=False, metas=['./colcon.meta'], base_paths=['.'], packages_ignore=None, packages_ignore_regex=None, paths=None, packages_up_to=None, packages_up_to_regex=None, packages_above=None, packages_above_and_dependencies=None, packages_above_depth=None, packages_select_by_dep=None, packages_skip_by_dep=None, packages_skip_up_to=None, packages_select_build_failed=False, packages_skip_build_finished=False, packages_select_test_failures=False, packages_skip_test_passed=False, packages_select=None, packages_skip=None, packages_select_regex=None, packages_skip_regex=None, packages_start=None, packages_end=None, allow_overriding=[], cmake_args=None, cmake_target=None, cmake_target_skip_unavailable=False, cmake_clean_cache=False, cmake_clean_first=False, cmake_force_configure=False, ament_cmake_args=None, catkin_cmake_args=None, catkin_skip_building_tests=False, mixin_files=None, mixin=None, verb_parser=<colcon_mixin.mixin.mixin_argument.MixinArgumentDecorator object at 0x7c468b6fc3e0>, verb_extension=<colcon_core.verb.build.BuildVerb object at 0x7c468b61c9e0>, main=<bound method BuildVerb.main of <colcon_core.verb.build.BuildVerb object at 0x7c468b61c9e0>>, mixin_verb=('build',))
[0.225s] Level 1:colcon.colcon_core.package_discovery:discover_packages(colcon_meta) check parameters
[0.225s] Level 1:colcon.colcon_core.package_discovery:discover_packages(recursive) check parameters
[0.225s] Level 1:colcon.colcon_core.package_discovery:discover_packages(ignore) check parameters
[0.225s] Level 1:colcon.colcon_core.package_discovery:discover_packages(path) check parameters
[0.225s] Level 1:colcon.colcon_core.package_discovery:discover_packages(colcon_meta) discover
[0.225s] Level 1:colcon.colcon_core.package_discovery:discover_packages(recursive) discover
[0.225s] INFO:colcon.colcon_core.package_discovery:Crawling recursively for packages in '/home/oscar/robotino_ros2_ws'
[0.225s] Level 1:colcon.colcon_core.package_identification:_identify(.) by extensions ['ignore', 'ignore_ament_install']
[0.225s] Level 1:colcon.colcon_core.package_identification:_identify(.) by extension 'ignore'
[0.225s] Level 1:colcon.colcon_core.package_identification:_identify(.) by extension 'ignore_ament_install'
[0.225s] Level 1:colcon.colcon_core.package_identification:_identify(.) by extensions ['colcon_pkg']
[0.225s] Level 1:colcon.colcon_core.package_identification:_identify(.) by extension 'colcon_pkg'
[0.225s] Level 1:colcon.colcon_core.package_identification:_identify(.) by extensions ['colcon_meta']
[0.226s] Level 1:colcon.colcon_core.package_identification:_identify(.) by extension 'colcon_meta'
[0.226s] Level 1:colcon.colcon_core.package_identification:_identify(.) by extensions ['ros']
[0.226s] Level 1:colcon.colcon_core.package_identification:_identify(.) by extension 'ros'
[0.248s] Level 1:colcon.colcon_core.package_identification:_identify(.) by extensions ['cmake', 'python']
[0.248s] Level 1:colcon.colcon_core.package_identification:_identify(.) by extension 'cmake'
[0.248s] Level 1:colcon.colcon_core.package_identification:_identify(.) by extension 'python'
[0.248s] Level 1:colcon.colcon_core.package_identification:_identify(.) by extensions ['python_setup_py']
[0.248s] Level 1:colcon.colcon_core.package_identification:_identify(.) by extension 'python_setup_py'
[0.248s] Level 1:colcon.colcon_core.package_identification:_identify(build) by extensions ['ignore', 'ignore_ament_install']
[0.249s] Level 1:colcon.colcon_core.package_identification:_identify(build) by extension 'ignore'
[0.249s] Level 1:colcon.colcon_core.package_identification:_identify(build) ignored
[0.249s] Level 1:colcon.colcon_core.package_identification:_identify(install) by extensions ['ignore', 'ignore_ament_install']
[0.249s] Level 1:colcon.colcon_core.package_identification:_identify(install) by extension 'ignore'
[0.249s] Level 1:colcon.colcon_core.package_identification:_identify(install) ignored
[0.249s] Level 1:colcon.colcon_core.package_identification:_identify(log) by extensions ['ignore', 'ignore_ament_install']
[0.249s] Level 1:colcon.colcon_core.package_identification:_identify(log) by extension 'ignore'
[0.249s] Level 1:colcon.colcon_core.package_identification:_identify(log) ignored
[0.249s] Level 1:colcon.colcon_core.package_identification:_identify(src) by extensions ['ignore', 'ignore_ament_install']
[0.249s] Level 1:colcon.colcon_core.package_identification:_identify(src) by extension 'ignore'
[0.249s] Level 1:colcon.colcon_core.package_identification:_identify(src) by extension 'ignore_ament_install'
[0.249s] Level 1:colcon.colcon_core.package_identification:_identify(src) by extensions ['colcon_pkg']
[0.249s] Level 1:colcon.colcon_core.package_identification:_identify(src) by extension 'colcon_pkg'
[0.249s] Level 1:colcon.colcon_core.package_identification:_identify(src) by extensions ['colcon_meta']
[0.249s] Level 1:colcon.colcon_core.package_identification:_identify(src) by extension 'colcon_meta'
[0.249s] Level 1:colcon.colcon_core.package_identification:_identify(src) by extensions ['ros']
[0.249s] Level 1:colcon.colcon_core.package_identification:_identify(src) by extension 'ros'
[0.249s] Level 1:colcon.colcon_core.package_identification:_identify(src) by extensions ['cmake', 'python']
[0.249s] Level 1:colcon.colcon_core.package_identification:_identify(src) by extension 'cmake'
[0.250s] Level 1:colcon.colcon_core.package_identification:_identify(src) by extension 'python'
[0.250s] Level 1:colcon.colcon_core.package_identification:_identify(src) by extensions ['python_setup_py']
[0.250s] Level 1:colcon.colcon_core.package_identification:_identify(src) by extension 'python_setup_py'
[0.250s] Level 1:colcon.colcon_core.package_identification:_identify(src/ros2-robotino) by extensions ['ignore', 'ignore_ament_install']
[0.250s] Level 1:colcon.colcon_core.package_identification:_identify(src/ros2-robotino) by extension 'ignore'
[0.250s] Level 1:colcon.colcon_core.package_identification:_identify(src/ros2-robotino) by extension 'ignore_ament_install'
[0.250s] Level 1:colcon.colcon_core.package_identification:_identify(src/ros2-robotino) by extensions ['colcon_pkg']
[0.250s] Level 1:colcon.colcon_core.package_identification:_identify(src/ros2-robotino) by extension 'colcon_pkg'
[0.250s] Level 1:colcon.colcon_core.package_identification:_identify(src/ros2-robotino) by extensions ['colcon_meta']
[0.250s] Level 1:colcon.colcon_core.package_identification:_identify(src/ros2-robotino) by extension 'colcon_meta'
[0.250s] Level 1:colcon.colcon_core.package_identification:_identify(src/ros2-robotino) by extensions ['ros']
[0.250s] Level 1:colcon.colcon_core.package_identification:_identify(src/ros2-robotino) by extension 'ros'
[0.250s] Level 1:colcon.colcon_core.package_identification:_identify(src/ros2-robotino) by extensions ['cmake', 'python']
[0.250s] Level 1:colcon.colcon_core.package_identification:_identify(src/ros2-robotino) by extension 'cmake'
[0.250s] Level 1:colcon.colcon_core.package_identification:_identify(src/ros2-robotino) by extension 'python'
[0.250s] Level 1:colcon.colcon_core.package_identification:_identify(src/ros2-robotino) by extensions ['python_setup_py']
[0.250s] Level 1:colcon.colcon_core.package_identification:_identify(src/ros2-robotino) by extension 'python_setup_py'
[0.250s] Level 1:colcon.colcon_core.package_identification:_identify(src/ros2-robotino/rto_description) by extensions ['ignore', 'ignore_ament_install']
[0.250s] Level 1:colcon.colcon_core.package_identification:_identify(src/ros2-robotino/rto_description) by extension 'ignore'
[0.250s] Level 1:colcon.colcon_core.package_identification:_identify(src/ros2-robotino/rto_description) by extension 'ignore_ament_install'
[0.251s] Level 1:colcon.colcon_core.package_identification:_identify(src/ros2-robotino/rto_description) by extensions ['colcon_pkg']
[0.251s] Level 1:colcon.colcon_core.package_identification:_identify(src/ros2-robotino/rto_description) by extension 'colcon_pkg'
[0.251s] Level 1:colcon.colcon_core.package_identification:_identify(src/ros2-robotino/rto_description) by extensions ['colcon_meta']
[0.251s] Level 1:colcon.colcon_core.package_identification:_identify(src/ros2-robotino/rto_description) by extension 'colcon_meta'
[0.251s] Level 1:colcon.colcon_core.package_identification:_identify(src/ros2-robotino/rto_description) by extensions ['ros']
[0.251s] Level 1:colcon.colcon_core.package_identification:_identify(src/ros2-robotino/rto_description) by extension 'ros'
[0.253s] DEBUG:colcon.colcon_core.package_identification:Package 'src/ros2-robotino/rto_description' with type 'ros.ament_cmake' and name 'rto_description'
[0.253s] Level 1:colcon.colcon_core.package_identification:_identify(src/ros2-robotino/rto_msgs) by extensions ['ignore', 'ignore_ament_install']
[0.253s] Level 1:colcon.colcon_core.package_identification:_identify(src/ros2-robotino/rto_msgs) by extension 'ignore'
[0.253s] Level 1:colcon.colcon_core.package_identification:_identify(src/ros2-robotino/rto_msgs) by extension 'ignore_ament_install'
[0.253s] Level 1:colcon.colcon_core.package_identification:_identify(src/ros2-robotino/rto_msgs) by extensions ['colcon_pkg']
[0.253s] Level 1:colcon.colcon_core.package_identification:_identify(src/ros2-robotino/rto_msgs) by extension 'colcon_pkg'
[0.253s] Level 1:colcon.colcon_core.package_identification:_identify(src/ros2-robotino/rto_msgs) by extensions ['colcon_meta']
[0.253s] Level 1:colcon.colcon_core.package_identification:_identify(src/ros2-robotino/rto_msgs) by extension 'colcon_meta'
[0.253s] Level 1:colcon.colcon_core.package_identification:_identify(src/ros2-robotino/rto_msgs) by extensions ['ros']
[0.253s] Level 1:colcon.colcon_core.package_identification:_identify(src/ros2-robotino/rto_msgs) by extension 'ros'
[0.253s] DEBUG:colcon.colcon_core.package_identification:Package 'src/ros2-robotino/rto_msgs' with type 'ros.ament_cmake' and name 'rto_msgs'
[0.254s] Level 1:colcon.colcon_core.package_identification:_identify(src/ros2-robotino/rto_node) by extensions ['ignore', 'ignore_ament_install']
[0.254s] Level 1:colcon.colcon_core.package_identification:_identify(src/ros2-robotino/rto_node) by extension 'ignore'
[0.254s] Level 1:colcon.colcon_core.package_identification:_identify(src/ros2-robotino/rto_node) by extension 'ignore_ament_install'
[0.254s] Level 1:colcon.colcon_core.package_identification:_identify(src/ros2-robotino/rto_node) by extensions ['colcon_pkg']
[0.254s] Level 1:colcon.colcon_core.package_identification:_identify(src/ros2-robotino/rto_node) by extension 'colcon_pkg'
[0.254s] Level 1:colcon.colcon_core.package_identification:_identify(src/ros2-robotino/rto_node) by extensions ['colcon_meta']
[0.254s] Level 1:colcon.colcon_core.package_identification:_identify(src/ros2-robotino/rto_node) by extension 'colcon_meta'
[0.254s] Level 1:colcon.colcon_core.package_identification:_identify(src/ros2-robotino/rto_node) by extensions ['ros']
[0.254s] Level 1:colcon.colcon_core.package_identification:_identify(src/ros2-robotino/rto_node) by extension 'ros'
[0.254s] DEBUG:colcon.colcon_core.package_identification:Package 'src/ros2-robotino/rto_node' with type 'ros.ament_cmake' and name 'rto_node'
[0.255s] Level 1:colcon.colcon_core.package_identification:_identify(src/ros2-robotino/rto_safety) by extensions ['ignore', 'ignore_ament_install']
[0.255s] Level 1:colcon.colcon_core.package_identification:_identify(src/ros2-robotino/rto_safety) by extension 'ignore'
[0.255s] Level 1:colcon.colcon_core.package_identification:_identify(src/ros2-robotino/rto_safety) by extension 'ignore_ament_install'
[0.255s] Level 1:colcon.colcon_core.package_identification:_identify(src/ros2-robotino/rto_safety) by extensions ['colcon_pkg']
[0.255s] Level 1:colcon.colcon_core.package_identification:_identify(src/ros2-robotino/rto_safety) by extension 'colcon_pkg'
[0.255s] Level 1:colcon.colcon_core.package_identification:_identify(src/ros2-robotino/rto_safety) by extensions ['colcon_meta']
[0.255s] Level 1:colcon.colcon_core.package_identification:_identify(src/ros2-robotino/rto_safety) by extension 'colcon_meta'
[0.255s] Level 1:colcon.colcon_core.package_identification:_identify(src/ros2-robotino/rto_safety) by extensions ['ros']
[0.255s] Level 1:colcon.colcon_core.package_identification:_identify(src/ros2-robotino/rto_safety) by extension 'ros'
[0.255s] DEBUG:colcon.colcon_core.package_identification:Package 'src/ros2-robotino/rto_safety' with type 'ros.ament_cmake' and name 'rto_safety'
[0.255s] Level 1:colcon.colcon_core.package_discovery:discover_packages(recursive) using defaults
[0.256s] Level 1:colcon.colcon_core.package_discovery:discover_packages(ignore) discover
[0.256s] Level 1:colcon.colcon_core.package_discovery:discover_packages(ignore) using defaults
[0.256s] Level 1:colcon.colcon_core.package_discovery:discover_packages(path) discover
[0.256s] Level 1:colcon.colcon_core.package_discovery:discover_packages(path) using defaults
[0.280s] Level 1:colcon.colcon_core.package_discovery:discover_packages(prefix_path) check parameters
[0.280s] Level 1:colcon.colcon_core.package_discovery:discover_packages(prefix_path) discover
[0.285s] DEBUG:colcon.colcon_installed_package_information.package_discovery:Found 4 installed packages in /home/oscar/robotino_ros2_ws/install
[0.286s] DEBUG:colcon.colcon_installed_package_information.package_discovery:Found 1 installed packages in /home/oscar/control_ws/install
[0.287s] DEBUG:colcon.colcon_installed_package_information.package_discovery:Found 17 installed packages in /home/oscar/ros2_ws/install
[0.288s] DEBUG:colcon.colcon_installed_package_information.package_discovery:Found 51 installed packages in /home/oscar/ws_moveit2/install
[0.291s] DEBUG:colcon.colcon_installed_package_information.package_discovery:Found 454 installed packages in /opt/ros/jazzy
[0.292s] Level 1:colcon.colcon_core.package_discovery:discover_packages(prefix_path) using defaults
[0.398s] Level 5:colcon.colcon_core.verb:set package 'rto_description' build argument 'cmake_args' from command line to 'None'
[0.398s] Level 5:colcon.colcon_core.verb:set package 'rto_description' build argument 'cmake_target' from command line to 'None'
[0.398s] Level 5:colcon.colcon_core.verb:set package 'rto_description' build argument 'cmake_target_skip_unavailable' from command line to 'False'
[0.398s] Level 5:colcon.colcon_core.verb:set package 'rto_description' build argument 'cmake_clean_cache' from command line to 'False'
[0.398s] Level 5:colcon.colcon_core.verb:set package 'rto_description' build argument 'cmake_clean_first' from command line to 'False'
[0.398s] Level 5:colcon.colcon_core.verb:set package 'rto_description' build argument 'cmake_force_configure' from command line to 'False'
[0.398s] Level 5:colcon.colcon_core.verb:set package 'rto_description' build argument 'ament_cmake_args' from command line to 'None'
[0.398s] Level 5:colcon.colcon_core.verb:set package 'rto_description' build argument 'catkin_cmake_args' from command line to 'None'
[0.398s] Level 5:colcon.colcon_core.verb:set package 'rto_description' build argument 'catkin_skip_building_tests' from command line to 'False'
[0.398s] DEBUG:colcon.colcon_core.verb:Building package 'rto_description' with the following arguments: {'ament_cmake_args': None, 'build_base': '/home/oscar/robotino_ros2_ws/build/rto_description', 'catkin_cmake_args': None, 'catkin_skip_building_tests': False, 'cmake_args': None, 'cmake_clean_cache': False, 'cmake_clean_first': False, 'cmake_force_configure': False, 'cmake_target': None, 'cmake_target_skip_unavailable': False, 'install_base': '/home/oscar/robotino_ros2_ws/install/rto_description', 'merge_install': False, 'path': '/home/oscar/robotino_ros2_ws/src/ros2-robotino/rto_description', 'symlink_install': True, 'test_result_base': None}
[0.399s] Level 5:colcon.colcon_core.verb:set package 'rto_msgs' build argument 'cmake_args' from command line to 'None'
[0.399s] Level 5:colcon.colcon_core.verb:set package 'rto_msgs' build argument 'cmake_target' from command line to 'None'
[0.399s] Level 5:colcon.colcon_core.verb:set package 'rto_msgs' build argument 'cmake_target_skip_unavailable' from command line to 'False'
[0.399s] Level 5:colcon.colcon_core.verb:set package 'rto_msgs' build argument 'cmake_clean_cache' from command line to 'False'
[0.399s] Level 5:colcon.colcon_core.verb:set package 'rto_msgs' build argument 'cmake_clean_first' from command line to 'False'
[0.399s] Level 5:colcon.colcon_core.verb:set package 'rto_msgs' build argument 'cmake_force_configure' from command line to 'False'
[0.399s] Level 5:colcon.colcon_core.verb:set package 'rto_msgs' build argument 'ament_cmake_args' from command line to 'None'
[0.399s] Level 5:colcon.colcon_core.verb:set package 'rto_msgs' build argument 'catkin_cmake_args' from command line to 'None'
[0.399s] Level 5:colcon.colcon_core.verb:set package 'rto_msgs' build argument 'catkin_skip_building_tests' from command line to 'False'
[0.399s] DEBUG:colcon.colcon_core.verb:Building package 'rto_msgs' with the following arguments: {'ament_cmake_args': None, 'build_base': '/home/oscar/robotino_ros2_ws/build/rto_msgs', 'catkin_cmake_args': None, 'catkin_skip_building_tests': False, 'cmake_args': None, 'cmake_clean_cache': False, 'cmake_clean_first': False, 'cmake_force_configure': False, 'cmake_target': None, 'cmake_target_skip_unavailable': False, 'install_base': '/home/oscar/robotino_ros2_ws/install/rto_msgs', 'merge_install': False, 'path': '/home/oscar/robotino_ros2_ws/src/ros2-robotino/rto_msgs', 'symlink_install': True, 'test_result_base': None}
[0.399s] Level 5:colcon.colcon_core.verb:set package 'rto_node' build argument 'cmake_args' from command line to 'None'
[0.399s] Level 5:colcon.colcon_core.verb:set package 'rto_node' build argument 'cmake_target' from command line to 'None'
[0.399s] Level 5:colcon.colcon_core.verb:set package 'rto_node' build argument 'cmake_target_skip_unavailable' from command line to 'False'
[0.399s] Level 5:colcon.colcon_core.verb:set package 'rto_node' build argument 'cmake_clean_cache' from command line to 'False'
[0.399s] Level 5:colcon.colcon_core.verb:set package 'rto_node' build argument 'cmake_clean_first' from command line to 'False'
[0.399s] Level 5:colcon.colcon_core.verb:set package 'rto_node' build argument 'cmake_force_configure' from command line to 'False'
[0.399s] Level 5:colcon.colcon_core.verb:set package 'rto_node' build argument 'ament_cmake_args' from command line to 'None'
[0.399s] Level 5:colcon.colcon_core.verb:set package 'rto_node' build argument 'catkin_cmake_args' from command line to 'None'
[0.399s] Level 5:colcon.colcon_core.verb:set package 'rto_node' build argument 'catkin_skip_building_tests' from command line to 'False'
[0.399s] DEBUG:colcon.colcon_core.verb:Building package 'rto_node' with the following arguments: {'ament_cmake_args': None, 'build_base': '/home/oscar/robotino_ros2_ws/build/rto_node', 'catkin_cmake_args': None, 'catkin_skip_building_tests': False, 'cmake_args': None, 'cmake_clean_cache': False, 'cmake_clean_first': False, 'cmake_force_configure': False, 'cmake_target': None, 'cmake_target_skip_unavailable': False, 'install_base': '/home/oscar/robotino_ros2_ws/install/rto_node', 'merge_install': False, 'path': '/home/oscar/robotino_ros2_ws/src/ros2-robotino/rto_node', 'symlink_install': True, 'test_result_base': None}
[0.399s] Level 5:colcon.colcon_core.verb:set package 'rto_safety' build argument 'cmake_args' from command line to 'None'
[0.399s] Level 5:colcon.colcon_core.verb:set package 'rto_safety' build argument 'cmake_target' from command line to 'None'
[0.399s] Level 5:colcon.colcon_core.verb:set package 'rto_safety' build argument 'cmake_target_skip_unavailable' from command line to 'False'
[0.399s] Level 5:colcon.colcon_core.verb:set package 'rto_safety' build argument 'cmake_clean_cache' from command line to 'False'
[0.399s] Level 5:colcon.colcon_core.verb:set package 'rto_safety' build argument 'cmake_clean_first' from command line to 'False'
[0.400s] Level 5:colcon.colcon_core.verb:set package 'rto_safety' build argument 'cmake_force_configure' from command line to 'False'
[0.400s] Level 5:colcon.colcon_core.verb:set package 'rto_safety' build argument 'ament_cmake_args' from command line to 'None'
[0.400s] Level 5:colcon.colcon_core.verb:set package 'rto_safety' build argument 'catkin_cmake_args' from command line to 'None'
[0.400s] Level 5:colcon.colcon_core.verb:set package 'rto_safety' build argument 'catkin_skip_building_tests' from command line to 'False'
[0.400s] DEBUG:colcon.colcon_core.verb:Building package 'rto_safety' with the following arguments: {'ament_cmake_args': None, 'build_base': '/home/oscar/robotino_ros2_ws/build/rto_safety', 'catkin_cmake_args': None, 'catkin_skip_building_tests': False, 'cmake_args': None, 'cmake_clean_cache': False, 'cmake_clean_first': False, 'cmake_force_configure': False, 'cmake_target': None, 'cmake_target_skip_unavailable': False, 'install_base': '/home/oscar/robotino_ros2_ws/install/rto_safety', 'merge_install': False, 'path': '/home/oscar/robotino_ros2_ws/src/ros2-robotino/rto_safety', 'symlink_install': True, 'test_result_base': None}
[0.400s] INFO:colcon.colcon_core.executor:Executing jobs using 'parallel' executor
[0.401s] DEBUG:colcon.colcon_parallel_executor.executor.parallel:run_until_complete
[0.401s] INFO:colcon.colcon_ros.task.ament_cmake.build:Building ROS package in '/home/oscar/robotino_ros2_ws/src/ros2-robotino/rto_msgs' with build type 'ament_cmake'
[0.401s] INFO:colcon.colcon_cmake.task.cmake.build:Building CMake package in '/home/oscar/robotino_ros2_ws/src/ros2-robotino/rto_msgs'
[0.407s] INFO:colcon.colcon_core.plugin_system:Skipping extension 'colcon_core.shell.bat': Not used on non-Windows systems
[0.408s] INFO:colcon.colcon_core.shell:Skip shell extension 'powershell' for command environment: Not usable outside of PowerShell
[0.408s] DEBUG:colcon.colcon_core.shell:Skip shell extension 'dsv' for command environment
[0.418s] INFO:colcon.colcon_ros.task.ament_cmake.build:Building ROS package in '/home/oscar/robotino_ros2_ws/src/ros2-robotino/rto_description' with build type 'ament_cmake'
[0.418s] INFO:colcon.colcon_cmake.task.cmake.build:Building CMake package in '/home/oscar/robotino_ros2_ws/src/ros2-robotino/rto_description'
[0.418s] INFO:colcon.colcon_core.shell:Skip shell extension 'powershell' for command environment: Not usable outside of PowerShell
[0.418s] DEBUG:colcon.colcon_core.shell:Skip shell extension 'dsv' for command environment
[0.435s] DEBUG:colcon.colcon_core.event_handler.log_command:Invoking command in '/home/oscar/robotino_ros2_ws/build/rto_msgs': CMAKE_PREFIX_PATH=${CMAKE_PREFIX_PATH}:/home/oscar/control_ws/install/pose_controller:/home/oscar/ws_moveit2/install/moveit_configs_utils:/opt/ros/jazzy DEBUGINFOD_URLS=https://debuginfod.ubuntu.com /usr/bin/cmake /home/oscar/robotino_ros2_ws/src/ros2-robotino/rto_msgs -DAMENT_CMAKE_SYMLINK_INSTALL=1 -DCMAKE_INSTALL_PREFIX=/home/oscar/robotino_ros2_ws/install/rto_msgs
[0.443s] DEBUG:colcon.colcon_core.event_handler.log_command:Invoking command in '/home/oscar/robotino_ros2_ws/build/rto_description': CMAKE_PREFIX_PATH=${CMAKE_PREFIX_PATH}:/home/oscar/control_ws/install/pose_controller:/home/oscar/ws_moveit2/install/moveit_configs_utils:/opt/ros/jazzy DEBUGINFOD_URLS=https://debuginfod.ubuntu.com /usr/bin/cmake /home/oscar/robotino_ros2_ws/src/ros2-robotino/rto_description -DAMENT_CMAKE_SYMLINK_INSTALL=1 -DCMAKE_INSTALL_PREFIX=/home/oscar/robotino_ros2_ws/install/rto_description
[0.850s] DEBUG:colcon.colcon_core.event_handler.log_command:Invoked command in '/home/oscar/robotino_ros2_ws/build/rto_description' returned '0': CMAKE_PREFIX_PATH=${CMAKE_PREFIX_PATH}:/home/oscar/control_ws/install/pose_controller:/home/oscar/ws_moveit2/install/moveit_configs_utils:/opt/ros/jazzy DEBUGINFOD_URLS=https://debuginfod.ubuntu.com /usr/bin/cmake /home/oscar/robotino_ros2_ws/src/ros2-robotino/rto_description -DAMENT_CMAKE_SYMLINK_INSTALL=1 -DCMAKE_INSTALL_PREFIX=/home/oscar/robotino_ros2_ws/install/rto_description
[0.851s] DEBUG:colcon.colcon_core.event_handler.log_command:Invoking command in '/home/oscar/robotino_ros2_ws/build/rto_description': CMAKE_PREFIX_PATH=${CMAKE_PREFIX_PATH}:/home/oscar/control_ws/install/pose_controller:/home/oscar/ws_moveit2/install/moveit_configs_utils:/opt/ros/jazzy DEBUGINFOD_URLS=https://debuginfod.ubuntu.com /usr/bin/cmake --build /home/oscar/robotino_ros2_ws/build/rto_description -- -j8 -l8
[0.906s] DEBUG:colcon.colcon_core.event_handler.log_command:Invoked command in '/home/oscar/robotino_ros2_ws/build/rto_description' returned '0': CMAKE_PREFIX_PATH=${CMAKE_PREFIX_PATH}:/home/oscar/control_ws/install/pose_controller:/home/oscar/ws_moveit2/install/moveit_configs_utils:/opt/ros/jazzy DEBUGINFOD_URLS=https://debuginfod.ubuntu.com /usr/bin/cmake --build /home/oscar/robotino_ros2_ws/build/rto_description -- -j8 -l8
[0.919s] DEBUG:colcon.colcon_core.event_handler.log_command:Invoking command in '/home/oscar/robotino_ros2_ws/build/rto_description': CMAKE_PREFIX_PATH=${CMAKE_PREFIX_PATH}:/home/oscar/control_ws/install/pose_controller:/home/oscar/ws_moveit2/install/moveit_configs_utils:/opt/ros/jazzy DEBUGINFOD_URLS=https://debuginfod.ubuntu.com /usr/bin/cmake --install /home/oscar/robotino_ros2_ws/build/rto_description
[1.504s] Level 1:colcon.colcon_core.environment:create_environment_scripts_only(rto_description)
[1.505s] DEBUG:colcon.colcon_core.event_handler.log_command:Invoked command in '/home/oscar/robotino_ros2_ws/build/rto_description' returned '0': CMAKE_PREFIX_PATH=${CMAKE_PREFIX_PATH}:/home/oscar/control_ws/install/pose_controller:/home/oscar/ws_moveit2/install/moveit_configs_utils:/opt/ros/jazzy DEBUGINFOD_URLS=https://debuginfod.ubuntu.com /usr/bin/cmake --install /home/oscar/robotino_ros2_ws/build/rto_description
[1.510s] Level 1:colcon.colcon_core.environment:checking '/home/oscar/robotino_ros2_ws/install/rto_description' for CMake module files
[1.510s] Level 1:colcon.colcon_core.environment:checking '/home/oscar/robotino_ros2_ws/install/rto_description' for CMake config files
[1.511s] Level 1:colcon.colcon_core.shell:create_environment_hook('rto_description', 'cmake_prefix_path')
[1.511s] INFO:colcon.colcon_core.shell:Creating environment hook '/home/oscar/robotino_ros2_ws/install/rto_description/share/rto_description/hook/cmake_prefix_path.ps1'
[1.512s] INFO:colcon.colcon_core.shell:Creating environment descriptor '/home/oscar/robotino_ros2_ws/install/rto_description/share/rto_description/hook/cmake_prefix_path.dsv'
[1.512s] INFO:colcon.colcon_core.shell:Creating environment hook '/home/oscar/robotino_ros2_ws/install/rto_description/share/rto_description/hook/cmake_prefix_path.sh'
[1.513s] Level 1:colcon.colcon_core.environment:checking '/home/oscar/robotino_ros2_ws/install/rto_description/bin'
[1.513s] Level 1:colcon.colcon_core.environment:checking '/home/oscar/robotino_ros2_ws/install/rto_description/lib/pkgconfig/rto_description.pc'
[1.513s] Level 1:colcon.colcon_core.environment:checking '/home/oscar/robotino_ros2_ws/install/rto_description/lib/python3.12/site-packages'
[1.514s] Level 1:colcon.colcon_core.environment:checking '/home/oscar/robotino_ros2_ws/install/rto_description/bin'
[1.514s] INFO:colcon.colcon_core.shell:Creating package script '/home/oscar/robotino_ros2_ws/install/rto_description/share/rto_description/package.ps1'
[1.515s] INFO:colcon.colcon_core.shell:Creating package descriptor '/home/oscar/robotino_ros2_ws/install/rto_description/share/rto_description/package.dsv'
[1.515s] INFO:colcon.colcon_core.shell:Creating package script '/home/oscar/robotino_ros2_ws/install/rto_description/share/rto_description/package.sh'
[1.516s] INFO:colcon.colcon_core.shell:Creating package script '/home/oscar/robotino_ros2_ws/install/rto_description/share/rto_description/package.bash'
[1.517s] INFO:colcon.colcon_core.shell:Creating package script '/home/oscar/robotino_ros2_ws/install/rto_description/share/rto_description/package.zsh'
[1.517s] Level 1:colcon.colcon_core.environment:create_file_with_runtime_dependencies(/home/oscar/robotino_ros2_ws/install/rto_description/share/colcon-core/packages/rto_description)
[1.518s] Level 1:colcon.colcon_core.environment:create_environment_scripts_only(rto_description)
[1.518s] Level 1:colcon.colcon_core.environment:checking '/home/oscar/robotino_ros2_ws/install/rto_description' for CMake module files
[1.518s] Level 1:colcon.colcon_core.environment:checking '/home/oscar/robotino_ros2_ws/install/rto_description' for CMake config files
[1.519s] Level 1:colcon.colcon_core.shell:create_environment_hook('rto_description', 'cmake_prefix_path')
[1.519s] INFO:colcon.colcon_core.shell:Creating environment hook '/home/oscar/robotino_ros2_ws/install/rto_description/share/rto_description/hook/cmake_prefix_path.ps1'
[1.519s] INFO:colcon.colcon_core.shell:Creating environment descriptor '/home/oscar/robotino_ros2_ws/install/rto_description/share/rto_description/hook/cmake_prefix_path.dsv'
[1.519s] INFO:colcon.colcon_core.shell:Creating environment hook '/home/oscar/robotino_ros2_ws/install/rto_description/share/rto_description/hook/cmake_prefix_path.sh'
[1.520s] Level 1:colcon.colcon_core.environment:checking '/home/oscar/robotino_ros2_ws/install/rto_description/bin'
[1.520s] Level 1:colcon.colcon_core.environment:checking '/home/oscar/robotino_ros2_ws/install/rto_description/lib/pkgconfig/rto_description.pc'
[1.520s] Level 1:colcon.colcon_core.environment:checking '/home/oscar/robotino_ros2_ws/install/rto_description/lib/python3.12/site-packages'
[1.520s] Level 1:colcon.colcon_core.environment:checking '/home/oscar/robotino_ros2_ws/install/rto_description/bin'
[1.520s] INFO:colcon.colcon_core.shell:Creating package script '/home/oscar/robotino_ros2_ws/install/rto_description/share/rto_description/package.ps1'
[1.521s] INFO:colcon.colcon_core.shell:Creating package descriptor '/home/oscar/robotino_ros2_ws/install/rto_description/share/rto_description/package.dsv'
[1.521s] INFO:colcon.colcon_core.shell:Creating package script '/home/oscar/robotino_ros2_ws/install/rto_description/share/rto_description/package.sh'
[1.522s] INFO:colcon.colcon_core.shell:Creating package script '/home/oscar/robotino_ros2_ws/install/rto_description/share/rto_description/package.bash'
[1.522s] INFO:colcon.colcon_core.shell:Creating package script '/home/oscar/robotino_ros2_ws/install/rto_description/share/rto_description/package.zsh'
[1.522s] Level 1:colcon.colcon_core.environment:create_file_with_runtime_dependencies(/home/oscar/robotino_ros2_ws/install/rto_description/share/colcon-core/packages/rto_description)
[2.666s] DEBUG:colcon.colcon_core.event_handler.log_command:Invoked command in '/home/oscar/robotino_ros2_ws/build/rto_msgs' returned '0': CMAKE_PREFIX_PATH=${CMAKE_PREFIX_PATH}:/home/oscar/control_ws/install/pose_controller:/home/oscar/ws_moveit2/install/moveit_configs_utils:/opt/ros/jazzy DEBUGINFOD_URLS=https://debuginfod.ubuntu.com /usr/bin/cmake /home/oscar/robotino_ros2_ws/src/ros2-robotino/rto_msgs -DAMENT_CMAKE_SYMLINK_INSTALL=1 -DCMAKE_INSTALL_PREFIX=/home/oscar/robotino_ros2_ws/install/rto_msgs
[2.668s] DEBUG:colcon.colcon_core.event_handler.log_command:Invoking command in '/home/oscar/robotino_ros2_ws/build/rto_msgs': CMAKE_PREFIX_PATH=${CMAKE_PREFIX_PATH}:/home/oscar/control_ws/install/pose_controller:/home/oscar/ws_moveit2/install/moveit_configs_utils:/opt/ros/jazzy DEBUGINFOD_URLS=https://debuginfod.ubuntu.com /usr/bin/cmake --build /home/oscar/robotino_ros2_ws/build/rto_msgs -- -j8 -l8
[2.749s] DEBUG:colcon.colcon_core.event_handler.log_command:Invoked command in '/home/oscar/robotino_ros2_ws/build/rto_msgs' returned '2': CMAKE_PREFIX_PATH=${CMAKE_PREFIX_PATH}:/home/oscar/control_ws/install/pose_controller:/home/oscar/ws_moveit2/install/moveit_configs_utils:/opt/ros/jazzy DEBUGINFOD_URLS=https://debuginfod.ubuntu.com /usr/bin/cmake --build /home/oscar/robotino_ros2_ws/build/rto_msgs -- -j8 -l8
[2.749s] Level 1:colcon.colcon_core.environment:create_environment_scripts_only(rto_msgs)
[2.749s] Level 1:colcon.colcon_core.environment:checking '/home/oscar/robotino_ros2_ws/install/rto_msgs' for CMake module files
[2.753s] Level 1:colcon.colcon_core.environment:checking '/home/oscar/robotino_ros2_ws/install/rto_msgs' for CMake config files
[2.764s] Level 1:colcon.colcon_core.shell:create_environment_hook('rto_msgs', 'cmake_prefix_path')
[2.764s] INFO:colcon.colcon_core.shell:Creating environment hook '/home/oscar/robotino_ros2_ws/install/rto_msgs/share/rto_msgs/hook/cmake_prefix_path.ps1'
[2.765s] INFO:colcon.colcon_core.shell:Creating environment descriptor '/home/oscar/robotino_ros2_ws/install/rto_msgs/share/rto_msgs/hook/cmake_prefix_path.dsv'
[2.765s] INFO:colcon.colcon_core.shell:Creating environment hook '/home/oscar/robotino_ros2_ws/install/rto_msgs/share/rto_msgs/hook/cmake_prefix_path.sh'
[2.765s] Level 1:colcon.colcon_core.environment:checking '/home/oscar/robotino_ros2_ws/install/rto_msgs/lib'
[2.766s] Level 1:colcon.colcon_core.shell:create_environment_hook('rto_msgs', 'ld_library_path_lib')
[2.766s] INFO:colcon.colcon_core.shell:Creating environment hook '/home/oscar/robotino_ros2_ws/install/rto_msgs/share/rto_msgs/hook/ld_library_path_lib.ps1'
[2.766s] INFO:colcon.colcon_core.shell:Creating environment descriptor '/home/oscar/robotino_ros2_ws/install/rto_msgs/share/rto_msgs/hook/ld_library_path_lib.dsv'
[2.766s] INFO:colcon.colcon_core.shell:Creating environment hook '/home/oscar/robotino_ros2_ws/install/rto_msgs/share/rto_msgs/hook/ld_library_path_lib.sh'
[2.767s] Level 1:colcon.colcon_core.environment:checking '/home/oscar/robotino_ros2_ws/install/rto_msgs/bin'
[2.767s] Level 1:colcon.colcon_core.environment:checking '/home/oscar/robotino_ros2_ws/install/rto_msgs/lib/pkgconfig/rto_msgs.pc'
[2.767s] Level 1:colcon.colcon_core.environment:checking '/home/oscar/robotino_ros2_ws/install/rto_msgs/lib/python3.12/site-packages'
[2.767s] Level 1:colcon.colcon_core.shell:create_environment_hook('rto_msgs', 'pythonpath')
[2.767s] INFO:colcon.colcon_core.shell:Creating environment hook '/home/oscar/robotino_ros2_ws/install/rto_msgs/share/rto_msgs/hook/pythonpath.ps1'
[2.767s] INFO:colcon.colcon_core.shell:Creating environment descriptor '/home/oscar/robotino_ros2_ws/install/rto_msgs/share/rto_msgs/hook/pythonpath.dsv'
[2.768s] INFO:colcon.colcon_core.shell:Creating environment hook '/home/oscar/robotino_ros2_ws/install/rto_msgs/share/rto_msgs/hook/pythonpath.sh'
[2.768s] Level 1:colcon.colcon_core.environment:checking '/home/oscar/robotino_ros2_ws/install/rto_msgs/bin'
[2.768s] INFO:colcon.colcon_core.shell:Creating package script '/home/oscar/robotino_ros2_ws/install/rto_msgs/share/rto_msgs/package.ps1'
[2.769s] INFO:colcon.colcon_core.shell:Creating package descriptor '/home/oscar/robotino_ros2_ws/install/rto_msgs/share/rto_msgs/package.dsv'
[2.769s] INFO:colcon.colcon_core.shell:Creating package script '/home/oscar/robotino_ros2_ws/install/rto_msgs/share/rto_msgs/package.sh'
[2.770s] INFO:colcon.colcon_core.shell:Creating package script '/home/oscar/robotino_ros2_ws/install/rto_msgs/share/rto_msgs/package.bash'
[2.770s] INFO:colcon.colcon_core.shell:Creating package script '/home/oscar/robotino_ros2_ws/install/rto_msgs/share/rto_msgs/package.zsh'
[2.770s] Level 1:colcon.colcon_core.environment:create_file_with_runtime_dependencies(/home/oscar/robotino_ros2_ws/install/rto_msgs/share/colcon-core/packages/rto_msgs)
[2.781s] DEBUG:colcon.colcon_parallel_executor.executor.parallel:closing loop
[2.781s] DEBUG:colcon.colcon_parallel_executor.executor.parallel:loop closed
[2.781s] DEBUG:colcon.colcon_parallel_executor.executor.parallel:run_until_complete finished with '2'
[2.781s] DEBUG:colcon.colcon_core.event_reactor:joining thread
[2.799s] INFO:colcon.colcon_core.plugin_system:Skipping extension 'colcon_notification.desktop_notification.terminal_notifier': Not used on non-Darwin systems
[2.799s] INFO:colcon.colcon_core.plugin_system:Skipping extension 'colcon_notification.desktop_notification.win32': Not used on non-Windows systems
[2.800s] INFO:colcon.colcon_notification.desktop_notification:Sending desktop notification using 'notify2'
[2.824s] DEBUG:colcon.colcon_core.event_reactor:joined thread
[2.824s] INFO:colcon.colcon_core.shell:Creating prefix script '/home/oscar/robotino_ros2_ws/install/local_setup.ps1'
[2.830s] INFO:colcon.colcon_core.shell:Creating prefix util module '/home/oscar/robotino_ros2_ws/install/_local_setup_util_ps1.py'
[2.833s] INFO:colcon.colcon_core.shell:Creating prefix chain script '/home/oscar/robotino_ros2_ws/install/setup.ps1'
[2.839s] INFO:colcon.colcon_core.shell:Creating prefix script '/home/oscar/robotino_ros2_ws/install/local_setup.sh'
[2.843s] INFO:colcon.colcon_core.shell:Creating prefix util module '/home/oscar/robotino_ros2_ws/install/_local_setup_util_sh.py'
[2.843s] INFO:colcon.colcon_core.shell:Creating prefix chain script '/home/oscar/robotino_ros2_ws/install/setup.sh'
[2.850s] INFO:colcon.colcon_core.shell:Creating prefix script '/home/oscar/robotino_ros2_ws/install/local_setup.bash'
[2.850s] INFO:colcon.colcon_core.shell:Creating prefix chain script '/home/oscar/robotino_ros2_ws/install/setup.bash'
[2.855s] INFO:colcon.colcon_core.shell:Creating prefix script '/home/oscar/robotino_ros2_ws/install/local_setup.zsh'
[2.857s] INFO:colcon.colcon_core.shell:Creating prefix chain script '/home/oscar/robotino_ros2_ws/install/setup.zsh'
