-- Found ament_cmake: 2.5.3 (/opt/ros/jazzy/share/ament_cmake/cmake)
-- Override CMake install command with custom implementation using symlinks instead of copying resources
-- Configuring done (0.4s)
-- Generating done (0.0s)
-- Build files have been written to: /home/oscar/robotino_ros2_ws/build/rto_description
-- Install configuration: ""
-- Execute custom install script
-- Symlinking: /home/oscar/robotino_ros2_ws/install/rto_description/share/rto_description/launch/robotino_description.launch.py
-- Symlinking: /home/oscar/robotino_ros2_ws/install/rto_description/share/rto_description/urdf/components/robotino_body.urdf.xacro
-- Symlinking: /home/oscar/robotino_ros2_ws/install/rto_description/share/rto_description/urdf/components/robotino_parts.urdf.xacro
-- Symlinking: /home/oscar/robotino_ros2_ws/install/rto_description/share/rto_description/urdf/robots/robotino.urdf
-- Symlinking: /home/oscar/robotino_ros2_ws/install/rto_description/share/rto_description/urdf/robots/robotino.urdf.xacro
-- Symlinking: /home/oscar/robotino_ros2_ws/install/rto_description/share/rto_description/urdf/robots/robotino_description.urdf
-- Symlinking: /home/oscar/robotino_ros2_ws/install/rto_description/share/rto_description/urdf/robots/robotino_description.urdf.xacro
-- Symlinking: /home/oscar/robotino_ros2_ws/install/rto_description/share/rto_description/urdf/robots/robotino_description_plugin.xacro
-- Symlinking: /home/oscar/robotino_ros2_ws/install/rto_description/share/rto_description/urdf/robots/robotino_ros2control.xacro
-- Symlinking: /home/oscar/robotino_ros2_ws/install/rto_description/share/rto_description/urdf/sensors/3dsensor_gazebo.urdf.xacro
-- Symlinking: /home/oscar/robotino_ros2_ws/install/rto_description/share/rto_description/urdf/sensors/Sharp_IR_Sensor.urdf.xacro
-- Symlinking: /home/oscar/robotino_ros2_ws/install/rto_description/share/rto_description/urdf/sensors/asus_xtion_pro.urdf.xacro
-- Symlinking: /home/oscar/robotino_ros2_ws/install/rto_description/share/rto_description/urdf/sensors/camera.urdf.xacro
-- Symlinking: /home/oscar/robotino_ros2_ws/install/rto_description/share/rto_description/urdf/sensors/hokuyo.urdf.xacro
-- Symlinking: /home/oscar/robotino_ros2_ws/install/rto_description/share/rto_description/urdf/sensors/kinect.urdf.xacro
-- Symlinking: /home/oscar/robotino_ros2_ws/install/rto_description/share/rto_description/meshes/parts/angle_bracket_usb_hub.dae
-- Symlinking: /home/oscar/robotino_ros2_ws/install/rto_description/share/rto_description/meshes/parts/front.png
-- Symlinking: /home/oscar/robotino_ros2_ws/install/rto_description/share/rto_description/meshes/parts/panel.png
-- Symlinking: /home/oscar/robotino_ros2_ws/install/rto_description/share/rto_description/meshes/parts/robotino_base.dae
-- Symlinking: /home/oscar/robotino_ros2_ws/install/rto_description/share/rto_description/meshes/parts/robotino_wheel.dae
-- Symlinking: /home/oscar/robotino_ros2_ws/install/rto_description/share/rto_description/meshes/sensors/Sharp_IR_Sensor_GP2Y0A41SK0F.dae
-- Symlinking: /home/oscar/robotino_ros2_ws/install/rto_description/share/rto_description/meshes/sensors/asus_xtion_pro_live.dae
-- Symlinking: /home/oscar/robotino_ros2_ws/install/rto_description/share/rto_description/meshes/sensors/asus_xtion_pro_live.png
-- Symlinking: /home/oscar/robotino_ros2_ws/install/rto_description/share/rto_description/meshes/sensors/camera.dae
-- Symlinking: /home/oscar/robotino_ros2_ws/install/rto_description/share/rto_description/meshes/sensors/hokuyo.dae
-- Symlinking: /home/oscar/robotino_ros2_ws/install/rto_description/share/rto_description/meshes/sensors/kinect.dae
-- Symlinking: /home/oscar/robotino_ros2_ws/install/rto_description/share/rto_description/meshes/sensors/kinect.jpg
-- Symlinking: /home/oscar/robotino_ros2_ws/install/rto_description/share/rto_description/meshes/sensors/kinect.tga
-- Symlinking: /home/oscar/robotino_ros2_ws/install/rto_description/share/rto_description/meshes/sensors/robotparts.png
-- Symlinking: /home/oscar/robotino_ros2_ws/install/rto_description/share/rto_description/rviz/robotino_description.rviz
-- Symlinking: /home/oscar/robotino_ros2_ws/install/rto_description/share/ament_index/resource_index/package_run_dependencies/rto_description
-- Symlinking: /home/oscar/robotino_ros2_ws/install/rto_description/share/ament_index/resource_index/parent_prefix_path/rto_description
-- Symlinking: /home/oscar/robotino_ros2_ws/install/rto_description/share/rto_description/environment/ament_prefix_path.sh
-- Symlinking: /home/oscar/robotino_ros2_ws/install/rto_description/share/rto_description/environment/ament_prefix_path.dsv
-- Symlinking: /home/oscar/robotino_ros2_ws/install/rto_description/share/rto_description/environment/path.sh
-- Symlinking: /home/oscar/robotino_ros2_ws/install/rto_description/share/rto_description/environment/path.dsv
-- Symlinking: /home/oscar/robotino_ros2_ws/install/rto_description/share/rto_description/local_setup.bash
-- Symlinking: /home/oscar/robotino_ros2_ws/install/rto_description/share/rto_description/local_setup.sh
-- Symlinking: /home/oscar/robotino_ros2_ws/install/rto_description/share/rto_description/local_setup.zsh
-- Symlinking: /home/oscar/robotino_ros2_ws/install/rto_description/share/rto_description/local_setup.dsv
-- Symlinking: /home/oscar/robotino_ros2_ws/install/rto_description/share/rto_description/package.dsv
-- Symlinking: /home/oscar/robotino_ros2_ws/install/rto_description/share/ament_index/resource_index/packages/rto_description
-- Symlinking: /home/oscar/robotino_ros2_ws/install/rto_description/share/rto_description/cmake/rto_descriptionConfig.cmake
-- Symlinking: /home/oscar/robotino_ros2_ws/install/rto_description/share/rto_description/cmake/rto_descriptionConfig-version.cmake
-- Symlinking: /home/oscar/robotino_ros2_ws/install/rto_description/share/rto_description/package.xml
