-- The C compiler identification is GNU 13.3.0
-- The CXX compiler identification is GNU 13.3.0
-- Detecting C compiler ABI info
-- Detecting C compiler ABI info - done
-- Check for working C compiler: /usr/bin/cc - skipped
-- Detecting C compile features
-- Detecting C compile features - done
-- Detecting CXX compiler ABI info
-- Detecting CXX compiler ABI info - done
-- Check for working CXX compiler: /usr/bin/c++ - skipped
-- Detecting CXX compile features
-- Detecting CXX compile features - done
-- Found ament_cmake: 2.5.3 (/opt/ros/jazzy/share/ament_cmake/cmake)
-- Found Python3: /usr/bin/python3 (found version "3.12.3") found components: Interpreter 
-- Found rclcpp: 28.1.6 (/opt/ros/jazzy/share/rclcpp/cmake)
-- Found rosidl_generator_c: 4.6.5 (/opt/ros/jazzy/share/rosidl_generator_c/cmake)
-- Found rosidl_generator_cpp: 4.6.5 (/opt/ros/jazzy/share/rosidl_generator_cpp/cmake)
-- Using all available rosidl_typesupport_c: rosidl_typesupport_fastrtps_c;rosidl_typesupport_introspection_c
-- Using all available rosidl_typesupport_cpp: rosidl_typesupport_fastrtps_cpp;rosidl_typesupport_introspection_cpp
-- Found rmw_implementation_cmake: 7.3.1 (/opt/ros/jazzy/share/rmw_implementation_cmake/cmake)
-- Found rmw_cyclonedds_cpp: 2.2.2 (/opt/ros/jazzy/share/rmw_cyclonedds_cpp/cmake)
-- Using RMW implementation 'rmw_cyclonedds_cpp' as default
-- Found tf2: 0.36.8 (/opt/ros/jazzy/share/tf2/cmake)
-- Found tf2_ros: 0.36.8 (/opt/ros/jazzy/share/tf2_ros/cmake)
-- Found sensor_msgs: 5.3.5 (/opt/ros/jazzy/share/sensor_msgs/cmake)
-- Found nav_msgs: 5.3.5 (/opt/ros/jazzy/share/nav_msgs/cmake)
-- Found visualization_msgs: 5.3.5 (/opt/ros/jazzy/share/visualization_msgs/cmake)
-- Found laser_geometry: 2.7.0 (/opt/ros/jazzy/share/laser_geometry/cmake)
-- Found rto_msgs: 0.0.0 (/home/oscar/robotino_ros2_ws/install/rto_msgs/share/rto_msgs/cmake)
-- Found ament_lint_auto: 0.17.1 (/opt/ros/jazzy/share/ament_lint_auto/cmake)
-- Added test 'cppcheck' to perform static code analysis on C / C++ code
-- Configured cppcheck include dirs: /home/oscar/robotino_ros2_ws/src/ros2-robotino/rto_safety/include
-- Configured cppcheck exclude dirs and/or files: 
-- Added test 'lint_cmake' to check CMake code style
-- Added test 'uncrustify' to check C / C++ code style
-- Configured uncrustify additional arguments: 
-- Added test 'xmllint' to check XML markup files
-- Configuring done (3.5s)
-- Generating done (0.0s)
-- Build files have been written to: /home/oscar/robotino_ros2_ws/build/rto_safety
[ 66%] [32mBuilding CXX object CMakeFiles/rto_safety.dir/src/rto_safety_node.cpp.o[0m
[ 66%] [32mBuilding CXX object CMakeFiles/rto_safety.dir/src/RTOSafetyNode.cpp.o[0m
[100%] [32m[1mLinking CXX executable rto_safety[0m
[100%] Built target rto_safety
-- Install configuration: ""
-- Installing: /home/oscar/robotino_ros2_ws/install/rto_safety/lib/rto_safety/rto_safety
-- Set non-toolchain portion of runtime path of "/home/oscar/robotino_ros2_ws/install/rto_safety/lib/rto_safety/rto_safety" to ""
-- Installing: /home/oscar/robotino_ros2_ws/install/rto_safety/share/ament_index/resource_index/package_run_dependencies/rto_safety
-- Installing: /home/oscar/robotino_ros2_ws/install/rto_safety/share/ament_index/resource_index/parent_prefix_path/rto_safety
-- Installing: /home/oscar/robotino_ros2_ws/install/rto_safety/share/rto_safety/environment/ament_prefix_path.sh
-- Installing: /home/oscar/robotino_ros2_ws/install/rto_safety/share/rto_safety/environment/ament_prefix_path.dsv
-- Installing: /home/oscar/robotino_ros2_ws/install/rto_safety/share/rto_safety/environment/path.sh
-- Installing: /home/oscar/robotino_ros2_ws/install/rto_safety/share/rto_safety/environment/path.dsv
-- Installing: /home/oscar/robotino_ros2_ws/install/rto_safety/share/rto_safety/local_setup.bash
-- Installing: /home/oscar/robotino_ros2_ws/install/rto_safety/share/rto_safety/local_setup.sh
-- Installing: /home/oscar/robotino_ros2_ws/install/rto_safety/share/rto_safety/local_setup.zsh
-- Installing: /home/oscar/robotino_ros2_ws/install/rto_safety/share/rto_safety/local_setup.dsv
-- Installing: /home/oscar/robotino_ros2_ws/install/rto_safety/share/rto_safety/package.dsv
-- Installing: /home/oscar/robotino_ros2_ws/install/rto_safety/share/ament_index/resource_index/packages/rto_safety
-- Installing: /home/oscar/robotino_ros2_ws/install/rto_safety/share/rto_safety/cmake/rto_safetyConfig.cmake
-- Installing: /home/oscar/robotino_ros2_ws/install/rto_safety/share/rto_safety/cmake/rto_safetyConfig-version.cmake
-- Installing: /home/oscar/robotino_ros2_ws/install/rto_safety/share/rto_safety/package.xml
