[0.334s] DEBUG:colcon:Command line arguments: ['/usr/bin/colcon', 'build', '--symlink-install', '--cmake-clean-cache']
[0.335s] DEBUG:colcon:Parsed command line arguments: Namespace(log_base=None, log_level=None, verb_name='build', build_base='build', install_base='install', merge_install=False, symlink_install=True, test_result_base=None, continue_on_error=False, executor='parallel', parallel_workers=8, event_handlers=None, ignore_user_meta=False, metas=['./colcon.meta'], base_paths=['.'], packages_ignore=None, packages_ignore_regex=None, paths=None, packages_up_to=None, packages_up_to_regex=None, packages_above=None, packages_above_and_dependencies=None, packages_above_depth=None, packages_select_by_dep=None, packages_skip_by_dep=None, packages_skip_up_to=None, packages_select_build_failed=False, packages_skip_build_finished=False, packages_select_test_failures=False, packages_skip_test_passed=False, packages_select=None, packages_skip=None, packages_select_regex=None, packages_skip_regex=None, packages_start=None, packages_end=None, allow_overriding=[], cmake_args=None, cmake_target=None, cmake_target_skip_unavailable=False, cmake_clean_cache=True, cmake_clean_first=False, cmake_force_configure=False, ament_cmake_args=None, catkin_cmake_args=None, catkin_skip_building_tests=False, mixin_files=None, mixin=None, verb_parser=<colcon_mixin.mixin.mixin_argument.MixinArgumentDecorator object at 0x7a070c3e4770>, verb_extension=<colcon_core.verb.build.BuildVerb object at 0x7a070c4a36b0>, main=<bound method BuildVerb.main of <colcon_core.verb.build.BuildVerb object at 0x7a070c4a36b0>>, mixin_verb=('build',))
[0.436s] Level 1:colcon.colcon_core.package_discovery:discover_packages(colcon_meta) check parameters
[0.437s] Level 1:colcon.colcon_core.package_discovery:discover_packages(recursive) check parameters
[0.437s] Level 1:colcon.colcon_core.package_discovery:discover_packages(ignore) check parameters
[0.437s] Level 1:colcon.colcon_core.package_discovery:discover_packages(path) check parameters
[0.437s] Level 1:colcon.colcon_core.package_discovery:discover_packages(colcon_meta) discover
[0.437s] Level 1:colcon.colcon_core.package_discovery:discover_packages(recursive) discover
[0.437s] INFO:colcon.colcon_core.package_discovery:Crawling recursively for packages in '/home/oscar/robotino_ros2_ws'
[0.438s] Level 1:colcon.colcon_core.package_identification:_identify(.) by extensions ['ignore', 'ignore_ament_install']
[0.438s] Level 1:colcon.colcon_core.package_identification:_identify(.) by extension 'ignore'
[0.438s] Level 1:colcon.colcon_core.package_identification:_identify(.) by extension 'ignore_ament_install'
[0.438s] Level 1:colcon.colcon_core.package_identification:_identify(.) by extensions ['colcon_pkg']
[0.438s] Level 1:colcon.colcon_core.package_identification:_identify(.) by extension 'colcon_pkg'
[0.438s] Level 1:colcon.colcon_core.package_identification:_identify(.) by extensions ['colcon_meta']
[0.438s] Level 1:colcon.colcon_core.package_identification:_identify(.) by extension 'colcon_meta'
[0.438s] Level 1:colcon.colcon_core.package_identification:_identify(.) by extensions ['ros']
[0.438s] Level 1:colcon.colcon_core.package_identification:_identify(.) by extension 'ros'
[0.505s] Level 1:colcon.colcon_core.package_identification:_identify(.) by extensions ['cmake', 'python']
[0.505s] Level 1:colcon.colcon_core.package_identification:_identify(.) by extension 'cmake'
[0.505s] Level 1:colcon.colcon_core.package_identification:_identify(.) by extension 'python'
[0.505s] Level 1:colcon.colcon_core.package_identification:_identify(.) by extensions ['python_setup_py']
[0.506s] Level 1:colcon.colcon_core.package_identification:_identify(.) by extension 'python_setup_py'
[0.506s] Level 1:colcon.colcon_core.package_identification:_identify(build) by extensions ['ignore', 'ignore_ament_install']
[0.506s] Level 1:colcon.colcon_core.package_identification:_identify(build) by extension 'ignore'
[0.506s] Level 1:colcon.colcon_core.package_identification:_identify(build) ignored
[0.506s] Level 1:colcon.colcon_core.package_identification:_identify(install) by extensions ['ignore', 'ignore_ament_install']
[0.506s] Level 1:colcon.colcon_core.package_identification:_identify(install) by extension 'ignore'
[0.506s] Level 1:colcon.colcon_core.package_identification:_identify(install) ignored
[0.506s] Level 1:colcon.colcon_core.package_identification:_identify(log) by extensions ['ignore', 'ignore_ament_install']
[0.506s] Level 1:colcon.colcon_core.package_identification:_identify(log) by extension 'ignore'
[0.507s] Level 1:colcon.colcon_core.package_identification:_identify(log) ignored
[0.507s] Level 1:colcon.colcon_core.package_identification:_identify(src) by extensions ['ignore', 'ignore_ament_install']
[0.507s] Level 1:colcon.colcon_core.package_identification:_identify(src) by extension 'ignore'
[0.507s] Level 1:colcon.colcon_core.package_identification:_identify(src) by extension 'ignore_ament_install'
[0.507s] Level 1:colcon.colcon_core.package_identification:_identify(src) by extensions ['colcon_pkg']
[0.507s] Level 1:colcon.colcon_core.package_identification:_identify(src) by extension 'colcon_pkg'
[0.507s] Level 1:colcon.colcon_core.package_identification:_identify(src) by extensions ['colcon_meta']
[0.507s] Level 1:colcon.colcon_core.package_identification:_identify(src) by extension 'colcon_meta'
[0.507s] Level 1:colcon.colcon_core.package_identification:_identify(src) by extensions ['ros']
[0.507s] Level 1:colcon.colcon_core.package_identification:_identify(src) by extension 'ros'
[0.507s] Level 1:colcon.colcon_core.package_identification:_identify(src) by extensions ['cmake', 'python']
[0.507s] Level 1:colcon.colcon_core.package_identification:_identify(src) by extension 'cmake'
[0.507s] Level 1:colcon.colcon_core.package_identification:_identify(src) by extension 'python'
[0.507s] Level 1:colcon.colcon_core.package_identification:_identify(src) by extensions ['python_setup_py']
[0.507s] Level 1:colcon.colcon_core.package_identification:_identify(src) by extension 'python_setup_py'
[0.507s] Level 1:colcon.colcon_core.package_identification:_identify(src/ros2-robotino) by extensions ['ignore', 'ignore_ament_install']
[0.508s] Level 1:colcon.colcon_core.package_identification:_identify(src/ros2-robotino) by extension 'ignore'
[0.508s] Level 1:colcon.colcon_core.package_identification:_identify(src/ros2-robotino) by extension 'ignore_ament_install'
[0.508s] Level 1:colcon.colcon_core.package_identification:_identify(src/ros2-robotino) by extensions ['colcon_pkg']
[0.508s] Level 1:colcon.colcon_core.package_identification:_identify(src/ros2-robotino) by extension 'colcon_pkg'
[0.508s] Level 1:colcon.colcon_core.package_identification:_identify(src/ros2-robotino) by extensions ['colcon_meta']
[0.508s] Level 1:colcon.colcon_core.package_identification:_identify(src/ros2-robotino) by extension 'colcon_meta'
[0.508s] Level 1:colcon.colcon_core.package_identification:_identify(src/ros2-robotino) by extensions ['ros']
[0.508s] Level 1:colcon.colcon_core.package_identification:_identify(src/ros2-robotino) by extension 'ros'
[0.508s] Level 1:colcon.colcon_core.package_identification:_identify(src/ros2-robotino) by extensions ['cmake', 'python']
[0.508s] Level 1:colcon.colcon_core.package_identification:_identify(src/ros2-robotino) by extension 'cmake'
[0.508s] Level 1:colcon.colcon_core.package_identification:_identify(src/ros2-robotino) by extension 'python'
[0.508s] Level 1:colcon.colcon_core.package_identification:_identify(src/ros2-robotino) by extensions ['python_setup_py']
[0.508s] Level 1:colcon.colcon_core.package_identification:_identify(src/ros2-robotino) by extension 'python_setup_py'
[0.508s] Level 1:colcon.colcon_core.package_identification:_identify(src/ros2-robotino/rto_description) by extensions ['ignore', 'ignore_ament_install']
[0.508s] Level 1:colcon.colcon_core.package_identification:_identify(src/ros2-robotino/rto_description) by extension 'ignore'
[0.508s] Level 1:colcon.colcon_core.package_identification:_identify(src/ros2-robotino/rto_description) by extension 'ignore_ament_install'
[0.509s] Level 1:colcon.colcon_core.package_identification:_identify(src/ros2-robotino/rto_description) by extensions ['colcon_pkg']
[0.509s] Level 1:colcon.colcon_core.package_identification:_identify(src/ros2-robotino/rto_description) by extension 'colcon_pkg'
[0.509s] Level 1:colcon.colcon_core.package_identification:_identify(src/ros2-robotino/rto_description) by extensions ['colcon_meta']
[0.509s] Level 1:colcon.colcon_core.package_identification:_identify(src/ros2-robotino/rto_description) by extension 'colcon_meta'
[0.509s] Level 1:colcon.colcon_core.package_identification:_identify(src/ros2-robotino/rto_description) by extensions ['ros']
[0.509s] Level 1:colcon.colcon_core.package_identification:_identify(src/ros2-robotino/rto_description) by extension 'ros'
[0.512s] DEBUG:colcon.colcon_core.package_identification:Package 'src/ros2-robotino/rto_description' with type 'ros.ament_cmake' and name 'rto_description'
[0.512s] Level 1:colcon.colcon_core.package_identification:_identify(src/ros2-robotino/rto_msgs) by extensions ['ignore', 'ignore_ament_install']
[0.512s] Level 1:colcon.colcon_core.package_identification:_identify(src/ros2-robotino/rto_msgs) by extension 'ignore'
[0.512s] Level 1:colcon.colcon_core.package_identification:_identify(src/ros2-robotino/rto_msgs) by extension 'ignore_ament_install'
[0.512s] Level 1:colcon.colcon_core.package_identification:_identify(src/ros2-robotino/rto_msgs) by extensions ['colcon_pkg']
[0.512s] Level 1:colcon.colcon_core.package_identification:_identify(src/ros2-robotino/rto_msgs) by extension 'colcon_pkg'
[0.512s] Level 1:colcon.colcon_core.package_identification:_identify(src/ros2-robotino/rto_msgs) by extensions ['colcon_meta']
[0.512s] Level 1:colcon.colcon_core.package_identification:_identify(src/ros2-robotino/rto_msgs) by extension 'colcon_meta'
[0.512s] Level 1:colcon.colcon_core.package_identification:_identify(src/ros2-robotino/rto_msgs) by extensions ['ros']
[0.512s] Level 1:colcon.colcon_core.package_identification:_identify(src/ros2-robotino/rto_msgs) by extension 'ros'
[0.513s] DEBUG:colcon.colcon_core.package_identification:Package 'src/ros2-robotino/rto_msgs' with type 'ros.ament_cmake' and name 'rto_msgs'
[0.513s] Level 1:colcon.colcon_core.package_identification:_identify(src/ros2-robotino/rto_node) by extensions ['ignore', 'ignore_ament_install']
[0.513s] Level 1:colcon.colcon_core.package_identification:_identify(src/ros2-robotino/rto_node) by extension 'ignore'
[0.513s] Level 1:colcon.colcon_core.package_identification:_identify(src/ros2-robotino/rto_node) by extension 'ignore_ament_install'
[0.513s] Level 1:colcon.colcon_core.package_identification:_identify(src/ros2-robotino/rto_node) by extensions ['colcon_pkg']
[0.514s] Level 1:colcon.colcon_core.package_identification:_identify(src/ros2-robotino/rto_node) by extension 'colcon_pkg'
[0.514s] Level 1:colcon.colcon_core.package_identification:_identify(src/ros2-robotino/rto_node) by extensions ['colcon_meta']
[0.514s] Level 1:colcon.colcon_core.package_identification:_identify(src/ros2-robotino/rto_node) by extension 'colcon_meta'
[0.514s] Level 1:colcon.colcon_core.package_identification:_identify(src/ros2-robotino/rto_node) by extensions ['ros']
[0.514s] Level 1:colcon.colcon_core.package_identification:_identify(src/ros2-robotino/rto_node) by extension 'ros'
[0.515s] DEBUG:colcon.colcon_core.package_identification:Package 'src/ros2-robotino/rto_node' with type 'ros.ament_cmake' and name 'rto_node'
[0.515s] Level 1:colcon.colcon_core.package_identification:_identify(src/ros2-robotino/rto_safety) by extensions ['ignore', 'ignore_ament_install']
[0.515s] Level 1:colcon.colcon_core.package_identification:_identify(src/ros2-robotino/rto_safety) by extension 'ignore'
[0.515s] Level 1:colcon.colcon_core.package_identification:_identify(src/ros2-robotino/rto_safety) by extension 'ignore_ament_install'
[0.516s] Level 1:colcon.colcon_core.package_identification:_identify(src/ros2-robotino/rto_safety) by extensions ['colcon_pkg']
[0.516s] Level 1:colcon.colcon_core.package_identification:_identify(src/ros2-robotino/rto_safety) by extension 'colcon_pkg'
[0.516s] Level 1:colcon.colcon_core.package_identification:_identify(src/ros2-robotino/rto_safety) by extensions ['colcon_meta']
[0.516s] Level 1:colcon.colcon_core.package_identification:_identify(src/ros2-robotino/rto_safety) by extension 'colcon_meta'
[0.516s] Level 1:colcon.colcon_core.package_identification:_identify(src/ros2-robotino/rto_safety) by extensions ['ros']
[0.516s] Level 1:colcon.colcon_core.package_identification:_identify(src/ros2-robotino/rto_safety) by extension 'ros'
[0.518s] DEBUG:colcon.colcon_core.package_identification:Package 'src/ros2-robotino/rto_safety' with type 'ros.ament_cmake' and name 'rto_safety'
[0.518s] Level 1:colcon.colcon_core.package_discovery:discover_packages(recursive) using defaults
[0.519s] Level 1:colcon.colcon_core.package_discovery:discover_packages(ignore) discover
[0.519s] Level 1:colcon.colcon_core.package_discovery:discover_packages(ignore) using defaults
[0.519s] Level 1:colcon.colcon_core.package_discovery:discover_packages(path) discover
[0.519s] Level 1:colcon.colcon_core.package_discovery:discover_packages(path) using defaults
[0.568s] Level 1:colcon.colcon_core.package_discovery:discover_packages(prefix_path) check parameters
[0.569s] Level 1:colcon.colcon_core.package_discovery:discover_packages(prefix_path) discover
[0.580s] DEBUG:colcon.colcon_installed_package_information.package_discovery:Found 4 installed packages in /home/oscar/robotino_ros2_ws/install
[0.581s] DEBUG:colcon.colcon_installed_package_information.package_discovery:Found 1 installed packages in /home/oscar/control_ws/install
[0.582s] DEBUG:colcon.colcon_installed_package_information.package_discovery:Found 17 installed packages in /home/oscar/ros2_ws/install
[0.587s] DEBUG:colcon.colcon_installed_package_information.package_discovery:Found 51 installed packages in /home/oscar/ws_moveit2/install
[0.592s] DEBUG:colcon.colcon_installed_package_information.package_discovery:Found 455 installed packages in /opt/ros/jazzy
[0.593s] Level 1:colcon.colcon_core.package_discovery:discover_packages(prefix_path) using defaults
[0.805s] Level 5:colcon.colcon_core.verb:set package 'rto_description' build argument 'cmake_args' from command line to 'None'
[0.805s] Level 5:colcon.colcon_core.verb:set package 'rto_description' build argument 'cmake_target' from command line to 'None'
[0.805s] Level 5:colcon.colcon_core.verb:set package 'rto_description' build argument 'cmake_target_skip_unavailable' from command line to 'False'
[0.805s] Level 5:colcon.colcon_core.verb:set package 'rto_description' build argument 'cmake_clean_cache' from command line to 'True'
[0.805s] Level 5:colcon.colcon_core.verb:set package 'rto_description' build argument 'cmake_clean_first' from command line to 'False'
[0.806s] Level 5:colcon.colcon_core.verb:set package 'rto_description' build argument 'cmake_force_configure' from command line to 'False'
[0.806s] Level 5:colcon.colcon_core.verb:set package 'rto_description' build argument 'ament_cmake_args' from command line to 'None'
[0.806s] Level 5:colcon.colcon_core.verb:set package 'rto_description' build argument 'catkin_cmake_args' from command line to 'None'
[0.806s] Level 5:colcon.colcon_core.verb:set package 'rto_description' build argument 'catkin_skip_building_tests' from command line to 'False'
[0.806s] DEBUG:colcon.colcon_core.verb:Building package 'rto_description' with the following arguments: {'ament_cmake_args': None, 'build_base': '/home/oscar/robotino_ros2_ws/build/rto_description', 'catkin_cmake_args': None, 'catkin_skip_building_tests': False, 'cmake_args': None, 'cmake_clean_cache': True, 'cmake_clean_first': False, 'cmake_force_configure': False, 'cmake_target': None, 'cmake_target_skip_unavailable': False, 'install_base': '/home/oscar/robotino_ros2_ws/install/rto_description', 'merge_install': False, 'path': '/home/oscar/robotino_ros2_ws/src/ros2-robotino/rto_description', 'symlink_install': True, 'test_result_base': None}
[0.808s] Level 5:colcon.colcon_core.verb:set package 'rto_msgs' build argument 'cmake_args' from command line to 'None'
[0.808s] Level 5:colcon.colcon_core.verb:set package 'rto_msgs' build argument 'cmake_target' from command line to 'None'
[0.808s] Level 5:colcon.colcon_core.verb:set package 'rto_msgs' build argument 'cmake_target_skip_unavailable' from command line to 'False'
[0.808s] Level 5:colcon.colcon_core.verb:set package 'rto_msgs' build argument 'cmake_clean_cache' from command line to 'True'
[0.808s] Level 5:colcon.colcon_core.verb:set package 'rto_msgs' build argument 'cmake_clean_first' from command line to 'False'
[0.808s] Level 5:colcon.colcon_core.verb:set package 'rto_msgs' build argument 'cmake_force_configure' from command line to 'False'
[0.808s] Level 5:colcon.colcon_core.verb:set package 'rto_msgs' build argument 'ament_cmake_args' from command line to 'None'
[0.808s] Level 5:colcon.colcon_core.verb:set package 'rto_msgs' build argument 'catkin_cmake_args' from command line to 'None'
[0.808s] Level 5:colcon.colcon_core.verb:set package 'rto_msgs' build argument 'catkin_skip_building_tests' from command line to 'False'
[0.808s] DEBUG:colcon.colcon_core.verb:Building package 'rto_msgs' with the following arguments: {'ament_cmake_args': None, 'build_base': '/home/oscar/robotino_ros2_ws/build/rto_msgs', 'catkin_cmake_args': None, 'catkin_skip_building_tests': False, 'cmake_args': None, 'cmake_clean_cache': True, 'cmake_clean_first': False, 'cmake_force_configure': False, 'cmake_target': None, 'cmake_target_skip_unavailable': False, 'install_base': '/home/oscar/robotino_ros2_ws/install/rto_msgs', 'merge_install': False, 'path': '/home/oscar/robotino_ros2_ws/src/ros2-robotino/rto_msgs', 'symlink_install': True, 'test_result_base': None}
[0.809s] Level 5:colcon.colcon_core.verb:set package 'rto_node' build argument 'cmake_args' from command line to 'None'
[0.809s] Level 5:colcon.colcon_core.verb:set package 'rto_node' build argument 'cmake_target' from command line to 'None'
[0.809s] Level 5:colcon.colcon_core.verb:set package 'rto_node' build argument 'cmake_target_skip_unavailable' from command line to 'False'
[0.809s] Level 5:colcon.colcon_core.verb:set package 'rto_node' build argument 'cmake_clean_cache' from command line to 'True'
[0.809s] Level 5:colcon.colcon_core.verb:set package 'rto_node' build argument 'cmake_clean_first' from command line to 'False'
[0.809s] Level 5:colcon.colcon_core.verb:set package 'rto_node' build argument 'cmake_force_configure' from command line to 'False'
[0.809s] Level 5:colcon.colcon_core.verb:set package 'rto_node' build argument 'ament_cmake_args' from command line to 'None'
[0.810s] Level 5:colcon.colcon_core.verb:set package 'rto_node' build argument 'catkin_cmake_args' from command line to 'None'
[0.810s] Level 5:colcon.colcon_core.verb:set package 'rto_node' build argument 'catkin_skip_building_tests' from command line to 'False'
[0.810s] DEBUG:colcon.colcon_core.verb:Building package 'rto_node' with the following arguments: {'ament_cmake_args': None, 'build_base': '/home/oscar/robotino_ros2_ws/build/rto_node', 'catkin_cmake_args': None, 'catkin_skip_building_tests': False, 'cmake_args': None, 'cmake_clean_cache': True, 'cmake_clean_first': False, 'cmake_force_configure': False, 'cmake_target': None, 'cmake_target_skip_unavailable': False, 'install_base': '/home/oscar/robotino_ros2_ws/install/rto_node', 'merge_install': False, 'path': '/home/oscar/robotino_ros2_ws/src/ros2-robotino/rto_node', 'symlink_install': True, 'test_result_base': None}
[0.810s] Level 5:colcon.colcon_core.verb:set package 'rto_safety' build argument 'cmake_args' from command line to 'None'
[0.810s] Level 5:colcon.colcon_core.verb:set package 'rto_safety' build argument 'cmake_target' from command line to 'None'
[0.810s] Level 5:colcon.colcon_core.verb:set package 'rto_safety' build argument 'cmake_target_skip_unavailable' from command line to 'False'
[0.810s] Level 5:colcon.colcon_core.verb:set package 'rto_safety' build argument 'cmake_clean_cache' from command line to 'True'
[0.811s] Level 5:colcon.colcon_core.verb:set package 'rto_safety' build argument 'cmake_clean_first' from command line to 'False'
[0.811s] Level 5:colcon.colcon_core.verb:set package 'rto_safety' build argument 'cmake_force_configure' from command line to 'False'
[0.811s] Level 5:colcon.colcon_core.verb:set package 'rto_safety' build argument 'ament_cmake_args' from command line to 'None'
[0.811s] Level 5:colcon.colcon_core.verb:set package 'rto_safety' build argument 'catkin_cmake_args' from command line to 'None'
[0.811s] Level 5:colcon.colcon_core.verb:set package 'rto_safety' build argument 'catkin_skip_building_tests' from command line to 'False'
[0.811s] DEBUG:colcon.colcon_core.verb:Building package 'rto_safety' with the following arguments: {'ament_cmake_args': None, 'build_base': '/home/oscar/robotino_ros2_ws/build/rto_safety', 'catkin_cmake_args': None, 'catkin_skip_building_tests': False, 'cmake_args': None, 'cmake_clean_cache': True, 'cmake_clean_first': False, 'cmake_force_configure': False, 'cmake_target': None, 'cmake_target_skip_unavailable': False, 'install_base': '/home/oscar/robotino_ros2_ws/install/rto_safety', 'merge_install': False, 'path': '/home/oscar/robotino_ros2_ws/src/ros2-robotino/rto_safety', 'symlink_install': True, 'test_result_base': None}
[0.812s] INFO:colcon.colcon_core.executor:Executing jobs using 'parallel' executor
[0.815s] DEBUG:colcon.colcon_parallel_executor.executor.parallel:run_until_complete
[0.817s] INFO:colcon.colcon_ros.task.ament_cmake.build:Building ROS package in '/home/oscar/robotino_ros2_ws/src/ros2-robotino/rto_msgs' with build type 'ament_cmake'
[0.818s] INFO:colcon.colcon_cmake.task.cmake.build:Building CMake package in '/home/oscar/robotino_ros2_ws/src/ros2-robotino/rto_msgs'
[0.825s] INFO:colcon.colcon_core.plugin_system:Skipping extension 'colcon_core.shell.bat': Not used on non-Windows systems
[0.826s] INFO:colcon.colcon_core.shell:Skip shell extension 'powershell' for command environment: Not usable outside of PowerShell
[0.826s] DEBUG:colcon.colcon_core.shell:Skip shell extension 'dsv' for command environment
[0.850s] INFO:colcon.colcon_ros.task.ament_cmake.build:Building ROS package in '/home/oscar/robotino_ros2_ws/src/ros2-robotino/rto_description' with build type 'ament_cmake'
[0.850s] INFO:colcon.colcon_cmake.task.cmake.build:Building CMake package in '/home/oscar/robotino_ros2_ws/src/ros2-robotino/rto_description'
[0.850s] INFO:colcon.colcon_core.shell:Skip shell extension 'powershell' for command environment: Not usable outside of PowerShell
[0.850s] DEBUG:colcon.colcon_core.shell:Skip shell extension 'dsv' for command environment
[0.880s] DEBUG:colcon.colcon_core.event_handler.log_command:Invoking command in '/home/oscar/robotino_ros2_ws/build/rto_msgs': CMAKE_PREFIX_PATH=${CMAKE_PREFIX_PATH}:/home/oscar/control_ws/install/pose_controller:/home/oscar/ws_moveit2/install/moveit_configs_utils:/opt/ros/jazzy DEBUGINFOD_URLS=https://debuginfod.ubuntu.com /usr/bin/cmake /home/oscar/robotino_ros2_ws/src/ros2-robotino/rto_msgs -DAMENT_CMAKE_SYMLINK_INSTALL=1 -DCMAKE_INSTALL_PREFIX=/home/oscar/robotino_ros2_ws/install/rto_msgs
[0.892s] DEBUG:colcon.colcon_core.event_handler.log_command:Invoking command in '/home/oscar/robotino_ros2_ws/build/rto_description': CMAKE_PREFIX_PATH=${CMAKE_PREFIX_PATH}:/home/oscar/control_ws/install/pose_controller:/home/oscar/ws_moveit2/install/moveit_configs_utils:/opt/ros/jazzy DEBUGINFOD_URLS=https://debuginfod.ubuntu.com /usr/bin/cmake /home/oscar/robotino_ros2_ws/src/ros2-robotino/rto_description -DAMENT_CMAKE_SYMLINK_INSTALL=1 -DCMAKE_INSTALL_PREFIX=/home/oscar/robotino_ros2_ws/install/rto_description
[3.089s] DEBUG:colcon.colcon_core.event_handler.log_command:Invoked command in '/home/oscar/robotino_ros2_ws/build/rto_description' returned '0': CMAKE_PREFIX_PATH=${CMAKE_PREFIX_PATH}:/home/oscar/control_ws/install/pose_controller:/home/oscar/ws_moveit2/install/moveit_configs_utils:/opt/ros/jazzy DEBUGINFOD_URLS=https://debuginfod.ubuntu.com /usr/bin/cmake /home/oscar/robotino_ros2_ws/src/ros2-robotino/rto_description -DAMENT_CMAKE_SYMLINK_INSTALL=1 -DCMAKE_INSTALL_PREFIX=/home/oscar/robotino_ros2_ws/install/rto_description
[3.092s] DEBUG:colcon.colcon_core.event_handler.log_command:Invoking command in '/home/oscar/robotino_ros2_ws/build/rto_description': CMAKE_PREFIX_PATH=${CMAKE_PREFIX_PATH}:/home/oscar/control_ws/install/pose_controller:/home/oscar/ws_moveit2/install/moveit_configs_utils:/opt/ros/jazzy DEBUGINFOD_URLS=https://debuginfod.ubuntu.com /usr/bin/cmake --build /home/oscar/robotino_ros2_ws/build/rto_description -- -j8 -l8
[3.209s] DEBUG:colcon.colcon_core.event_handler.log_command:Invoked command in '/home/oscar/robotino_ros2_ws/build/rto_description' returned '0': CMAKE_PREFIX_PATH=${CMAKE_PREFIX_PATH}:/home/oscar/control_ws/install/pose_controller:/home/oscar/ws_moveit2/install/moveit_configs_utils:/opt/ros/jazzy DEBUGINFOD_URLS=https://debuginfod.ubuntu.com /usr/bin/cmake --build /home/oscar/robotino_ros2_ws/build/rto_description -- -j8 -l8
[3.241s] DEBUG:colcon.colcon_core.event_handler.log_command:Invoking command in '/home/oscar/robotino_ros2_ws/build/rto_description': CMAKE_PREFIX_PATH=${CMAKE_PREFIX_PATH}:/home/oscar/control_ws/install/pose_controller:/home/oscar/ws_moveit2/install/moveit_configs_utils:/opt/ros/jazzy DEBUGINFOD_URLS=https://debuginfod.ubuntu.com /usr/bin/cmake --install /home/oscar/robotino_ros2_ws/build/rto_description
[3.314s] Level 1:colcon.colcon_core.environment:create_environment_scripts_only(rto_description)
[3.315s] DEBUG:colcon.colcon_core.event_handler.log_command:Invoked command in '/home/oscar/robotino_ros2_ws/build/rto_description' returned '0': CMAKE_PREFIX_PATH=${CMAKE_PREFIX_PATH}:/home/oscar/control_ws/install/pose_controller:/home/oscar/ws_moveit2/install/moveit_configs_utils:/opt/ros/jazzy DEBUGINFOD_URLS=https://debuginfod.ubuntu.com /usr/bin/cmake --install /home/oscar/robotino_ros2_ws/build/rto_description
[3.318s] Level 1:colcon.colcon_core.environment:checking '/home/oscar/robotino_ros2_ws/install/rto_description' for CMake module files
[3.320s] Level 1:colcon.colcon_core.environment:checking '/home/oscar/robotino_ros2_ws/install/rto_description' for CMake config files
[3.320s] Level 1:colcon.colcon_core.shell:create_environment_hook('rto_description', 'cmake_prefix_path')
[3.321s] INFO:colcon.colcon_core.shell:Creating environment hook '/home/oscar/robotino_ros2_ws/install/rto_description/share/rto_description/hook/cmake_prefix_path.ps1'
[3.322s] INFO:colcon.colcon_core.shell:Creating environment descriptor '/home/oscar/robotino_ros2_ws/install/rto_description/share/rto_description/hook/cmake_prefix_path.dsv'
[3.322s] INFO:colcon.colcon_core.shell:Creating environment hook '/home/oscar/robotino_ros2_ws/install/rto_description/share/rto_description/hook/cmake_prefix_path.sh'
[3.325s] Level 1:colcon.colcon_core.environment:checking '/home/oscar/robotino_ros2_ws/install/rto_description/bin'
[3.325s] Level 1:colcon.colcon_core.environment:checking '/home/oscar/robotino_ros2_ws/install/rto_description/lib/pkgconfig/rto_description.pc'
[3.326s] Level 1:colcon.colcon_core.environment:checking '/home/oscar/robotino_ros2_ws/install/rto_description/lib/python3.12/site-packages'
[3.326s] Level 1:colcon.colcon_core.environment:checking '/home/oscar/robotino_ros2_ws/install/rto_description/bin'
[3.327s] INFO:colcon.colcon_core.shell:Creating package script '/home/oscar/robotino_ros2_ws/install/rto_description/share/rto_description/package.ps1'
[3.329s] INFO:colcon.colcon_core.shell:Creating package descriptor '/home/oscar/robotino_ros2_ws/install/rto_description/share/rto_description/package.dsv'
[3.331s] INFO:colcon.colcon_core.shell:Creating package script '/home/oscar/robotino_ros2_ws/install/rto_description/share/rto_description/package.sh'
[3.332s] INFO:colcon.colcon_core.shell:Creating package script '/home/oscar/robotino_ros2_ws/install/rto_description/share/rto_description/package.bash'
[3.333s] INFO:colcon.colcon_core.shell:Creating package script '/home/oscar/robotino_ros2_ws/install/rto_description/share/rto_description/package.zsh'
[3.334s] Level 1:colcon.colcon_core.environment:create_file_with_runtime_dependencies(/home/oscar/robotino_ros2_ws/install/rto_description/share/colcon-core/packages/rto_description)
[3.335s] Level 1:colcon.colcon_core.environment:create_environment_scripts_only(rto_description)
[3.336s] Level 1:colcon.colcon_core.environment:checking '/home/oscar/robotino_ros2_ws/install/rto_description' for CMake module files
[3.337s] Level 1:colcon.colcon_core.environment:checking '/home/oscar/robotino_ros2_ws/install/rto_description' for CMake config files
[3.337s] Level 1:colcon.colcon_core.shell:create_environment_hook('rto_description', 'cmake_prefix_path')
[3.338s] INFO:colcon.colcon_core.shell:Creating environment hook '/home/oscar/robotino_ros2_ws/install/rto_description/share/rto_description/hook/cmake_prefix_path.ps1'
[3.338s] INFO:colcon.colcon_core.shell:Creating environment descriptor '/home/oscar/robotino_ros2_ws/install/rto_description/share/rto_description/hook/cmake_prefix_path.dsv'
[3.339s] INFO:colcon.colcon_core.shell:Creating environment hook '/home/oscar/robotino_ros2_ws/install/rto_description/share/rto_description/hook/cmake_prefix_path.sh'
[3.340s] Level 1:colcon.colcon_core.environment:checking '/home/oscar/robotino_ros2_ws/install/rto_description/bin'
[3.340s] Level 1:colcon.colcon_core.environment:checking '/home/oscar/robotino_ros2_ws/install/rto_description/lib/pkgconfig/rto_description.pc'
[3.340s] Level 1:colcon.colcon_core.environment:checking '/home/oscar/robotino_ros2_ws/install/rto_description/lib/python3.12/site-packages'
[3.341s] Level 1:colcon.colcon_core.environment:checking '/home/oscar/robotino_ros2_ws/install/rto_description/bin'
[3.341s] INFO:colcon.colcon_core.shell:Creating package script '/home/oscar/robotino_ros2_ws/install/rto_description/share/rto_description/package.ps1'
[3.342s] INFO:colcon.colcon_core.shell:Creating package descriptor '/home/oscar/robotino_ros2_ws/install/rto_description/share/rto_description/package.dsv'
[3.343s] INFO:colcon.colcon_core.shell:Creating package script '/home/oscar/robotino_ros2_ws/install/rto_description/share/rto_description/package.sh'
[3.344s] INFO:colcon.colcon_core.shell:Creating package script '/home/oscar/robotino_ros2_ws/install/rto_description/share/rto_description/package.bash'
[3.345s] INFO:colcon.colcon_core.shell:Creating package script '/home/oscar/robotino_ros2_ws/install/rto_description/share/rto_description/package.zsh'
[3.346s] Level 1:colcon.colcon_core.environment:create_file_with_runtime_dependencies(/home/oscar/robotino_ros2_ws/install/rto_description/share/colcon-core/packages/rto_description)
[10.103s] DEBUG:colcon.colcon_core.event_handler.log_command:Invoked command in '/home/oscar/robotino_ros2_ws/build/rto_msgs' returned '0': CMAKE_PREFIX_PATH=${CMAKE_PREFIX_PATH}:/home/oscar/control_ws/install/pose_controller:/home/oscar/ws_moveit2/install/moveit_configs_utils:/opt/ros/jazzy DEBUGINFOD_URLS=https://debuginfod.ubuntu.com /usr/bin/cmake /home/oscar/robotino_ros2_ws/src/ros2-robotino/rto_msgs -DAMENT_CMAKE_SYMLINK_INSTALL=1 -DCMAKE_INSTALL_PREFIX=/home/oscar/robotino_ros2_ws/install/rto_msgs
[10.105s] DEBUG:colcon.colcon_core.event_handler.log_command:Invoking command in '/home/oscar/robotino_ros2_ws/build/rto_msgs': CMAKE_PREFIX_PATH=${CMAKE_PREFIX_PATH}:/home/oscar/control_ws/install/pose_controller:/home/oscar/ws_moveit2/install/moveit_configs_utils:/opt/ros/jazzy DEBUGINFOD_URLS=https://debuginfod.ubuntu.com /usr/bin/cmake --build /home/oscar/robotino_ros2_ws/build/rto_msgs -- -j8 -l8
[12.620s] DEBUG:colcon.colcon_core.event_handler.log_command:Invoked command in '/home/oscar/robotino_ros2_ws/build/rto_msgs' returned '0': CMAKE_PREFIX_PATH=${CMAKE_PREFIX_PATH}:/home/oscar/control_ws/install/pose_controller:/home/oscar/ws_moveit2/install/moveit_configs_utils:/opt/ros/jazzy DEBUGINFOD_URLS=https://debuginfod.ubuntu.com /usr/bin/cmake --build /home/oscar/robotino_ros2_ws/build/rto_msgs -- -j8 -l8
[12.622s] DEBUG:colcon.colcon_core.event_handler.log_command:Invoking command in '/home/oscar/robotino_ros2_ws/build/rto_msgs': CMAKE_PREFIX_PATH=${CMAKE_PREFIX_PATH}:/home/oscar/control_ws/install/pose_controller:/home/oscar/ws_moveit2/install/moveit_configs_utils:/opt/ros/jazzy DEBUGINFOD_URLS=https://debuginfod.ubuntu.com /usr/bin/cmake --install /home/oscar/robotino_ros2_ws/build/rto_msgs
[12.873s] Level 1:colcon.colcon_core.environment:create_environment_scripts_only(rto_msgs)
[12.873s] Level 1:colcon.colcon_core.environment:checking '/home/oscar/robotino_ros2_ws/install/rto_msgs' for CMake module files
[12.874s] DEBUG:colcon.colcon_core.event_handler.log_command:Invoked command in '/home/oscar/robotino_ros2_ws/build/rto_msgs' returned '0': CMAKE_PREFIX_PATH=${CMAKE_PREFIX_PATH}:/home/oscar/control_ws/install/pose_controller:/home/oscar/ws_moveit2/install/moveit_configs_utils:/opt/ros/jazzy DEBUGINFOD_URLS=https://debuginfod.ubuntu.com /usr/bin/cmake --install /home/oscar/robotino_ros2_ws/build/rto_msgs
[12.875s] Level 1:colcon.colcon_core.environment:checking '/home/oscar/robotino_ros2_ws/install/rto_msgs' for CMake config files
[12.878s] Level 1:colcon.colcon_core.shell:create_environment_hook('rto_msgs', 'cmake_prefix_path')
[12.879s] INFO:colcon.colcon_core.shell:Creating environment hook '/home/oscar/robotino_ros2_ws/install/rto_msgs/share/rto_msgs/hook/cmake_prefix_path.ps1'
[12.880s] INFO:colcon.colcon_core.shell:Creating environment descriptor '/home/oscar/robotino_ros2_ws/install/rto_msgs/share/rto_msgs/hook/cmake_prefix_path.dsv'
[12.881s] INFO:colcon.colcon_core.shell:Creating environment hook '/home/oscar/robotino_ros2_ws/install/rto_msgs/share/rto_msgs/hook/cmake_prefix_path.sh'
[12.884s] Level 1:colcon.colcon_core.environment:checking '/home/oscar/robotino_ros2_ws/install/rto_msgs/lib'
[12.884s] Level 1:colcon.colcon_core.shell:create_environment_hook('rto_msgs', 'ld_library_path_lib')
[12.885s] INFO:colcon.colcon_core.shell:Creating environment hook '/home/oscar/robotino_ros2_ws/install/rto_msgs/share/rto_msgs/hook/ld_library_path_lib.ps1'
[12.887s] INFO:colcon.colcon_core.shell:Creating environment descriptor '/home/oscar/robotino_ros2_ws/install/rto_msgs/share/rto_msgs/hook/ld_library_path_lib.dsv'
[12.889s] INFO:colcon.colcon_core.shell:Creating environment hook '/home/oscar/robotino_ros2_ws/install/rto_msgs/share/rto_msgs/hook/ld_library_path_lib.sh'
[12.892s] Level 1:colcon.colcon_core.environment:checking '/home/oscar/robotino_ros2_ws/install/rto_msgs/bin'
[12.892s] Level 1:colcon.colcon_core.environment:checking '/home/oscar/robotino_ros2_ws/install/rto_msgs/lib/pkgconfig/rto_msgs.pc'
[12.893s] Level 1:colcon.colcon_core.environment:checking '/home/oscar/robotino_ros2_ws/install/rto_msgs/lib/python3.12/site-packages'
[12.893s] Level 1:colcon.colcon_core.shell:create_environment_hook('rto_msgs', 'pythonpath')
[12.893s] INFO:colcon.colcon_core.shell:Creating environment hook '/home/oscar/robotino_ros2_ws/install/rto_msgs/share/rto_msgs/hook/pythonpath.ps1'
[12.894s] INFO:colcon.colcon_core.shell:Creating environment descriptor '/home/oscar/robotino_ros2_ws/install/rto_msgs/share/rto_msgs/hook/pythonpath.dsv'
[12.895s] INFO:colcon.colcon_core.shell:Creating environment hook '/home/oscar/robotino_ros2_ws/install/rto_msgs/share/rto_msgs/hook/pythonpath.sh'
[12.896s] Level 1:colcon.colcon_core.environment:checking '/home/oscar/robotino_ros2_ws/install/rto_msgs/bin'
[12.897s] INFO:colcon.colcon_core.shell:Creating package script '/home/oscar/robotino_ros2_ws/install/rto_msgs/share/rto_msgs/package.ps1'
[12.898s] INFO:colcon.colcon_core.shell:Creating package descriptor '/home/oscar/robotino_ros2_ws/install/rto_msgs/share/rto_msgs/package.dsv'
[12.899s] INFO:colcon.colcon_core.shell:Creating package script '/home/oscar/robotino_ros2_ws/install/rto_msgs/share/rto_msgs/package.sh'
[12.900s] INFO:colcon.colcon_core.shell:Creating package script '/home/oscar/robotino_ros2_ws/install/rto_msgs/share/rto_msgs/package.bash'
[12.900s] INFO:colcon.colcon_core.shell:Creating package script '/home/oscar/robotino_ros2_ws/install/rto_msgs/share/rto_msgs/package.zsh'
[12.901s] Level 1:colcon.colcon_core.environment:create_file_with_runtime_dependencies(/home/oscar/robotino_ros2_ws/install/rto_msgs/share/colcon-core/packages/rto_msgs)
[12.903s] Level 1:colcon.colcon_core.environment:create_environment_scripts_only(rto_msgs)
[12.903s] Level 1:colcon.colcon_core.environment:checking '/home/oscar/robotino_ros2_ws/install/rto_msgs' for CMake module files
[12.904s] Level 1:colcon.colcon_core.environment:checking '/home/oscar/robotino_ros2_ws/install/rto_msgs' for CMake config files
[12.906s] Level 1:colcon.colcon_core.shell:create_environment_hook('rto_msgs', 'cmake_prefix_path')
[12.906s] INFO:colcon.colcon_core.shell:Creating environment hook '/home/oscar/robotino_ros2_ws/install/rto_msgs/share/rto_msgs/hook/cmake_prefix_path.ps1'
[12.907s] INFO:colcon.colcon_core.shell:Creating environment descriptor '/home/oscar/robotino_ros2_ws/install/rto_msgs/share/rto_msgs/hook/cmake_prefix_path.dsv'
[12.908s] INFO:colcon.colcon_core.shell:Creating environment hook '/home/oscar/robotino_ros2_ws/install/rto_msgs/share/rto_msgs/hook/cmake_prefix_path.sh'
[12.910s] Level 1:colcon.colcon_core.environment:checking '/home/oscar/robotino_ros2_ws/install/rto_msgs/lib'
[12.910s] Level 1:colcon.colcon_core.shell:create_environment_hook('rto_msgs', 'ld_library_path_lib')
[12.910s] INFO:colcon.colcon_core.shell:Creating environment hook '/home/oscar/robotino_ros2_ws/install/rto_msgs/share/rto_msgs/hook/ld_library_path_lib.ps1'
[12.910s] INFO:colcon.colcon_core.shell:Creating environment descriptor '/home/oscar/robotino_ros2_ws/install/rto_msgs/share/rto_msgs/hook/ld_library_path_lib.dsv'
[12.911s] INFO:colcon.colcon_core.shell:Creating environment hook '/home/oscar/robotino_ros2_ws/install/rto_msgs/share/rto_msgs/hook/ld_library_path_lib.sh'
[12.911s] Level 1:colcon.colcon_core.environment:checking '/home/oscar/robotino_ros2_ws/install/rto_msgs/bin'
[12.911s] Level 1:colcon.colcon_core.environment:checking '/home/oscar/robotino_ros2_ws/install/rto_msgs/lib/pkgconfig/rto_msgs.pc'
[12.911s] Level 1:colcon.colcon_core.environment:checking '/home/oscar/robotino_ros2_ws/install/rto_msgs/lib/python3.12/site-packages'
[12.912s] Level 1:colcon.colcon_core.shell:create_environment_hook('rto_msgs', 'pythonpath')
[12.912s] INFO:colcon.colcon_core.shell:Creating environment hook '/home/oscar/robotino_ros2_ws/install/rto_msgs/share/rto_msgs/hook/pythonpath.ps1'
[12.912s] INFO:colcon.colcon_core.shell:Creating environment descriptor '/home/oscar/robotino_ros2_ws/install/rto_msgs/share/rto_msgs/hook/pythonpath.dsv'
[12.912s] INFO:colcon.colcon_core.shell:Creating environment hook '/home/oscar/robotino_ros2_ws/install/rto_msgs/share/rto_msgs/hook/pythonpath.sh'
[12.913s] Level 1:colcon.colcon_core.environment:checking '/home/oscar/robotino_ros2_ws/install/rto_msgs/bin'
[12.913s] INFO:colcon.colcon_core.shell:Creating package script '/home/oscar/robotino_ros2_ws/install/rto_msgs/share/rto_msgs/package.ps1'
[12.914s] INFO:colcon.colcon_core.shell:Creating package descriptor '/home/oscar/robotino_ros2_ws/install/rto_msgs/share/rto_msgs/package.dsv'
[12.915s] INFO:colcon.colcon_core.shell:Creating package script '/home/oscar/robotino_ros2_ws/install/rto_msgs/share/rto_msgs/package.sh'
[12.915s] INFO:colcon.colcon_core.shell:Creating package script '/home/oscar/robotino_ros2_ws/install/rto_msgs/share/rto_msgs/package.bash'
[12.916s] INFO:colcon.colcon_core.shell:Creating package script '/home/oscar/robotino_ros2_ws/install/rto_msgs/share/rto_msgs/package.zsh'
[12.916s] Level 1:colcon.colcon_core.environment:create_file_with_runtime_dependencies(/home/oscar/robotino_ros2_ws/install/rto_msgs/share/colcon-core/packages/rto_msgs)
[12.917s] INFO:colcon.colcon_ros.task.ament_cmake.build:Building ROS package in '/home/oscar/robotino_ros2_ws/src/ros2-robotino/rto_node' with build type 'ament_cmake'
[12.917s] INFO:colcon.colcon_cmake.task.cmake.build:Building CMake package in '/home/oscar/robotino_ros2_ws/src/ros2-robotino/rto_node'
[12.917s] INFO:colcon.colcon_core.shell:Skip shell extension 'powershell' for command environment: Not usable outside of PowerShell
[12.917s] DEBUG:colcon.colcon_core.shell:Skip shell extension 'dsv' for command environment
[12.960s] DEBUG:colcon.colcon_core.event_handler.log_command:Invoking command in '/home/oscar/robotino_ros2_ws/build/rto_node': CMAKE_PREFIX_PATH=/home/oscar/robotino_ros2_ws/install/rto_msgs:/home/oscar/robotino_ros2_ws/install/rto_safety:/home/oscar/robotino_ros2_ws/install/rto_node:/home/oscar/robotino_ros2_ws/install/rto_description:/home/oscar/ros2_ws/install:/home/oscar/ws_moveit2/install/pilz_industrial_motion_planner_testutils:/home/oscar/ws_moveit2/install/moveit_runtime:/home/oscar/ws_moveit2/install/moveit:/home/oscar/ws_moveit2/install/moveit_planners:/home/oscar/ws_moveit2/install/pilz_industrial_motion_planner:/home/oscar/ws_moveit2/install/moveit_ros_control_interface:/home/oscar/ws_moveit2/install/moveit_plugins:/home/oscar/ws_moveit2/install/moveit_simple_controller_manager:/home/oscar/ws_moveit2/install/moveit_setup_assistant:/home/oscar/ws_moveit2/install/moveit_setup_srdf_plugins:/home/oscar/ws_moveit2/install/moveit_setup_core_plugins:/home/oscar/ws_moveit2/install/moveit_setup_controllers:/home/oscar/ws_moveit2/install/moveit_setup_app_plugins:/home/oscar/ws_moveit2/install/moveit_setup_framework:/home/oscar/ws_moveit2/install/moveit_servo:/home/oscar/ws_moveit2/install/moveit_ros_trajectory_cache:/home/oscar/ws_moveit2/install/moveit_ros:/home/oscar/ws_moveit2/install/moveit_ros_visualization:/home/oscar/ws_moveit2/install/moveit_py:/home/oscar/ws_moveit2/install/moveit_hybrid_planning:/home/oscar/ws_moveit2/install/moveit_ros_planning_interface:/home/oscar/ws_moveit2/install/moveit_ros_benchmarks:/home/oscar/ws_moveit2/install/moveit_ros_warehouse:/home/oscar/ws_moveit2/install/moveit_ros_robot_interaction:/home/oscar/ws_moveit2/install/moveit_ros_perception:/home/oscar/ws_moveit2/install/moveit_resources_prbt_pg70_support:/home/oscar/ws_moveit2/install/moveit_resources_prbt_moveit_config:/home/oscar/ws_moveit2/install/moveit_ros_move_group:/home/oscar/ws_moveit2/install/moveit_planners_ompl:/home/oscar/ws_moveit2/install/moveit_kinematics:/home/oscar/ws_moveit2/install/moveit_ros_planning:/home/oscar/ws_moveit2/install/moveit_ros_occupancy_map_monitor:/home/oscar/ws_moveit2/install/moveit_resources_prbt_ikfast_manipulator_plugin:/home/oscar/ws_moveit2/install/moveit_planners_stomp:/home/oscar/ws_moveit2/install/moveit_planners_chomp:/home/oscar/ws_moveit2/install/chomp_motion_planner:/home/oscar/ws_moveit2/install/moveit_core:/home/oscar/ws_moveit2/install/srdfdom:/home/oscar/ws_moveit2/install/moveit_resources_prbt_support:/home/oscar/ws_moveit2/install/moveit_resources:/home/oscar/ws_moveit2/install/moveit_resources_pr2_description:/home/oscar/ws_moveit2/install/moveit_resources_panda_moveit_config:/home/oscar/ws_moveit2/install/dual_arm_panda_moveit_config:/home/oscar/ws_moveit2/install/moveit_resources_panda_description:/home/oscar/ws_moveit2/install/moveit_resources_fanuc_moveit_config:/home/oscar/ws_moveit2/install/moveit_resources_fanuc_description:/home/oscar/ws_moveit2/install/moveit_msgs:/home/oscar/ws_moveit2/install/moveit_common:/home/oscar/ws_moveit2/install/geometric_shapes:/opt/ros/jazzy/opt/gz_sim_vendor:/opt/ros/jazzy/opt/gz_sensors_vendor:/opt/ros/jazzy/opt/gz_physics_vendor:/opt/ros/jazzy/opt/sdformat_vendor:/opt/ros/jazzy/opt/gz_gui_vendor:/opt/ros/jazzy/opt/gz_transport_vendor:/opt/ros/jazzy/opt/gz_rendering_vendor:/opt/ros/jazzy/opt/gz_plugin_vendor:/opt/ros/jazzy/opt/gz_fuel_tools_vendor:/opt/ros/jazzy/opt/gz_msgs_vendor:/opt/ros/jazzy/opt/gz_common_vendor:/opt/ros/jazzy/opt/gz_math_vendor:/opt/ros/jazzy/opt/gz_utils_vendor:/opt/ros/jazzy/opt/gz_tools_vendor:/opt/ros/jazzy/opt/gz_ogre_next_vendor:/opt/ros/jazzy/opt/gz_dartsim_vendor:/opt/ros/jazzy/opt/gz_cmake_vendor:/home/oscar/control_ws/install/pose_controller:/home/oscar/ws_moveit2/install/moveit_configs_utils:/opt/ros/jazzy DEBUGINFOD_URLS=https://debuginfod.ubuntu.com PYTHONPATH=/home/oscar/robotino_ros2_ws/install/rto_msgs/lib/python3.12/site-packages:/home/oscar/robotino_ros2_ws/install/rto_node/lib/python3.12/site-packages:/home/oscar/control_ws/install/pose_controller/lib/python3.12/site-packages:/home/oscar/ws_moveit2/install/moveit_py/lib/python3.12/site-packages:/home/oscar/ws_moveit2/install/moveit_configs_utils/lib/python3.12/site-packages:/home/oscar/ws_moveit2/install/srdfdom/lib/python3.12/site-packages:/home/oscar/ws_moveit2/install/moveit_msgs/lib/python3.12/site-packages:/opt/ros/jazzy/lib/python3.12/site-packages /usr/bin/cmake /home/oscar/robotino_ros2_ws/src/ros2-robotino/rto_node -DAMENT_CMAKE_SYMLINK_INSTALL=1 -DCMAKE_INSTALL_PREFIX=/home/oscar/robotino_ros2_ws/install/rto_node
[17.747s] DEBUG:colcon.colcon_core.event_handler.log_command:Invoked command in '/home/oscar/robotino_ros2_ws/build/rto_node' returned '0': CMAKE_PREFIX_PATH=/home/oscar/robotino_ros2_ws/install/rto_msgs:/home/oscar/robotino_ros2_ws/install/rto_safety:/home/oscar/robotino_ros2_ws/install/rto_node:/home/oscar/robotino_ros2_ws/install/rto_description:/home/oscar/ros2_ws/install:/home/oscar/ws_moveit2/install/pilz_industrial_motion_planner_testutils:/home/oscar/ws_moveit2/install/moveit_runtime:/home/oscar/ws_moveit2/install/moveit:/home/oscar/ws_moveit2/install/moveit_planners:/home/oscar/ws_moveit2/install/pilz_industrial_motion_planner:/home/oscar/ws_moveit2/install/moveit_ros_control_interface:/home/oscar/ws_moveit2/install/moveit_plugins:/home/oscar/ws_moveit2/install/moveit_simple_controller_manager:/home/oscar/ws_moveit2/install/moveit_setup_assistant:/home/oscar/ws_moveit2/install/moveit_setup_srdf_plugins:/home/oscar/ws_moveit2/install/moveit_setup_core_plugins:/home/oscar/ws_moveit2/install/moveit_setup_controllers:/home/oscar/ws_moveit2/install/moveit_setup_app_plugins:/home/oscar/ws_moveit2/install/moveit_setup_framework:/home/oscar/ws_moveit2/install/moveit_servo:/home/oscar/ws_moveit2/install/moveit_ros_trajectory_cache:/home/oscar/ws_moveit2/install/moveit_ros:/home/oscar/ws_moveit2/install/moveit_ros_visualization:/home/oscar/ws_moveit2/install/moveit_py:/home/oscar/ws_moveit2/install/moveit_hybrid_planning:/home/oscar/ws_moveit2/install/moveit_ros_planning_interface:/home/oscar/ws_moveit2/install/moveit_ros_benchmarks:/home/oscar/ws_moveit2/install/moveit_ros_warehouse:/home/oscar/ws_moveit2/install/moveit_ros_robot_interaction:/home/oscar/ws_moveit2/install/moveit_ros_perception:/home/oscar/ws_moveit2/install/moveit_resources_prbt_pg70_support:/home/oscar/ws_moveit2/install/moveit_resources_prbt_moveit_config:/home/oscar/ws_moveit2/install/moveit_ros_move_group:/home/oscar/ws_moveit2/install/moveit_planners_ompl:/home/oscar/ws_moveit2/install/moveit_kinematics:/home/oscar/ws_moveit2/install/moveit_ros_planning:/home/oscar/ws_moveit2/install/moveit_ros_occupancy_map_monitor:/home/oscar/ws_moveit2/install/moveit_resources_prbt_ikfast_manipulator_plugin:/home/oscar/ws_moveit2/install/moveit_planners_stomp:/home/oscar/ws_moveit2/install/moveit_planners_chomp:/home/oscar/ws_moveit2/install/chomp_motion_planner:/home/oscar/ws_moveit2/install/moveit_core:/home/oscar/ws_moveit2/install/srdfdom:/home/oscar/ws_moveit2/install/moveit_resources_prbt_support:/home/oscar/ws_moveit2/install/moveit_resources:/home/oscar/ws_moveit2/install/moveit_resources_pr2_description:/home/oscar/ws_moveit2/install/moveit_resources_panda_moveit_config:/home/oscar/ws_moveit2/install/dual_arm_panda_moveit_config:/home/oscar/ws_moveit2/install/moveit_resources_panda_description:/home/oscar/ws_moveit2/install/moveit_resources_fanuc_moveit_config:/home/oscar/ws_moveit2/install/moveit_resources_fanuc_description:/home/oscar/ws_moveit2/install/moveit_msgs:/home/oscar/ws_moveit2/install/moveit_common:/home/oscar/ws_moveit2/install/geometric_shapes:/opt/ros/jazzy/opt/gz_sim_vendor:/opt/ros/jazzy/opt/gz_sensors_vendor:/opt/ros/jazzy/opt/gz_physics_vendor:/opt/ros/jazzy/opt/sdformat_vendor:/opt/ros/jazzy/opt/gz_gui_vendor:/opt/ros/jazzy/opt/gz_transport_vendor:/opt/ros/jazzy/opt/gz_rendering_vendor:/opt/ros/jazzy/opt/gz_plugin_vendor:/opt/ros/jazzy/opt/gz_fuel_tools_vendor:/opt/ros/jazzy/opt/gz_msgs_vendor:/opt/ros/jazzy/opt/gz_common_vendor:/opt/ros/jazzy/opt/gz_math_vendor:/opt/ros/jazzy/opt/gz_utils_vendor:/opt/ros/jazzy/opt/gz_tools_vendor:/opt/ros/jazzy/opt/gz_ogre_next_vendor:/opt/ros/jazzy/opt/gz_dartsim_vendor:/opt/ros/jazzy/opt/gz_cmake_vendor:/home/oscar/control_ws/install/pose_controller:/home/oscar/ws_moveit2/install/moveit_configs_utils:/opt/ros/jazzy DEBUGINFOD_URLS=https://debuginfod.ubuntu.com PYTHONPATH=/home/oscar/robotino_ros2_ws/install/rto_msgs/lib/python3.12/site-packages:/home/oscar/robotino_ros2_ws/install/rto_node/lib/python3.12/site-packages:/home/oscar/control_ws/install/pose_controller/lib/python3.12/site-packages:/home/oscar/ws_moveit2/install/moveit_py/lib/python3.12/site-packages:/home/oscar/ws_moveit2/install/moveit_configs_utils/lib/python3.12/site-packages:/home/oscar/ws_moveit2/install/srdfdom/lib/python3.12/site-packages:/home/oscar/ws_moveit2/install/moveit_msgs/lib/python3.12/site-packages:/opt/ros/jazzy/lib/python3.12/site-packages /usr/bin/cmake /home/oscar/robotino_ros2_ws/src/ros2-robotino/rto_node -DAMENT_CMAKE_SYMLINK_INSTALL=1 -DCMAKE_INSTALL_PREFIX=/home/oscar/robotino_ros2_ws/install/rto_node
[17.747s] DEBUG:colcon.colcon_core.event_handler.log_command:Invoking command in '/home/oscar/robotino_ros2_ws/build/rto_node': CMAKE_PREFIX_PATH=/home/oscar/robotino_ros2_ws/install/rto_msgs:/home/oscar/robotino_ros2_ws/install/rto_safety:/home/oscar/robotino_ros2_ws/install/rto_node:/home/oscar/robotino_ros2_ws/install/rto_description:/home/oscar/ros2_ws/install:/home/oscar/ws_moveit2/install/pilz_industrial_motion_planner_testutils:/home/oscar/ws_moveit2/install/moveit_runtime:/home/oscar/ws_moveit2/install/moveit:/home/oscar/ws_moveit2/install/moveit_planners:/home/oscar/ws_moveit2/install/pilz_industrial_motion_planner:/home/oscar/ws_moveit2/install/moveit_ros_control_interface:/home/oscar/ws_moveit2/install/moveit_plugins:/home/oscar/ws_moveit2/install/moveit_simple_controller_manager:/home/oscar/ws_moveit2/install/moveit_setup_assistant:/home/oscar/ws_moveit2/install/moveit_setup_srdf_plugins:/home/oscar/ws_moveit2/install/moveit_setup_core_plugins:/home/oscar/ws_moveit2/install/moveit_setup_controllers:/home/oscar/ws_moveit2/install/moveit_setup_app_plugins:/home/oscar/ws_moveit2/install/moveit_setup_framework:/home/oscar/ws_moveit2/install/moveit_servo:/home/oscar/ws_moveit2/install/moveit_ros_trajectory_cache:/home/oscar/ws_moveit2/install/moveit_ros:/home/oscar/ws_moveit2/install/moveit_ros_visualization:/home/oscar/ws_moveit2/install/moveit_py:/home/oscar/ws_moveit2/install/moveit_hybrid_planning:/home/oscar/ws_moveit2/install/moveit_ros_planning_interface:/home/oscar/ws_moveit2/install/moveit_ros_benchmarks:/home/oscar/ws_moveit2/install/moveit_ros_warehouse:/home/oscar/ws_moveit2/install/moveit_ros_robot_interaction:/home/oscar/ws_moveit2/install/moveit_ros_perception:/home/oscar/ws_moveit2/install/moveit_resources_prbt_pg70_support:/home/oscar/ws_moveit2/install/moveit_resources_prbt_moveit_config:/home/oscar/ws_moveit2/install/moveit_ros_move_group:/home/oscar/ws_moveit2/install/moveit_planners_ompl:/home/oscar/ws_moveit2/install/moveit_kinematics:/home/oscar/ws_moveit2/install/moveit_ros_planning:/home/oscar/ws_moveit2/install/moveit_ros_occupancy_map_monitor:/home/oscar/ws_moveit2/install/moveit_resources_prbt_ikfast_manipulator_plugin:/home/oscar/ws_moveit2/install/moveit_planners_stomp:/home/oscar/ws_moveit2/install/moveit_planners_chomp:/home/oscar/ws_moveit2/install/chomp_motion_planner:/home/oscar/ws_moveit2/install/moveit_core:/home/oscar/ws_moveit2/install/srdfdom:/home/oscar/ws_moveit2/install/moveit_resources_prbt_support:/home/oscar/ws_moveit2/install/moveit_resources:/home/oscar/ws_moveit2/install/moveit_resources_pr2_description:/home/oscar/ws_moveit2/install/moveit_resources_panda_moveit_config:/home/oscar/ws_moveit2/install/dual_arm_panda_moveit_config:/home/oscar/ws_moveit2/install/moveit_resources_panda_description:/home/oscar/ws_moveit2/install/moveit_resources_fanuc_moveit_config:/home/oscar/ws_moveit2/install/moveit_resources_fanuc_description:/home/oscar/ws_moveit2/install/moveit_msgs:/home/oscar/ws_moveit2/install/moveit_common:/home/oscar/ws_moveit2/install/geometric_shapes:/opt/ros/jazzy/opt/gz_sim_vendor:/opt/ros/jazzy/opt/gz_sensors_vendor:/opt/ros/jazzy/opt/gz_physics_vendor:/opt/ros/jazzy/opt/sdformat_vendor:/opt/ros/jazzy/opt/gz_gui_vendor:/opt/ros/jazzy/opt/gz_transport_vendor:/opt/ros/jazzy/opt/gz_rendering_vendor:/opt/ros/jazzy/opt/gz_plugin_vendor:/opt/ros/jazzy/opt/gz_fuel_tools_vendor:/opt/ros/jazzy/opt/gz_msgs_vendor:/opt/ros/jazzy/opt/gz_common_vendor:/opt/ros/jazzy/opt/gz_math_vendor:/opt/ros/jazzy/opt/gz_utils_vendor:/opt/ros/jazzy/opt/gz_tools_vendor:/opt/ros/jazzy/opt/gz_ogre_next_vendor:/opt/ros/jazzy/opt/gz_dartsim_vendor:/opt/ros/jazzy/opt/gz_cmake_vendor:/home/oscar/control_ws/install/pose_controller:/home/oscar/ws_moveit2/install/moveit_configs_utils:/opt/ros/jazzy DEBUGINFOD_URLS=https://debuginfod.ubuntu.com PYTHONPATH=/home/oscar/robotino_ros2_ws/install/rto_msgs/lib/python3.12/site-packages:/home/oscar/robotino_ros2_ws/install/rto_node/lib/python3.12/site-packages:/home/oscar/control_ws/install/pose_controller/lib/python3.12/site-packages:/home/oscar/ws_moveit2/install/moveit_py/lib/python3.12/site-packages:/home/oscar/ws_moveit2/install/moveit_configs_utils/lib/python3.12/site-packages:/home/oscar/ws_moveit2/install/srdfdom/lib/python3.12/site-packages:/home/oscar/ws_moveit2/install/moveit_msgs/lib/python3.12/site-packages:/opt/ros/jazzy/lib/python3.12/site-packages /usr/bin/cmake --build /home/oscar/robotino_ros2_ws/build/rto_node -- -j8 -l8
[17.898s] DEBUG:colcon.colcon_core.event_handler.log_command:Invoked command in '/home/oscar/robotino_ros2_ws/build/rto_node' returned '2': CMAKE_PREFIX_PATH=/home/oscar/robotino_ros2_ws/install/rto_msgs:/home/oscar/robotino_ros2_ws/install/rto_safety:/home/oscar/robotino_ros2_ws/install/rto_node:/home/oscar/robotino_ros2_ws/install/rto_description:/home/oscar/ros2_ws/install:/home/oscar/ws_moveit2/install/pilz_industrial_motion_planner_testutils:/home/oscar/ws_moveit2/install/moveit_runtime:/home/oscar/ws_moveit2/install/moveit:/home/oscar/ws_moveit2/install/moveit_planners:/home/oscar/ws_moveit2/install/pilz_industrial_motion_planner:/home/oscar/ws_moveit2/install/moveit_ros_control_interface:/home/oscar/ws_moveit2/install/moveit_plugins:/home/oscar/ws_moveit2/install/moveit_simple_controller_manager:/home/oscar/ws_moveit2/install/moveit_setup_assistant:/home/oscar/ws_moveit2/install/moveit_setup_srdf_plugins:/home/oscar/ws_moveit2/install/moveit_setup_core_plugins:/home/oscar/ws_moveit2/install/moveit_setup_controllers:/home/oscar/ws_moveit2/install/moveit_setup_app_plugins:/home/oscar/ws_moveit2/install/moveit_setup_framework:/home/oscar/ws_moveit2/install/moveit_servo:/home/oscar/ws_moveit2/install/moveit_ros_trajectory_cache:/home/oscar/ws_moveit2/install/moveit_ros:/home/oscar/ws_moveit2/install/moveit_ros_visualization:/home/oscar/ws_moveit2/install/moveit_py:/home/oscar/ws_moveit2/install/moveit_hybrid_planning:/home/oscar/ws_moveit2/install/moveit_ros_planning_interface:/home/oscar/ws_moveit2/install/moveit_ros_benchmarks:/home/oscar/ws_moveit2/install/moveit_ros_warehouse:/home/oscar/ws_moveit2/install/moveit_ros_robot_interaction:/home/oscar/ws_moveit2/install/moveit_ros_perception:/home/oscar/ws_moveit2/install/moveit_resources_prbt_pg70_support:/home/oscar/ws_moveit2/install/moveit_resources_prbt_moveit_config:/home/oscar/ws_moveit2/install/moveit_ros_move_group:/home/oscar/ws_moveit2/install/moveit_planners_ompl:/home/oscar/ws_moveit2/install/moveit_kinematics:/home/oscar/ws_moveit2/install/moveit_ros_planning:/home/oscar/ws_moveit2/install/moveit_ros_occupancy_map_monitor:/home/oscar/ws_moveit2/install/moveit_resources_prbt_ikfast_manipulator_plugin:/home/oscar/ws_moveit2/install/moveit_planners_stomp:/home/oscar/ws_moveit2/install/moveit_planners_chomp:/home/oscar/ws_moveit2/install/chomp_motion_planner:/home/oscar/ws_moveit2/install/moveit_core:/home/oscar/ws_moveit2/install/srdfdom:/home/oscar/ws_moveit2/install/moveit_resources_prbt_support:/home/oscar/ws_moveit2/install/moveit_resources:/home/oscar/ws_moveit2/install/moveit_resources_pr2_description:/home/oscar/ws_moveit2/install/moveit_resources_panda_moveit_config:/home/oscar/ws_moveit2/install/dual_arm_panda_moveit_config:/home/oscar/ws_moveit2/install/moveit_resources_panda_description:/home/oscar/ws_moveit2/install/moveit_resources_fanuc_moveit_config:/home/oscar/ws_moveit2/install/moveit_resources_fanuc_description:/home/oscar/ws_moveit2/install/moveit_msgs:/home/oscar/ws_moveit2/install/moveit_common:/home/oscar/ws_moveit2/install/geometric_shapes:/opt/ros/jazzy/opt/gz_sim_vendor:/opt/ros/jazzy/opt/gz_sensors_vendor:/opt/ros/jazzy/opt/gz_physics_vendor:/opt/ros/jazzy/opt/sdformat_vendor:/opt/ros/jazzy/opt/gz_gui_vendor:/opt/ros/jazzy/opt/gz_transport_vendor:/opt/ros/jazzy/opt/gz_rendering_vendor:/opt/ros/jazzy/opt/gz_plugin_vendor:/opt/ros/jazzy/opt/gz_fuel_tools_vendor:/opt/ros/jazzy/opt/gz_msgs_vendor:/opt/ros/jazzy/opt/gz_common_vendor:/opt/ros/jazzy/opt/gz_math_vendor:/opt/ros/jazzy/opt/gz_utils_vendor:/opt/ros/jazzy/opt/gz_tools_vendor:/opt/ros/jazzy/opt/gz_ogre_next_vendor:/opt/ros/jazzy/opt/gz_dartsim_vendor:/opt/ros/jazzy/opt/gz_cmake_vendor:/home/oscar/control_ws/install/pose_controller:/home/oscar/ws_moveit2/install/moveit_configs_utils:/opt/ros/jazzy DEBUGINFOD_URLS=https://debuginfod.ubuntu.com PYTHONPATH=/home/oscar/robotino_ros2_ws/install/rto_msgs/lib/python3.12/site-packages:/home/oscar/robotino_ros2_ws/install/rto_node/lib/python3.12/site-packages:/home/oscar/control_ws/install/pose_controller/lib/python3.12/site-packages:/home/oscar/ws_moveit2/install/moveit_py/lib/python3.12/site-packages:/home/oscar/ws_moveit2/install/moveit_configs_utils/lib/python3.12/site-packages:/home/oscar/ws_moveit2/install/srdfdom/lib/python3.12/site-packages:/home/oscar/ws_moveit2/install/moveit_msgs/lib/python3.12/site-packages:/opt/ros/jazzy/lib/python3.12/site-packages /usr/bin/cmake --build /home/oscar/robotino_ros2_ws/build/rto_node -- -j8 -l8
[17.898s] Level 1:colcon.colcon_core.environment:create_environment_scripts_only(rto_node)
[17.898s] Level 1:colcon.colcon_core.environment:checking '/home/oscar/robotino_ros2_ws/install/rto_node' for CMake module files
[17.901s] Level 1:colcon.colcon_core.environment:checking '/home/oscar/robotino_ros2_ws/install/rto_node' for CMake config files
[17.901s] Level 1:colcon.colcon_core.shell:create_environment_hook('rto_node', 'cmake_prefix_path')
[17.901s] INFO:colcon.colcon_core.shell:Creating environment hook '/home/oscar/robotino_ros2_ws/install/rto_node/share/rto_node/hook/cmake_prefix_path.ps1'
[17.902s] INFO:colcon.colcon_core.shell:Creating environment descriptor '/home/oscar/robotino_ros2_ws/install/rto_node/share/rto_node/hook/cmake_prefix_path.dsv'
[17.903s] INFO:colcon.colcon_core.shell:Creating environment hook '/home/oscar/robotino_ros2_ws/install/rto_node/share/rto_node/hook/cmake_prefix_path.sh'
[17.903s] Level 1:colcon.colcon_core.environment:checking '/home/oscar/robotino_ros2_ws/install/rto_node/lib'
[17.904s] Level 1:colcon.colcon_core.environment:checking '/home/oscar/robotino_ros2_ws/install/rto_node/bin'
[17.904s] Level 1:colcon.colcon_core.environment:checking '/home/oscar/robotino_ros2_ws/install/rto_node/lib/pkgconfig/rto_node.pc'
[17.904s] Level 1:colcon.colcon_core.environment:checking '/home/oscar/robotino_ros2_ws/install/rto_node/lib/python3.12/site-packages'
[17.904s] Level 1:colcon.colcon_core.shell:create_environment_hook('rto_node', 'pythonpath')
[17.905s] INFO:colcon.colcon_core.shell:Creating environment hook '/home/oscar/robotino_ros2_ws/install/rto_node/share/rto_node/hook/pythonpath.ps1'
[17.906s] INFO:colcon.colcon_core.shell:Creating environment descriptor '/home/oscar/robotino_ros2_ws/install/rto_node/share/rto_node/hook/pythonpath.dsv'
[17.909s] INFO:colcon.colcon_core.shell:Creating environment hook '/home/oscar/robotino_ros2_ws/install/rto_node/share/rto_node/hook/pythonpath.sh'
[17.910s] Level 1:colcon.colcon_core.environment:checking '/home/oscar/robotino_ros2_ws/install/rto_node/bin'
[17.911s] INFO:colcon.colcon_core.shell:Creating package script '/home/oscar/robotino_ros2_ws/install/rto_node/share/rto_node/package.ps1'
[17.912s] INFO:colcon.colcon_core.shell:Creating package descriptor '/home/oscar/robotino_ros2_ws/install/rto_node/share/rto_node/package.dsv'
[17.914s] INFO:colcon.colcon_core.shell:Creating package script '/home/oscar/robotino_ros2_ws/install/rto_node/share/rto_node/package.sh'
[17.915s] INFO:colcon.colcon_core.shell:Creating package script '/home/oscar/robotino_ros2_ws/install/rto_node/share/rto_node/package.bash'
[17.917s] INFO:colcon.colcon_core.shell:Creating package script '/home/oscar/robotino_ros2_ws/install/rto_node/share/rto_node/package.zsh'
[17.918s] Level 1:colcon.colcon_core.environment:create_file_with_runtime_dependencies(/home/oscar/robotino_ros2_ws/install/rto_node/share/colcon-core/packages/rto_node)
[17.929s] DEBUG:colcon.colcon_parallel_executor.executor.parallel:closing loop
[17.929s] DEBUG:colcon.colcon_parallel_executor.executor.parallel:loop closed
[17.929s] DEBUG:colcon.colcon_parallel_executor.executor.parallel:run_until_complete finished with '2'
[17.930s] DEBUG:colcon.colcon_core.event_reactor:joining thread
[17.940s] INFO:colcon.colcon_core.plugin_system:Skipping extension 'colcon_notification.desktop_notification.terminal_notifier': Not used on non-Darwin systems
[17.940s] INFO:colcon.colcon_core.plugin_system:Skipping extension 'colcon_notification.desktop_notification.win32': Not used on non-Windows systems
[17.940s] INFO:colcon.colcon_notification.desktop_notification:Sending desktop notification using 'notify2'
[17.970s] DEBUG:colcon.colcon_core.event_reactor:joined thread
[17.971s] INFO:colcon.colcon_core.shell:Creating prefix script '/home/oscar/robotino_ros2_ws/install/local_setup.ps1'
[17.973s] INFO:colcon.colcon_core.shell:Creating prefix util module '/home/oscar/robotino_ros2_ws/install/_local_setup_util_ps1.py'
[17.975s] INFO:colcon.colcon_core.shell:Creating prefix chain script '/home/oscar/robotino_ros2_ws/install/setup.ps1'
[17.987s] INFO:colcon.colcon_core.shell:Creating prefix script '/home/oscar/robotino_ros2_ws/install/local_setup.sh'
[17.990s] INFO:colcon.colcon_core.shell:Creating prefix util module '/home/oscar/robotino_ros2_ws/install/_local_setup_util_sh.py'
[17.993s] INFO:colcon.colcon_core.shell:Creating prefix chain script '/home/oscar/robotino_ros2_ws/install/setup.sh'
[17.998s] INFO:colcon.colcon_core.shell:Creating prefix script '/home/oscar/robotino_ros2_ws/install/local_setup.bash'
[17.999s] INFO:colcon.colcon_core.shell:Creating prefix chain script '/home/oscar/robotino_ros2_ws/install/setup.bash'
[18.006s] INFO:colcon.colcon_core.shell:Creating prefix script '/home/oscar/robotino_ros2_ws/install/local_setup.zsh'
[18.008s] INFO:colcon.colcon_core.shell:Creating prefix chain script '/home/oscar/robotino_ros2_ws/install/setup.zsh'
