[0.041s] Invoking command in '/home/oscar/robotino_ros2_ws/build/rto_description': CMAKE_PREFIX_PATH=${CMAKE_PREFIX_PATH}:/home/oscar/control_ws/install/pose_controller:/home/oscar/ws_moveit2/install/moveit_configs_utils:/opt/ros/jazzy DEBUGINFOD_URLS=https://debuginfod.ubuntu.com /usr/bin/cmake /home/oscar/robotino_ros2_ws/src/ros2-robotino/rto_description -DAMENT_CMAKE_SYMLINK_INSTALL=1 -DCMAKE_INSTALL_PREFIX=/home/oscar/robotino_ros2_ws/install/rto_description
[0.206s] -- The C compiler identification is GNU 13.3.0
[0.343s] -- The CXX compiler identification is GNU 13.3.0
[0.392s] -- Detecting C compiler ABI info
[0.625s] -- Detecting C compiler ABI info - done
[0.649s] -- Check for working C compiler: /usr/bin/cc - skipped
[0.649s] -- Detecting C compile features
[0.649s] -- Detecting C compile features - done
[0.678s] -- Detecting CXX compiler ABI info
[0.955s] -- Detecting CXX compiler ABI info - done
[0.980s] -- Check for working CXX compiler: /usr/bin/c++ - skipped
[0.981s] -- Detecting CXX compile features
[0.982s] -- Detecting CXX compile features - done
[1.005s] -- Found ament_cmake: 2.5.3 (/opt/ros/jazzy/share/ament_cmake/cmake)
[1.551s] -- Found Python3: /usr/bin/python3 (found version "3.12.3") found components: Interpreter 
[1.760s] -- Override CMake install command with custom implementation using symlinks instead of copying resources
[2.210s] -- Configuring done (2.1s)
[2.219s] -- Generating done (0.0s)
[2.224s] -- Build files have been written to: /home/oscar/robotino_ros2_ws/build/rto_description
[2.238s] Invoked command in '/home/oscar/robotino_ros2_ws/build/rto_description' returned '0': CMAKE_PREFIX_PATH=${CMAKE_PREFIX_PATH}:/home/oscar/control_ws/install/pose_controller:/home/oscar/ws_moveit2/install/moveit_configs_utils:/opt/ros/jazzy DEBUGINFOD_URLS=https://debuginfod.ubuntu.com /usr/bin/cmake /home/oscar/robotino_ros2_ws/src/ros2-robotino/rto_description -DAMENT_CMAKE_SYMLINK_INSTALL=1 -DCMAKE_INSTALL_PREFIX=/home/oscar/robotino_ros2_ws/install/rto_description
[2.241s] Invoking command in '/home/oscar/robotino_ros2_ws/build/rto_description': CMAKE_PREFIX_PATH=${CMAKE_PREFIX_PATH}:/home/oscar/control_ws/install/pose_controller:/home/oscar/ws_moveit2/install/moveit_configs_utils:/opt/ros/jazzy DEBUGINFOD_URLS=https://debuginfod.ubuntu.com /usr/bin/cmake --build /home/oscar/robotino_ros2_ws/build/rto_description -- -j8 -l8
[2.358s] Invoked command in '/home/oscar/robotino_ros2_ws/build/rto_description' returned '0': CMAKE_PREFIX_PATH=${CMAKE_PREFIX_PATH}:/home/oscar/control_ws/install/pose_controller:/home/oscar/ws_moveit2/install/moveit_configs_utils:/opt/ros/jazzy DEBUGINFOD_URLS=https://debuginfod.ubuntu.com /usr/bin/cmake --build /home/oscar/robotino_ros2_ws/build/rto_description -- -j8 -l8
[2.390s] Invoking command in '/home/oscar/robotino_ros2_ws/build/rto_description': CMAKE_PREFIX_PATH=${CMAKE_PREFIX_PATH}:/home/oscar/control_ws/install/pose_controller:/home/oscar/ws_moveit2/install/moveit_configs_utils:/opt/ros/jazzy DEBUGINFOD_URLS=https://debuginfod.ubuntu.com /usr/bin/cmake --install /home/oscar/robotino_ros2_ws/build/rto_description
[2.414s] -- Install configuration: ""
[2.415s] -- Execute custom install script
[2.416s] -- Up-to-date symlink: /home/oscar/robotino_ros2_ws/install/rto_description/share/rto_description/launch/__pycache__/robotino_description.launch.cpython-312.pyc
[2.416s] -- Up-to-date symlink: /home/oscar/robotino_ros2_ws/install/rto_description/share/rto_description/launch/robotino_description.launch.py
[2.417s] -- Up-to-date symlink: /home/oscar/robotino_ros2_ws/install/rto_description/share/rto_description/urdf/components/robotino_body.urdf.xacro
[2.417s] -- Up-to-date symlink: /home/oscar/robotino_ros2_ws/install/rto_description/share/rto_description/urdf/components/robotino_parts.urdf.xacro
[2.418s] -- Up-to-date symlink: /home/oscar/robotino_ros2_ws/install/rto_description/share/rto_description/urdf/robots/robotino.urdf
[2.418s] -- Up-to-date symlink: /home/oscar/robotino_ros2_ws/install/rto_description/share/rto_description/urdf/robots/robotino.urdf.xacro
[2.418s] -- Up-to-date symlink: /home/oscar/robotino_ros2_ws/install/rto_description/share/rto_description/urdf/robots/robotino_description.urdf
[2.418s] -- Up-to-date symlink: /home/oscar/robotino_ros2_ws/install/rto_description/share/rto_description/urdf/robots/robotino_description.urdf.xacro
[2.419s] -- Up-to-date symlink: /home/oscar/robotino_ros2_ws/install/rto_description/share/rto_description/urdf/robots/robotino_description_plugin.xacro
[2.419s] -- Up-to-date symlink: /home/oscar/robotino_ros2_ws/install/rto_description/share/rto_description/urdf/robots/robotino_ros2control.xacro
[2.420s] -- Up-to-date symlink: /home/oscar/robotino_ros2_ws/install/rto_description/share/rto_description/urdf/sensors/3dsensor_gazebo.urdf.xacro
[2.420s] -- Up-to-date symlink: /home/oscar/robotino_ros2_ws/install/rto_description/share/rto_description/urdf/sensors/Sharp_IR_Sensor.urdf.xacro
[2.420s] -- Up-to-date symlink: /home/oscar/robotino_ros2_ws/install/rto_description/share/rto_description/urdf/sensors/asus_xtion_pro.urdf.xacro
[2.421s] -- Up-to-date symlink: /home/oscar/robotino_ros2_ws/install/rto_description/share/rto_description/urdf/sensors/camera.urdf.xacro
[2.421s] -- Up-to-date symlink: /home/oscar/robotino_ros2_ws/install/rto_description/share/rto_description/urdf/sensors/hokuyo.urdf.xacro
[2.422s] -- Up-to-date symlink: /home/oscar/robotino_ros2_ws/install/rto_description/share/rto_description/urdf/sensors/kinect.urdf.xacro
[2.422s] -- Up-to-date symlink: /home/oscar/robotino_ros2_ws/install/rto_description/share/rto_description/meshes/parts/angle_bracket_usb_hub.dae
[2.422s] -- Up-to-date symlink: /home/oscar/robotino_ros2_ws/install/rto_description/share/rto_description/meshes/parts/front.png
[2.422s] -- Up-to-date symlink: /home/oscar/robotino_ros2_ws/install/rto_description/share/rto_description/meshes/parts/panel.png
[2.423s] -- Up-to-date symlink: /home/oscar/robotino_ros2_ws/install/rto_description/share/rto_description/meshes/parts/robotino_base.dae
[2.424s] -- Up-to-date symlink: /home/oscar/robotino_ros2_ws/install/rto_description/share/rto_description/meshes/parts/robotino_wheel.dae
[2.424s] -- Up-to-date symlink: /home/oscar/robotino_ros2_ws/install/rto_description/share/rto_description/meshes/sensors/Sharp_IR_Sensor_GP2Y0A41SK0F.dae
[2.424s] -- Up-to-date symlink: /home/oscar/robotino_ros2_ws/install/rto_description/share/rto_description/meshes/sensors/asus_xtion_pro_live.dae
[2.425s] -- Up-to-date symlink: /home/oscar/robotino_ros2_ws/install/rto_description/share/rto_description/meshes/sensors/asus_xtion_pro_live.png
[2.425s] -- Up-to-date symlink: /home/oscar/robotino_ros2_ws/install/rto_description/share/rto_description/meshes/sensors/camera.dae
[2.425s] -- Up-to-date symlink: /home/oscar/robotino_ros2_ws/install/rto_description/share/rto_description/meshes/sensors/hokuyo.dae
[2.426s] -- Up-to-date symlink: /home/oscar/robotino_ros2_ws/install/rto_description/share/rto_description/meshes/sensors/kinect.dae
[2.426s] -- Up-to-date symlink: /home/oscar/robotino_ros2_ws/install/rto_description/share/rto_description/meshes/sensors/kinect.jpg
[2.426s] -- Up-to-date symlink: /home/oscar/robotino_ros2_ws/install/rto_description/share/rto_description/meshes/sensors/kinect.tga
[2.426s] -- Up-to-date symlink: /home/oscar/robotino_ros2_ws/install/rto_description/share/rto_description/meshes/sensors/robotparts.png
[2.427s] -- Up-to-date symlink: /home/oscar/robotino_ros2_ws/install/rto_description/share/rto_description/rviz/robotino_description.rviz
[2.427s] -- Up-to-date symlink: /home/oscar/robotino_ros2_ws/install/rto_description/share/ament_index/resource_index/package_run_dependencies/rto_description
[2.427s] -- Up-to-date symlink: /home/oscar/robotino_ros2_ws/install/rto_description/share/ament_index/resource_index/parent_prefix_path/rto_description
[2.427s] -- Up-to-date symlink: /home/oscar/robotino_ros2_ws/install/rto_description/share/rto_description/environment/ament_prefix_path.sh
[2.428s] -- Up-to-date symlink: /home/oscar/robotino_ros2_ws/install/rto_description/share/rto_description/environment/ament_prefix_path.dsv
[2.428s] -- Up-to-date symlink: /home/oscar/robotino_ros2_ws/install/rto_description/share/rto_description/environment/path.sh
[2.428s] -- Up-to-date symlink: /home/oscar/robotino_ros2_ws/install/rto_description/share/rto_description/environment/path.dsv
[2.429s] -- Up-to-date symlink: /home/oscar/robotino_ros2_ws/install/rto_description/share/rto_description/local_setup.bash
[2.429s] -- Up-to-date symlink: /home/oscar/robotino_ros2_ws/install/rto_description/share/rto_description/local_setup.sh
[2.430s] -- Up-to-date symlink: /home/oscar/robotino_ros2_ws/install/rto_description/share/rto_description/local_setup.zsh
[2.430s] -- Up-to-date symlink: /home/oscar/robotino_ros2_ws/install/rto_description/share/rto_description/local_setup.dsv
[2.431s] -- Symlinking: /home/oscar/robotino_ros2_ws/install/rto_description/share/rto_description/package.dsv
[2.459s] -- Up-to-date symlink: /home/oscar/robotino_ros2_ws/install/rto_description/share/ament_index/resource_index/packages/rto_description
[2.459s] -- Up-to-date symlink: /home/oscar/robotino_ros2_ws/install/rto_description/share/rto_description/cmake/rto_descriptionConfig.cmake
[2.460s] -- Up-to-date symlink: /home/oscar/robotino_ros2_ws/install/rto_description/share/rto_description/cmake/rto_descriptionConfig-version.cmake
[2.460s] -- Up-to-date symlink: /home/oscar/robotino_ros2_ws/install/rto_description/share/rto_description/package.xml
[2.464s] Invoked command in '/home/oscar/robotino_ros2_ws/build/rto_description' returned '0': CMAKE_PREFIX_PATH=${CMAKE_PREFIX_PATH}:/home/oscar/control_ws/install/pose_controller:/home/oscar/ws_moveit2/install/moveit_configs_utils:/opt/ros/jazzy DEBUGINFOD_URLS=https://debuginfod.ubuntu.com /usr/bin/cmake --install /home/oscar/robotino_ros2_ws/build/rto_description
