-- The C compiler identification is GNU 13.3.0
-- The CXX compiler identification is GNU 13.3.0
-- Detecting C compiler ABI info
-- Detecting C compiler ABI info - done
-- Check for working C compiler: /usr/bin/cc - skipped
-- Detecting C compile features
-- Detecting C compile features - done
-- Detecting CXX compiler ABI info
-- Detecting CXX compiler ABI info - done
-- Check for working CXX compiler: /usr/bin/c++ - skipped
-- Detecting CXX compile features
-- Detecting CXX compile features - done
-- Found ament_cmake: 2.5.3 (/opt/ros/jazzy/share/ament_cmake/cmake)
-- Found Python3: /usr/bin/python3 (found version "3.12.3") found components: Interpreter 
-- Found rosidl_default_generators: 1.6.0 (/opt/ros/jazzy/share/rosidl_default_generators/cmake)
-- Using all available rosidl_typesupport_c: rosidl_typesupport_fastrtps_c;rosidl_typesupport_introspection_c
-- Using all available rosidl_typesupport_cpp: rosidl_typesupport_fastrtps_cpp;rosidl_typesupport_introspection_cpp
-- Found rosidl_adapter: 4.6.5 (/opt/ros/jazzy/share/rosidl_adapter/cmake)
-- Found std_msgs: 5.3.5 (/opt/ros/jazzy/share/std_msgs/cmake)
-- Found ament_cmake_ros: 0.12.0 (/opt/ros/jazzy/share/ament_cmake_ros/cmake)
-- Using all available rosidl_typesupport_c: rosidl_typesupport_fastrtps_c;rosidl_typesupport_introspection_c
-- Using all available rosidl_typesupport_cpp: rosidl_typesupport_fastrtps_cpp;rosidl_typesupport_introspection_cpp
-- Found python_cmake_module: 0.11.1 (/opt/ros/jazzy/share/python_cmake_module/cmake)
-- Found PythonExtra: /usr/bin/python3  
-- Found Python3: /usr/bin/python3 (found version "3.12.3") found components: Interpreter Development NumPy Development.Module Development.Embed 
-- Configuring done (4.5s)
-- Generating done (0.1s)
-- Build files have been written to: /home/oscar/robotino_ros2_ws/build/rto_msgs
[  1%] [34m[1mGenerating type hashes for ROS interfaces[0m
[  1%] Built target ament_cmake_python_copy_rto_msgs
running egg_info
creating rto_msgs.egg-info
writing rto_msgs.egg-info/PKG-INFO
writing dependency_links to rto_msgs.egg-info/dependency_links.txt
writing top-level names to rto_msgs.egg-info/top_level.txt
writing manifest file 'rto_msgs.egg-info/SOURCES.txt'
reading manifest file 'rto_msgs.egg-info/SOURCES.txt'
writing manifest file 'rto_msgs.egg-info/SOURCES.txt'
[  1%] Built target rto_msgs__rosidl_generator_type_description
[  2%] [34m[1mGenerating C code for ROS interfaces[0m
[  2%] Built target ament_cmake_python_build_rto_msgs_egg
[  2%] [34m[1mGenerating C++ code for ROS interfaces[0m
[  2%] Built target rto_msgs__cpp
[  3%] [32mBuilding C object CMakeFiles/rto_msgs__rosidl_generator_c.dir/rosidl_generator_c/rto_msgs/msg/detail/digital_readings__functions.c.o[0m
[  4%] [32mBuilding C object CMakeFiles/rto_msgs__rosidl_generator_c.dir/rosidl_generator_c/rto_msgs/msg/detail/analog_readings__functions.c.o[0m
[  4%] [32mBuilding C object CMakeFiles/rto_msgs__rosidl_generator_c.dir/rosidl_generator_c/rto_msgs/msg/detail/digital_readings__description.c.o[0m
[  4%] [32mBuilding C object CMakeFiles/rto_msgs__rosidl_generator_c.dir/rosidl_generator_c/rto_msgs/msg/detail/encoder_readings__description.c.o[0m
[  4%] [32mBuilding C object CMakeFiles/rto_msgs__rosidl_generator_c.dir/rosidl_generator_c/rto_msgs/msg/detail/analog_readings__description.c.o[0m
[  5%] [32mBuilding C object CMakeFiles/rto_msgs__rosidl_generator_c.dir/rosidl_generator_c/rto_msgs/msg/detail/encoder_readings__functions.c.o[0m
[  6%] [32mBuilding C object CMakeFiles/rto_msgs__rosidl_generator_c.dir/rosidl_generator_c/rto_msgs/msg/detail/digital_readings__type_support.c.o[0m
[  7%] [32mBuilding C object CMakeFiles/rto_msgs__rosidl_generator_c.dir/rosidl_generator_c/rto_msgs/msg/detail/analog_readings__type_support.c.o[0m
[  8%] [32mBuilding C object CMakeFiles/rto_msgs__rosidl_generator_c.dir/rosidl_generator_c/rto_msgs/msg/detail/encoder_readings__type_support.c.o[0m
[  9%] [32mBuilding C object CMakeFiles/rto_msgs__rosidl_generator_c.dir/rosidl_generator_c/rto_msgs/msg/detail/gripper_state__description.c.o[0m
[  9%] [32mBuilding C object CMakeFiles/rto_msgs__rosidl_generator_c.dir/rosidl_generator_c/rto_msgs/msg/detail/gripper_state__functions.c.o[0m
[ 10%] [32mBuilding C object CMakeFiles/rto_msgs__rosidl_generator_c.dir/rosidl_generator_c/rto_msgs/msg/detail/motor_readings__description.c.o[0m
[ 11%] [32mBuilding C object CMakeFiles/rto_msgs__rosidl_generator_c.dir/rosidl_generator_c/rto_msgs/msg/detail/gripper_state__type_support.c.o[0m
[ 11%] [32mBuilding C object CMakeFiles/rto_msgs__rosidl_generator_c.dir/rosidl_generator_c/rto_msgs/msg/detail/motor_readings__functions.c.o[0m
[ 12%] [32mBuilding C object CMakeFiles/rto_msgs__rosidl_generator_c.dir/rosidl_generator_c/rto_msgs/msg/detail/motor_readings__type_support.c.o[0m
[ 13%] [32mBuilding C object CMakeFiles/rto_msgs__rosidl_generator_c.dir/rosidl_generator_c/rto_msgs/msg/detail/motor_error_readings__description.c.o[0m
[ 13%] [32mBuilding C object CMakeFiles/rto_msgs__rosidl_generator_c.dir/rosidl_generator_c/rto_msgs/msg/detail/motor_error_readings__functions.c.o[0m
[ 14%] [32mBuilding C object CMakeFiles/rto_msgs__rosidl_generator_c.dir/rosidl_generator_c/rto_msgs/msg/detail/motor_error_readings__type_support.c.o[0m
[ 14%] [32mBuilding C object CMakeFiles/rto_msgs__rosidl_generator_c.dir/rosidl_generator_c/rto_msgs/msg/detail/power_readings__functions.c.o[0m
[ 15%] [32mBuilding C object CMakeFiles/rto_msgs__rosidl_generator_c.dir/rosidl_generator_c/rto_msgs/msg/detail/power_readings__type_support.c.o[0m
[ 16%] [32mBuilding C object CMakeFiles/rto_msgs__rosidl_generator_c.dir/rosidl_generator_c/rto_msgs/msg/detail/power_readings__description.c.o[0m
[ 17%] [32mBuilding C object CMakeFiles/rto_msgs__rosidl_generator_c.dir/rosidl_generator_c/rto_msgs/srv/detail/reset_odometry__description.c.o[0m
[ 18%] [32mBuilding C object CMakeFiles/rto_msgs__rosidl_generator_c.dir/rosidl_generator_c/rto_msgs/srv/detail/reset_odometry__functions.c.o[0m
[ 18%] [32mBuilding C object CMakeFiles/rto_msgs__rosidl_generator_c.dir/rosidl_generator_c/rto_msgs/srv/detail/reset_odometry__type_support.c.o[0m
[ 19%] [32mBuilding C object CMakeFiles/rto_msgs__rosidl_generator_c.dir/rosidl_generator_c/rto_msgs/srv/detail/set_encoder_position__description.c.o[0m
[ 20%] [32mBuilding C object CMakeFiles/rto_msgs__rosidl_generator_c.dir/rosidl_generator_c/rto_msgs/srv/detail/set_encoder_position__functions.c.o[0m
[ 20%] [32mBuilding C object CMakeFiles/rto_msgs__rosidl_generator_c.dir/rosidl_generator_c/rto_msgs/srv/detail/set_encoder_position__type_support.c.o[0m
[ 21%] [32mBuilding C object CMakeFiles/rto_msgs__rosidl_generator_c.dir/rosidl_generator_c/rto_msgs/srv/detail/set_gripper_state__description.c.o[0m
[ 22%] [32mBuilding C object CMakeFiles/rto_msgs__rosidl_generator_c.dir/rosidl_generator_c/rto_msgs/srv/detail/set_gripper_state__functions.c.o[0m
[ 22%] [32mBuilding C object CMakeFiles/rto_msgs__rosidl_generator_c.dir/rosidl_generator_c/rto_msgs/srv/detail/set_gripper_state__type_support.c.o[0m
[ 23%] [32mBuilding C object CMakeFiles/rto_msgs__rosidl_generator_c.dir/rosidl_generator_c/rto_msgs/srv/detail/set_omni_drive_enabled__description.c.o[0m
[ 24%] [32mBuilding C object CMakeFiles/rto_msgs__rosidl_generator_c.dir/rosidl_generator_c/rto_msgs/srv/detail/set_omni_drive_enabled__functions.c.o[0m
[ 25%] [32mBuilding C object CMakeFiles/rto_msgs__rosidl_generator_c.dir/rosidl_generator_c/rto_msgs/srv/detail/set_omni_drive_enabled__type_support.c.o[0m
[ 26%] [32mBuilding C object CMakeFiles/rto_msgs__rosidl_generator_c.dir/rosidl_generator_c/rto_msgs/srv/detail/set_vel_limits__functions.c.o[0m
[ 26%] [32mBuilding C object CMakeFiles/rto_msgs__rosidl_generator_c.dir/rosidl_generator_c/rto_msgs/srv/detail/set_vel_limits__description.c.o[0m
[ 27%] [32mBuilding C object CMakeFiles/rto_msgs__rosidl_generator_c.dir/rosidl_generator_c/rto_msgs/srv/detail/set_vel_limits__type_support.c.o[0m
[ 27%] [32m[1mLinking C shared library librto_msgs__rosidl_generator_c.so[0m
[ 27%] Built target rto_msgs__rosidl_generator_c
[ 28%] [34m[1mGenerating C type support dispatch for ROS interfaces[0m
[ 28%] [34m[1mGenerating C++ type support dispatch for ROS interfaces[0m
[ 29%] [34m[1mGenerating C type support for eProsima Fast-RTPS[0m
[ 31%] [34m[1mGenerating C introspection for ROS interfaces[0m
[ 31%] [34m[1mGenerating C++ type support for eProsima Fast-RTPS[0m
[ 31%] [34m[1mGenerating C++ introspection for ROS interfaces[0m
[ 32%] [32mBuilding CXX object CMakeFiles/rto_msgs__rosidl_typesupport_introspection_cpp.dir/rosidl_typesupport_introspection_cpp/rto_msgs/msg/detail/analog_readings__type_support.cpp.o[0m
[ 33%] [32mBuilding CXX object CMakeFiles/rto_msgs__rosidl_typesupport_introspection_cpp.dir/rosidl_typesupport_introspection_cpp/rto_msgs/msg/detail/digital_readings__type_support.cpp.o[0m
[ 33%] [32mBuilding CXX object CMakeFiles/rto_msgs__rosidl_typesupport_introspection_cpp.dir/rosidl_typesupport_introspection_cpp/rto_msgs/msg/detail/encoder_readings__type_support.cpp.o[0m
[ 34%] [32mBuilding CXX object CMakeFiles/rto_msgs__rosidl_typesupport_cpp.dir/rosidl_typesupport_cpp/rto_msgs/msg/analog_readings__type_support.cpp.o[0m
[ 34%] [32mBuilding CXX object CMakeFiles/rto_msgs__rosidl_typesupport_c.dir/rosidl_typesupport_c/rto_msgs/msg/analog_readings__type_support.cpp.o[0m
[ 35%] [32mBuilding CXX object CMakeFiles/rto_msgs__rosidl_typesupport_c.dir/rosidl_typesupport_c/rto_msgs/msg/digital_readings__type_support.cpp.o[0m
[ 36%] [32mBuilding CXX object CMakeFiles/rto_msgs__rosidl_typesupport_c.dir/rosidl_typesupport_c/rto_msgs/msg/encoder_readings__type_support.cpp.o[0m
[ 36%] [32mBuilding CXX object CMakeFiles/rto_msgs__rosidl_typesupport_c.dir/rosidl_typesupport_c/rto_msgs/msg/gripper_state__type_support.cpp.o[0m
[ 36%] [32mBuilding C object CMakeFiles/rto_msgs__rosidl_typesupport_introspection_c.dir/rosidl_typesupport_introspection_c/rto_msgs/msg/detail/analog_readings__type_support.c.o[0m
[ 37%] [32mBuilding C object CMakeFiles/rto_msgs__rosidl_typesupport_introspection_c.dir/rosidl_typesupport_introspection_c/rto_msgs/msg/detail/digital_readings__type_support.c.o[0m
[ 38%] [32mBuilding CXX object CMakeFiles/rto_msgs__rosidl_typesupport_c.dir/rosidl_typesupport_c/rto_msgs/msg/motor_readings__type_support.cpp.o[0m
[ 39%] [32mBuilding CXX object CMakeFiles/rto_msgs__rosidl_typesupport_introspection_cpp.dir/rosidl_typesupport_introspection_cpp/rto_msgs/msg/detail/gripper_state__type_support.cpp.o[0m
[ 40%] [32mBuilding CXX object CMakeFiles/rto_msgs__rosidl_typesupport_cpp.dir/rosidl_typesupport_cpp/rto_msgs/msg/digital_readings__type_support.cpp.o[0m
[ 41%] [32mBuilding CXX object CMakeFiles/rto_msgs__rosidl_typesupport_c.dir/rosidl_typesupport_c/rto_msgs/msg/motor_error_readings__type_support.cpp.o[0m
[ 42%] [32mBuilding CXX object CMakeFiles/rto_msgs__rosidl_typesupport_cpp.dir/rosidl_typesupport_cpp/rto_msgs/msg/encoder_readings__type_support.cpp.o[0m
[ 43%] [32mBuilding C object CMakeFiles/rto_msgs__rosidl_typesupport_introspection_c.dir/rosidl_typesupport_introspection_c/rto_msgs/msg/detail/encoder_readings__type_support.c.o[0m
[ 44%] [32mBuilding CXX object CMakeFiles/rto_msgs__rosidl_typesupport_c.dir/rosidl_typesupport_c/rto_msgs/msg/power_readings__type_support.cpp.o[0m
[ 44%] [32mBuilding C object CMakeFiles/rto_msgs__rosidl_typesupport_introspection_c.dir/rosidl_typesupport_introspection_c/rto_msgs/msg/detail/gripper_state__type_support.c.o[0m
[ 45%] [32mBuilding CXX object CMakeFiles/rto_msgs__rosidl_typesupport_introspection_cpp.dir/rosidl_typesupport_introspection_cpp/rto_msgs/msg/detail/motor_readings__type_support.cpp.o[0m
[ 45%] [32mBuilding CXX object CMakeFiles/rto_msgs__rosidl_typesupport_c.dir/rosidl_typesupport_c/rto_msgs/srv/reset_odometry__type_support.cpp.o[0m
[ 46%] [32mBuilding C object CMakeFiles/rto_msgs__rosidl_typesupport_introspection_c.dir/rosidl_typesupport_introspection_c/rto_msgs/msg/detail/motor_readings__type_support.c.o[0m
[ 47%] [32mBuilding CXX object CMakeFiles/rto_msgs__rosidl_typesupport_c.dir/rosidl_typesupport_c/rto_msgs/srv/set_encoder_position__type_support.cpp.o[0m
[ 48%] [32mBuilding C object CMakeFiles/rto_msgs__rosidl_typesupport_introspection_c.dir/rosidl_typesupport_introspection_c/rto_msgs/msg/detail/motor_error_readings__type_support.c.o[0m
[ 49%] [32mBuilding CXX object CMakeFiles/rto_msgs__rosidl_typesupport_c.dir/rosidl_typesupport_c/rto_msgs/srv/set_gripper_state__type_support.cpp.o[0m
[ 49%] [32mBuilding C object CMakeFiles/rto_msgs__rosidl_typesupport_introspection_c.dir/rosidl_typesupport_introspection_c/rto_msgs/msg/detail/power_readings__type_support.c.o[0m
[ 49%] [32mBuilding CXX object CMakeFiles/rto_msgs__rosidl_typesupport_c.dir/rosidl_typesupport_c/rto_msgs/srv/set_omni_drive_enabled__type_support.cpp.o[0m
[ 50%] [32mBuilding C object CMakeFiles/rto_msgs__rosidl_typesupport_introspection_c.dir/rosidl_typesupport_introspection_c/rto_msgs/srv/detail/reset_odometry__type_support.c.o[0m
[ 51%] [32mBuilding CXX object CMakeFiles/rto_msgs__rosidl_typesupport_c.dir/rosidl_typesupport_c/rto_msgs/srv/set_vel_limits__type_support.cpp.o[0m
[ 52%] [32mBuilding C object CMakeFiles/rto_msgs__rosidl_typesupport_introspection_c.dir/rosidl_typesupport_introspection_c/rto_msgs/srv/detail/set_encoder_position__type_support.c.o[0m
[ 52%] [32mBuilding CXX object CMakeFiles/rto_msgs__rosidl_typesupport_cpp.dir/rosidl_typesupport_cpp/rto_msgs/msg/gripper_state__type_support.cpp.o[0m
[ 52%] [32mBuilding CXX object CMakeFiles/rto_msgs__rosidl_typesupport_introspection_cpp.dir/rosidl_typesupport_introspection_cpp/rto_msgs/msg/detail/motor_error_readings__type_support.cpp.o[0m
[ 54%] [32m[1mLinking CXX shared library librto_msgs__rosidl_typesupport_c.so[0m
[ 54%] [32mBuilding CXX object CMakeFiles/rto_msgs__rosidl_typesupport_introspection_cpp.dir/rosidl_typesupport_introspection_cpp/rto_msgs/msg/detail/power_readings__type_support.cpp.o[0m
[ 55%] [32mBuilding C object CMakeFiles/rto_msgs__rosidl_typesupport_introspection_c.dir/rosidl_typesupport_introspection_c/rto_msgs/srv/detail/set_gripper_state__type_support.c.o[0m
[ 55%] Built target rto_msgs__rosidl_typesupport_c
[ 56%] [32mBuilding CXX object CMakeFiles/rto_msgs__rosidl_typesupport_introspection_cpp.dir/rosidl_typesupport_introspection_cpp/rto_msgs/srv/detail/reset_odometry__type_support.cpp.o[0m
[ 56%] [32mBuilding C object CMakeFiles/rto_msgs__rosidl_typesupport_introspection_c.dir/rosidl_typesupport_introspection_c/rto_msgs/srv/detail/set_omni_drive_enabled__type_support.c.o[0m
[ 57%] [32mBuilding CXX object CMakeFiles/rto_msgs__rosidl_typesupport_fastrtps_cpp.dir/rosidl_typesupport_fastrtps_cpp/rto_msgs/msg/detail/dds_fastrtps/analog_readings__type_support.cpp.o[0m
[ 58%] [32mBuilding CXX object CMakeFiles/rto_msgs__rosidl_typesupport_cpp.dir/rosidl_typesupport_cpp/rto_msgs/msg/motor_readings__type_support.cpp.o[0m
[ 59%] [32mBuilding C object CMakeFiles/rto_msgs__rosidl_typesupport_introspection_c.dir/rosidl_typesupport_introspection_c/rto_msgs/srv/detail/set_vel_limits__type_support.c.o[0m
[ 60%] [32m[1mLinking C shared library librto_msgs__rosidl_typesupport_introspection_c.so[0m
[ 60%] Built target rto_msgs__rosidl_typesupport_introspection_c
[ 61%] [32mBuilding CXX object CMakeFiles/rto_msgs__rosidl_typesupport_cpp.dir/rosidl_typesupport_cpp/rto_msgs/msg/motor_error_readings__type_support.cpp.o[0m
[ 62%] [32mBuilding CXX object CMakeFiles/rto_msgs__rosidl_typesupport_fastrtps_c.dir/rosidl_typesupport_fastrtps_c/rto_msgs/msg/detail/analog_readings__type_support_c.cpp.o[0m
[ 62%] [32mBuilding CXX object CMakeFiles/rto_msgs__rosidl_typesupport_fastrtps_cpp.dir/rosidl_typesupport_fastrtps_cpp/rto_msgs/msg/detail/dds_fastrtps/digital_readings__type_support.cpp.o[0m
[ 63%] [32mBuilding CXX object CMakeFiles/rto_msgs__rosidl_typesupport_fastrtps_cpp.dir/rosidl_typesupport_fastrtps_cpp/rto_msgs/msg/detail/dds_fastrtps/encoder_readings__type_support.cpp.o[0m
[ 63%] [32mBuilding CXX object CMakeFiles/rto_msgs__rosidl_typesupport_cpp.dir/rosidl_typesupport_cpp/rto_msgs/msg/power_readings__type_support.cpp.o[0m
[ 64%] [32mBuilding CXX object CMakeFiles/rto_msgs__rosidl_typesupport_cpp.dir/rosidl_typesupport_cpp/rto_msgs/srv/reset_odometry__type_support.cpp.o[0m
[ 65%] [32mBuilding CXX object CMakeFiles/rto_msgs__rosidl_typesupport_introspection_cpp.dir/rosidl_typesupport_introspection_cpp/rto_msgs/srv/detail/set_encoder_position__type_support.cpp.o[0m
[ 65%] [32mBuilding CXX object CMakeFiles/rto_msgs__rosidl_typesupport_introspection_cpp.dir/rosidl_typesupport_introspection_cpp/rto_msgs/srv/detail/set_gripper_state__type_support.cpp.o[0m
[ 66%] [32mBuilding CXX object CMakeFiles/rto_msgs__rosidl_typesupport_fastrtps_c.dir/rosidl_typesupport_fastrtps_c/rto_msgs/msg/detail/digital_readings__type_support_c.cpp.o[0m
[ 67%] [32mBuilding CXX object CMakeFiles/rto_msgs__rosidl_typesupport_cpp.dir/rosidl_typesupport_cpp/rto_msgs/srv/set_encoder_position__type_support.cpp.o[0m
[ 67%] [32mBuilding CXX object CMakeFiles/rto_msgs__rosidl_typesupport_fastrtps_c.dir/rosidl_typesupport_fastrtps_c/rto_msgs/msg/detail/encoder_readings__type_support_c.cpp.o[0m
[ 68%] [32mBuilding CXX object CMakeFiles/rto_msgs__rosidl_typesupport_introspection_cpp.dir/rosidl_typesupport_introspection_cpp/rto_msgs/srv/detail/set_omni_drive_enabled__type_support.cpp.o[0m
[ 69%] [32mBuilding CXX object CMakeFiles/rto_msgs__rosidl_typesupport_fastrtps_cpp.dir/rosidl_typesupport_fastrtps_cpp/rto_msgs/msg/detail/dds_fastrtps/gripper_state__type_support.cpp.o[0m
[ 70%] [32mBuilding CXX object CMakeFiles/rto_msgs__rosidl_typesupport_introspection_cpp.dir/rosidl_typesupport_introspection_cpp/rto_msgs/srv/detail/set_vel_limits__type_support.cpp.o[0m
[ 70%] [32mBuilding CXX object CMakeFiles/rto_msgs__rosidl_typesupport_fastrtps_cpp.dir/rosidl_typesupport_fastrtps_cpp/rto_msgs/msg/detail/dds_fastrtps/motor_readings__type_support.cpp.o[0m
[ 70%] [32mBuilding CXX object CMakeFiles/rto_msgs__rosidl_typesupport_cpp.dir/rosidl_typesupport_cpp/rto_msgs/srv/set_gripper_state__type_support.cpp.o[0m
[ 71%] [32mBuilding CXX object CMakeFiles/rto_msgs__rosidl_typesupport_cpp.dir/rosidl_typesupport_cpp/rto_msgs/srv/set_omni_drive_enabled__type_support.cpp.o[0m
[ 72%] [32mBuilding CXX object CMakeFiles/rto_msgs__rosidl_typesupport_cpp.dir/rosidl_typesupport_cpp/rto_msgs/srv/set_vel_limits__type_support.cpp.o[0m
[ 73%] [32mBuilding CXX object CMakeFiles/rto_msgs__rosidl_typesupport_fastrtps_cpp.dir/rosidl_typesupport_fastrtps_cpp/rto_msgs/msg/detail/dds_fastrtps/motor_error_readings__type_support.cpp.o[0m
[ 73%] [32m[1mLinking CXX shared library librto_msgs__rosidl_typesupport_introspection_cpp.so[0m
[ 74%] [32mBuilding CXX object CMakeFiles/rto_msgs__rosidl_typesupport_fastrtps_c.dir/rosidl_typesupport_fastrtps_c/rto_msgs/msg/detail/gripper_state__type_support_c.cpp.o[0m
[ 75%] [32mBuilding CXX object CMakeFiles/rto_msgs__rosidl_typesupport_fastrtps_c.dir/rosidl_typesupport_fastrtps_c/rto_msgs/msg/detail/motor_readings__type_support_c.cpp.o[0m
[ 75%] Built target rto_msgs__rosidl_typesupport_introspection_cpp
[ 76%] [32mBuilding CXX object CMakeFiles/rto_msgs__rosidl_typesupport_fastrtps_cpp.dir/rosidl_typesupport_fastrtps_cpp/rto_msgs/msg/detail/dds_fastrtps/power_readings__type_support.cpp.o[0m
[ 76%] [32mBuilding CXX object CMakeFiles/rto_msgs__rosidl_typesupport_fastrtps_cpp.dir/rosidl_typesupport_fastrtps_cpp/rto_msgs/srv/detail/dds_fastrtps/reset_odometry__type_support.cpp.o[0m
[ 76%] [32mBuilding CXX object CMakeFiles/rto_msgs__rosidl_typesupport_fastrtps_c.dir/rosidl_typesupport_fastrtps_c/rto_msgs/msg/detail/motor_error_readings__type_support_c.cpp.o[0m
[ 77%] [32mBuilding CXX object CMakeFiles/rto_msgs__rosidl_typesupport_fastrtps_c.dir/rosidl_typesupport_fastrtps_c/rto_msgs/msg/detail/power_readings__type_support_c.cpp.o[0m
[ 77%] [32m[1mLinking CXX shared library librto_msgs__rosidl_typesupport_cpp.so[0m
[ 77%] Built target rto_msgs__rosidl_typesupport_cpp
[ 78%] [32mBuilding CXX object CMakeFiles/rto_msgs__rosidl_typesupport_fastrtps_c.dir/rosidl_typesupport_fastrtps_c/rto_msgs/srv/detail/reset_odometry__type_support_c.cpp.o[0m
[ 78%] [32mBuilding CXX object CMakeFiles/rto_msgs__rosidl_typesupport_fastrtps_c.dir/rosidl_typesupport_fastrtps_c/rto_msgs/srv/detail/set_encoder_position__type_support_c.cpp.o[0m
[ 79%] [32mBuilding CXX object CMakeFiles/rto_msgs__rosidl_typesupport_fastrtps_cpp.dir/rosidl_typesupport_fastrtps_cpp/rto_msgs/srv/detail/dds_fastrtps/set_encoder_position__type_support.cpp.o[0m
[ 80%] [32mBuilding CXX object CMakeFiles/rto_msgs__rosidl_typesupport_fastrtps_cpp.dir/rosidl_typesupport_fastrtps_cpp/rto_msgs/srv/detail/dds_fastrtps/set_gripper_state__type_support.cpp.o[0m
[ 81%] [32mBuilding CXX object CMakeFiles/rto_msgs__rosidl_typesupport_fastrtps_cpp.dir/rosidl_typesupport_fastrtps_cpp/rto_msgs/srv/detail/dds_fastrtps/set_omni_drive_enabled__type_support.cpp.o[0m
[ 82%] [32mBuilding CXX object CMakeFiles/rto_msgs__rosidl_typesupport_fastrtps_c.dir/rosidl_typesupport_fastrtps_c/rto_msgs/srv/detail/set_gripper_state__type_support_c.cpp.o[0m
[ 83%] [32mBuilding CXX object CMakeFiles/rto_msgs__rosidl_typesupport_fastrtps_c.dir/rosidl_typesupport_fastrtps_c/rto_msgs/srv/detail/set_omni_drive_enabled__type_support_c.cpp.o[0m
[ 83%] [32mBuilding CXX object CMakeFiles/rto_msgs__rosidl_typesupport_fastrtps_cpp.dir/rosidl_typesupport_fastrtps_cpp/rto_msgs/srv/detail/dds_fastrtps/set_vel_limits__type_support.cpp.o[0m
[ 83%] [32mBuilding CXX object CMakeFiles/rto_msgs__rosidl_typesupport_fastrtps_c.dir/rosidl_typesupport_fastrtps_c/rto_msgs/srv/detail/set_vel_limits__type_support_c.cpp.o[0m
[ 84%] [32m[1mLinking CXX shared library librto_msgs__rosidl_typesupport_fastrtps_cpp.so[0m
[ 85%] [32m[1mLinking CXX shared library librto_msgs__rosidl_typesupport_fastrtps_c.so[0m
[ 85%] Built target rto_msgs__rosidl_typesupport_fastrtps_cpp
[ 85%] Built target rto_msgs__rosidl_typesupport_fastrtps_c
[ 85%] Built target rto_msgs
[ 86%] [34m[1mGenerating Python code for ROS interfaces[0m
[ 86%] Built target rto_msgs__py
[ 89%] [32mBuilding C object CMakeFiles/rto_msgs__rosidl_generator_py.dir/rosidl_generator_py/rto_msgs/msg/_motor_readings_s.c.o[0m
[ 89%] [32mBuilding C object CMakeFiles/rto_msgs__rosidl_generator_py.dir/rosidl_generator_py/rto_msgs/msg/_gripper_state_s.c.o[0m
[ 89%] [32mBuilding C object CMakeFiles/rto_msgs__rosidl_generator_py.dir/rosidl_generator_py/rto_msgs/msg/_digital_readings_s.c.o[0m
[ 89%] [32mBuilding C object CMakeFiles/rto_msgs__rosidl_generator_py.dir/rosidl_generator_py/rto_msgs/msg/_motor_error_readings_s.c.o[0m
[ 89%] [32mBuilding C object CMakeFiles/rto_msgs__rosidl_generator_py.dir/rosidl_generator_py/rto_msgs/msg/_encoder_readings_s.c.o[0m
[ 90%] [32mBuilding C object CMakeFiles/rto_msgs__rosidl_generator_py.dir/rosidl_generator_py/rto_msgs/msg/_analog_readings_s.c.o[0m
[ 91%] [32mBuilding C object CMakeFiles/rto_msgs__rosidl_generator_py.dir/rosidl_generator_py/rto_msgs/msg/_power_readings_s.c.o[0m
[ 92%] [32mBuilding C object CMakeFiles/rto_msgs__rosidl_generator_py.dir/rosidl_generator_py/rto_msgs/srv/_reset_odometry_s.c.o[0m
[ 93%] [32mBuilding C object CMakeFiles/rto_msgs__rosidl_generator_py.dir/rosidl_generator_py/rto_msgs/srv/_set_gripper_state_s.c.o[0m
[ 93%] [32mBuilding C object CMakeFiles/rto_msgs__rosidl_generator_py.dir/rosidl_generator_py/rto_msgs/srv/_set_encoder_position_s.c.o[0m
[ 94%] [32mBuilding C object CMakeFiles/rto_msgs__rosidl_generator_py.dir/rosidl_generator_py/rto_msgs/srv/_set_omni_drive_enabled_s.c.o[0m
[ 95%] [32mBuilding C object CMakeFiles/rto_msgs__rosidl_generator_py.dir/rosidl_generator_py/rto_msgs/srv/_set_vel_limits_s.c.o[0m
[ 95%] [32m[1mLinking C shared library librto_msgs__rosidl_generator_py.so[0m
[ 95%] Built target rto_msgs__rosidl_generator_py
[ 97%] [32mBuilding C object CMakeFiles/rto_msgs_s__rosidl_typesupport_introspection_c.dir/rosidl_generator_py/rto_msgs/_rto_msgs_s.ep.rosidl_typesupport_introspection_c.c.o[0m
[ 97%] [32mBuilding C object CMakeFiles/rto_msgs_s__rosidl_typesupport_c.dir/rosidl_generator_py/rto_msgs/_rto_msgs_s.ep.rosidl_typesupport_c.c.o[0m
[ 97%] [32mBuilding C object CMakeFiles/rto_msgs_s__rosidl_typesupport_fastrtps_c.dir/rosidl_generator_py/rto_msgs/_rto_msgs_s.ep.rosidl_typesupport_fastrtps_c.c.o[0m
[ 98%] [32m[1mLinking C shared module rosidl_generator_py/rto_msgs/rto_msgs_s__rosidl_typesupport_c.so[0m
[ 99%] [32m[1mLinking C shared module rosidl_generator_py/rto_msgs/rto_msgs_s__rosidl_typesupport_introspection_c.so[0m
[100%] [32m[1mLinking C shared module rosidl_generator_py/rto_msgs/rto_msgs_s__rosidl_typesupport_fastrtps_c.so[0m
[100%] Built target rto_msgs_s__rosidl_typesupport_fastrtps_c
[100%] Built target rto_msgs_s__rosidl_typesupport_c
[100%] Built target rto_msgs_s__rosidl_typesupport_introspection_c
-- Install configuration: ""
-- Installing: /home/oscar/robotino_ros2_ws/install/rto_msgs/share/ament_index/resource_index/rosidl_interfaces/rto_msgs
-- Installing: /home/oscar/robotino_ros2_ws/install/rto_msgs/share/rto_msgs/msg/AnalogReadings.json
-- Installing: /home/oscar/robotino_ros2_ws/install/rto_msgs/share/rto_msgs/msg/DigitalReadings.json
-- Installing: /home/oscar/robotino_ros2_ws/install/rto_msgs/share/rto_msgs/msg/EncoderReadings.json
-- Installing: /home/oscar/robotino_ros2_ws/install/rto_msgs/share/rto_msgs/msg/GripperState.json
-- Installing: /home/oscar/robotino_ros2_ws/install/rto_msgs/share/rto_msgs/msg/MotorReadings.json
-- Installing: /home/oscar/robotino_ros2_ws/install/rto_msgs/share/rto_msgs/msg/MotorErrorReadings.json
-- Installing: /home/oscar/robotino_ros2_ws/install/rto_msgs/share/rto_msgs/msg/PowerReadings.json
-- Installing: /home/oscar/robotino_ros2_ws/install/rto_msgs/share/rto_msgs/srv/ResetOdometry.json
-- Installing: /home/oscar/robotino_ros2_ws/install/rto_msgs/share/rto_msgs/srv/SetEncoderPosition.json
-- Installing: /home/oscar/robotino_ros2_ws/install/rto_msgs/share/rto_msgs/srv/SetGripperState.json
-- Installing: /home/oscar/robotino_ros2_ws/install/rto_msgs/share/rto_msgs/srv/SetOmniDriveEnabled.json
-- Installing: /home/oscar/robotino_ros2_ws/install/rto_msgs/share/rto_msgs/srv/SetVelLimits.json
-- Installing: /home/oscar/robotino_ros2_ws/install/rto_msgs/include/rto_msgs/rto_msgs
-- Installing: /home/oscar/robotino_ros2_ws/install/rto_msgs/include/rto_msgs/rto_msgs/srv
-- Installing: /home/oscar/robotino_ros2_ws/install/rto_msgs/include/rto_msgs/rto_msgs/srv/detail
-- Installing: /home/oscar/robotino_ros2_ws/install/rto_msgs/include/rto_msgs/rto_msgs/srv/detail/set_encoder_position__type_support.c
-- Installing: /home/oscar/robotino_ros2_ws/install/rto_msgs/include/rto_msgs/rto_msgs/srv/detail/set_omni_drive_enabled__type_support.c
-- Installing: /home/oscar/robotino_ros2_ws/install/rto_msgs/include/rto_msgs/rto_msgs/srv/detail/set_vel_limits__struct.h
-- Installing: /home/oscar/robotino_ros2_ws/install/rto_msgs/include/rto_msgs/rto_msgs/srv/detail/set_gripper_state__struct.h
-- Installing: /home/oscar/robotino_ros2_ws/install/rto_msgs/include/rto_msgs/rto_msgs/srv/detail/set_encoder_position__type_support.h
-- Installing: /home/oscar/robotino_ros2_ws/install/rto_msgs/include/rto_msgs/rto_msgs/srv/detail/set_omni_drive_enabled__functions.c
-- Installing: /home/oscar/robotino_ros2_ws/install/rto_msgs/include/rto_msgs/rto_msgs/srv/detail/set_vel_limits__description.c
-- Installing: /home/oscar/robotino_ros2_ws/install/rto_msgs/include/rto_msgs/rto_msgs/srv/detail/set_gripper_state__type_support.c
-- Installing: /home/oscar/robotino_ros2_ws/install/rto_msgs/include/rto_msgs/rto_msgs/srv/detail/set_vel_limits__type_support.c
-- Installing: /home/oscar/robotino_ros2_ws/install/rto_msgs/include/rto_msgs/rto_msgs/srv/detail/set_omni_drive_enabled__description.c
-- Installing: /home/oscar/robotino_ros2_ws/install/rto_msgs/include/rto_msgs/rto_msgs/srv/detail/set_omni_drive_enabled__struct.h
-- Installing: /home/oscar/robotino_ros2_ws/install/rto_msgs/include/rto_msgs/rto_msgs/srv/detail/set_encoder_position__struct.h
-- Installing: /home/oscar/robotino_ros2_ws/install/rto_msgs/include/rto_msgs/rto_msgs/srv/detail/set_vel_limits__type_support.h
-- Installing: /home/oscar/robotino_ros2_ws/install/rto_msgs/include/rto_msgs/rto_msgs/srv/detail/set_gripper_state__functions.h
-- Installing: /home/oscar/robotino_ros2_ws/install/rto_msgs/include/rto_msgs/rto_msgs/srv/detail/set_omni_drive_enabled__type_support.h
-- Installing: /home/oscar/robotino_ros2_ws/install/rto_msgs/include/rto_msgs/rto_msgs/srv/detail/set_encoder_position__description.c
-- Installing: /home/oscar/robotino_ros2_ws/install/rto_msgs/include/rto_msgs/rto_msgs/srv/detail/reset_odometry__struct.h
-- Installing: /home/oscar/robotino_ros2_ws/install/rto_msgs/include/rto_msgs/rto_msgs/srv/detail/set_gripper_state__functions.c
-- Installing: /home/oscar/robotino_ros2_ws/install/rto_msgs/include/rto_msgs/rto_msgs/srv/detail/reset_odometry__description.c
-- Installing: /home/oscar/robotino_ros2_ws/install/rto_msgs/include/rto_msgs/rto_msgs/srv/detail/reset_odometry__type_support.h
-- Installing: /home/oscar/robotino_ros2_ws/install/rto_msgs/include/rto_msgs/rto_msgs/srv/detail/reset_odometry__functions.c
-- Installing: /home/oscar/robotino_ros2_ws/install/rto_msgs/include/rto_msgs/rto_msgs/srv/detail/set_omni_drive_enabled__functions.h
-- Installing: /home/oscar/robotino_ros2_ws/install/rto_msgs/include/rto_msgs/rto_msgs/srv/detail/set_gripper_state__description.c
-- Installing: /home/oscar/robotino_ros2_ws/install/rto_msgs/include/rto_msgs/rto_msgs/srv/detail/set_encoder_position__functions.h
-- Installing: /home/oscar/robotino_ros2_ws/install/rto_msgs/include/rto_msgs/rto_msgs/srv/detail/set_encoder_position__functions.c
-- Installing: /home/oscar/robotino_ros2_ws/install/rto_msgs/include/rto_msgs/rto_msgs/srv/detail/reset_odometry__type_support.c
-- Installing: /home/oscar/robotino_ros2_ws/install/rto_msgs/include/rto_msgs/rto_msgs/srv/detail/set_gripper_state__type_support.h
-- Installing: /home/oscar/robotino_ros2_ws/install/rto_msgs/include/rto_msgs/rto_msgs/srv/detail/set_vel_limits__functions.c
-- Installing: /home/oscar/robotino_ros2_ws/install/rto_msgs/include/rto_msgs/rto_msgs/srv/detail/reset_odometry__functions.h
-- Installing: /home/oscar/robotino_ros2_ws/install/rto_msgs/include/rto_msgs/rto_msgs/srv/detail/set_vel_limits__functions.h
-- Installing: /home/oscar/robotino_ros2_ws/install/rto_msgs/include/rto_msgs/rto_msgs/srv/set_gripper_state.h
-- Installing: /home/oscar/robotino_ros2_ws/install/rto_msgs/include/rto_msgs/rto_msgs/srv/reset_odometry.h
-- Installing: /home/oscar/robotino_ros2_ws/install/rto_msgs/include/rto_msgs/rto_msgs/srv/set_vel_limits.h
-- Installing: /home/oscar/robotino_ros2_ws/install/rto_msgs/include/rto_msgs/rto_msgs/srv/set_encoder_position.h
-- Installing: /home/oscar/robotino_ros2_ws/install/rto_msgs/include/rto_msgs/rto_msgs/srv/set_omni_drive_enabled.h
-- Installing: /home/oscar/robotino_ros2_ws/install/rto_msgs/include/rto_msgs/rto_msgs/msg
-- Installing: /home/oscar/robotino_ros2_ws/install/rto_msgs/include/rto_msgs/rto_msgs/msg/digital_readings.h
-- Installing: /home/oscar/robotino_ros2_ws/install/rto_msgs/include/rto_msgs/rto_msgs/msg/analog_readings.h
-- Installing: /home/oscar/robotino_ros2_ws/install/rto_msgs/include/rto_msgs/rto_msgs/msg/detail
-- Installing: /home/oscar/robotino_ros2_ws/install/rto_msgs/include/rto_msgs/rto_msgs/msg/detail/digital_readings__description.c
-- Installing: /home/oscar/robotino_ros2_ws/install/rto_msgs/include/rto_msgs/rto_msgs/msg/detail/motor_readings__description.c
-- Installing: /home/oscar/robotino_ros2_ws/install/rto_msgs/include/rto_msgs/rto_msgs/msg/detail/gripper_state__type_support.h
-- Installing: /home/oscar/robotino_ros2_ws/install/rto_msgs/include/rto_msgs/rto_msgs/msg/detail/analog_readings__type_support.c
-- Installing: /home/oscar/robotino_ros2_ws/install/rto_msgs/include/rto_msgs/rto_msgs/msg/detail/analog_readings__type_support.h
-- Installing: /home/oscar/robotino_ros2_ws/install/rto_msgs/include/rto_msgs/rto_msgs/msg/detail/motor_error_readings__description.c
-- Installing: /home/oscar/robotino_ros2_ws/install/rto_msgs/include/rto_msgs/rto_msgs/msg/detail/analog_readings__functions.h
-- Installing: /home/oscar/robotino_ros2_ws/install/rto_msgs/include/rto_msgs/rto_msgs/msg/detail/gripper_state__struct.h
-- Installing: /home/oscar/robotino_ros2_ws/install/rto_msgs/include/rto_msgs/rto_msgs/msg/detail/motor_error_readings__type_support.h
-- Installing: /home/oscar/robotino_ros2_ws/install/rto_msgs/include/rto_msgs/rto_msgs/msg/detail/digital_readings__struct.h
-- Installing: /home/oscar/robotino_ros2_ws/install/rto_msgs/include/rto_msgs/rto_msgs/msg/detail/encoder_readings__struct.h
-- Installing: /home/oscar/robotino_ros2_ws/install/rto_msgs/include/rto_msgs/rto_msgs/msg/detail/encoder_readings__type_support.h
-- Installing: /home/oscar/robotino_ros2_ws/install/rto_msgs/include/rto_msgs/rto_msgs/msg/detail/gripper_state__type_support.c
-- Installing: /home/oscar/robotino_ros2_ws/install/rto_msgs/include/rto_msgs/rto_msgs/msg/detail/motor_error_readings__struct.h
-- Installing: /home/oscar/robotino_ros2_ws/install/rto_msgs/include/rto_msgs/rto_msgs/msg/detail/power_readings__functions.h
-- Installing: /home/oscar/robotino_ros2_ws/install/rto_msgs/include/rto_msgs/rto_msgs/msg/detail/motor_readings__type_support.c
-- Installing: /home/oscar/robotino_ros2_ws/install/rto_msgs/include/rto_msgs/rto_msgs/msg/detail/power_readings__struct.h
-- Installing: /home/oscar/robotino_ros2_ws/install/rto_msgs/include/rto_msgs/rto_msgs/msg/detail/power_readings__type_support.h
-- Installing: /home/oscar/robotino_ros2_ws/install/rto_msgs/include/rto_msgs/rto_msgs/msg/detail/power_readings__functions.c
-- Installing: /home/oscar/robotino_ros2_ws/install/rto_msgs/include/rto_msgs/rto_msgs/msg/detail/encoder_readings__type_support.c
-- Installing: /home/oscar/robotino_ros2_ws/install/rto_msgs/include/rto_msgs/rto_msgs/msg/detail/motor_readings__functions.c
-- Installing: /home/oscar/robotino_ros2_ws/install/rto_msgs/include/rto_msgs/rto_msgs/msg/detail/encoder_readings__functions.h
-- Installing: /home/oscar/robotino_ros2_ws/install/rto_msgs/include/rto_msgs/rto_msgs/msg/detail/gripper_state__description.c
-- Installing: /home/oscar/robotino_ros2_ws/install/rto_msgs/include/rto_msgs/rto_msgs/msg/detail/power_readings__description.c
-- Installing: /home/oscar/robotino_ros2_ws/install/rto_msgs/include/rto_msgs/rto_msgs/msg/detail/power_readings__type_support.c
-- Installing: /home/oscar/robotino_ros2_ws/install/rto_msgs/include/rto_msgs/rto_msgs/msg/detail/encoder_readings__functions.c
-- Installing: /home/oscar/robotino_ros2_ws/install/rto_msgs/include/rto_msgs/rto_msgs/msg/detail/motor_readings__type_support.h
-- Installing: /home/oscar/robotino_ros2_ws/install/rto_msgs/include/rto_msgs/rto_msgs/msg/detail/digital_readings__type_support.c
-- Installing: /home/oscar/robotino_ros2_ws/install/rto_msgs/include/rto_msgs/rto_msgs/msg/detail/analog_readings__struct.h
-- Installing: /home/oscar/robotino_ros2_ws/install/rto_msgs/include/rto_msgs/rto_msgs/msg/detail/digital_readings__functions.h
-- Installing: /home/oscar/robotino_ros2_ws/install/rto_msgs/include/rto_msgs/rto_msgs/msg/detail/gripper_state__functions.h
-- Installing: /home/oscar/robotino_ros2_ws/install/rto_msgs/include/rto_msgs/rto_msgs/msg/detail/motor_error_readings__functions.c
-- Installing: /home/oscar/robotino_ros2_ws/install/rto_msgs/include/rto_msgs/rto_msgs/msg/detail/motor_readings__functions.h
-- Installing: /home/oscar/robotino_ros2_ws/install/rto_msgs/include/rto_msgs/rto_msgs/msg/detail/analog_readings__description.c
-- Installing: /home/oscar/robotino_ros2_ws/install/rto_msgs/include/rto_msgs/rto_msgs/msg/detail/analog_readings__functions.c
-- Installing: /home/oscar/robotino_ros2_ws/install/rto_msgs/include/rto_msgs/rto_msgs/msg/detail/motor_readings__struct.h
-- Installing: /home/oscar/robotino_ros2_ws/install/rto_msgs/include/rto_msgs/rto_msgs/msg/detail/encoder_readings__description.c
-- Installing: /home/oscar/robotino_ros2_ws/install/rto_msgs/include/rto_msgs/rto_msgs/msg/detail/motor_error_readings__type_support.c
-- Installing: /home/oscar/robotino_ros2_ws/install/rto_msgs/include/rto_msgs/rto_msgs/msg/detail/digital_readings__functions.c
-- Installing: /home/oscar/robotino_ros2_ws/install/rto_msgs/include/rto_msgs/rto_msgs/msg/detail/digital_readings__type_support.h
-- Installing: /home/oscar/robotino_ros2_ws/install/rto_msgs/include/rto_msgs/rto_msgs/msg/detail/motor_error_readings__functions.h
-- Installing: /home/oscar/robotino_ros2_ws/install/rto_msgs/include/rto_msgs/rto_msgs/msg/detail/gripper_state__functions.c
-- Installing: /home/oscar/robotino_ros2_ws/install/rto_msgs/include/rto_msgs/rto_msgs/msg/gripper_state.h
-- Installing: /home/oscar/robotino_ros2_ws/install/rto_msgs/include/rto_msgs/rto_msgs/msg/encoder_readings.h
-- Installing: /home/oscar/robotino_ros2_ws/install/rto_msgs/include/rto_msgs/rto_msgs/msg/rosidl_generator_c__visibility_control.h
-- Installing: /home/oscar/robotino_ros2_ws/install/rto_msgs/include/rto_msgs/rto_msgs/msg/motor_error_readings.h
-- Installing: /home/oscar/robotino_ros2_ws/install/rto_msgs/include/rto_msgs/rto_msgs/msg/power_readings.h
-- Installing: /home/oscar/robotino_ros2_ws/install/rto_msgs/include/rto_msgs/rto_msgs/msg/motor_readings.h
-- Installing: /home/oscar/robotino_ros2_ws/install/rto_msgs/share/rto_msgs/environment/library_path.sh
-- Installing: /home/oscar/robotino_ros2_ws/install/rto_msgs/share/rto_msgs/environment/library_path.dsv
-- Installing: /home/oscar/robotino_ros2_ws/install/rto_msgs/lib/librto_msgs__rosidl_generator_c.so
-- Set non-toolchain portion of runtime path of "/home/oscar/robotino_ros2_ws/install/rto_msgs/lib/librto_msgs__rosidl_generator_c.so" to ""
-- Up-to-date: /home/oscar/robotino_ros2_ws/install/rto_msgs/include/rto_msgs/rto_msgs
-- Up-to-date: /home/oscar/robotino_ros2_ws/install/rto_msgs/include/rto_msgs/rto_msgs/srv
-- Up-to-date: /home/oscar/robotino_ros2_ws/install/rto_msgs/include/rto_msgs/rto_msgs/srv/detail
-- Installing: /home/oscar/robotino_ros2_ws/install/rto_msgs/include/rto_msgs/rto_msgs/srv/detail/set_encoder_position__rosidl_typesupport_fastrtps_c.h
-- Installing: /home/oscar/robotino_ros2_ws/install/rto_msgs/include/rto_msgs/rto_msgs/srv/detail/set_omni_drive_enabled__rosidl_typesupport_fastrtps_c.h
-- Installing: /home/oscar/robotino_ros2_ws/install/rto_msgs/include/rto_msgs/rto_msgs/srv/detail/set_gripper_state__rosidl_typesupport_fastrtps_c.h
-- Installing: /home/oscar/robotino_ros2_ws/install/rto_msgs/include/rto_msgs/rto_msgs/srv/detail/set_vel_limits__rosidl_typesupport_fastrtps_c.h
-- Installing: /home/oscar/robotino_ros2_ws/install/rto_msgs/include/rto_msgs/rto_msgs/srv/detail/reset_odometry__rosidl_typesupport_fastrtps_c.h
-- Up-to-date: /home/oscar/robotino_ros2_ws/install/rto_msgs/include/rto_msgs/rto_msgs/msg
-- Up-to-date: /home/oscar/robotino_ros2_ws/install/rto_msgs/include/rto_msgs/rto_msgs/msg/detail
-- Installing: /home/oscar/robotino_ros2_ws/install/rto_msgs/include/rto_msgs/rto_msgs/msg/detail/encoder_readings__rosidl_typesupport_fastrtps_c.h
-- Installing: /home/oscar/robotino_ros2_ws/install/rto_msgs/include/rto_msgs/rto_msgs/msg/detail/motor_readings__rosidl_typesupport_fastrtps_c.h
-- Installing: /home/oscar/robotino_ros2_ws/install/rto_msgs/include/rto_msgs/rto_msgs/msg/detail/analog_readings__rosidl_typesupport_fastrtps_c.h
-- Installing: /home/oscar/robotino_ros2_ws/install/rto_msgs/include/rto_msgs/rto_msgs/msg/detail/power_readings__rosidl_typesupport_fastrtps_c.h
-- Installing: /home/oscar/robotino_ros2_ws/install/rto_msgs/include/rto_msgs/rto_msgs/msg/detail/digital_readings__rosidl_typesupport_fastrtps_c.h
-- Installing: /home/oscar/robotino_ros2_ws/install/rto_msgs/include/rto_msgs/rto_msgs/msg/detail/motor_error_readings__rosidl_typesupport_fastrtps_c.h
-- Installing: /home/oscar/robotino_ros2_ws/install/rto_msgs/include/rto_msgs/rto_msgs/msg/detail/gripper_state__rosidl_typesupport_fastrtps_c.h
-- Installing: /home/oscar/robotino_ros2_ws/install/rto_msgs/include/rto_msgs/rto_msgs/msg/rosidl_typesupport_fastrtps_c__visibility_control.h
-- Installing: /home/oscar/robotino_ros2_ws/install/rto_msgs/lib/librto_msgs__rosidl_typesupport_fastrtps_c.so
-- Set non-toolchain portion of runtime path of "/home/oscar/robotino_ros2_ws/install/rto_msgs/lib/librto_msgs__rosidl_typesupport_fastrtps_c.so" to ""
-- Up-to-date: /home/oscar/robotino_ros2_ws/install/rto_msgs/include/rto_msgs/rto_msgs
-- Up-to-date: /home/oscar/robotino_ros2_ws/install/rto_msgs/include/rto_msgs/rto_msgs/srv
-- Up-to-date: /home/oscar/robotino_ros2_ws/install/rto_msgs/include/rto_msgs/rto_msgs/srv/detail
-- Installing: /home/oscar/robotino_ros2_ws/install/rto_msgs/include/rto_msgs/rto_msgs/srv/detail/set_omni_drive_enabled__rosidl_typesupport_introspection_c.h
-- Installing: /home/oscar/robotino_ros2_ws/install/rto_msgs/include/rto_msgs/rto_msgs/srv/detail/set_encoder_position__type_support.c
-- Installing: /home/oscar/robotino_ros2_ws/install/rto_msgs/include/rto_msgs/rto_msgs/srv/detail/set_omni_drive_enabled__type_support.c
-- Installing: /home/oscar/robotino_ros2_ws/install/rto_msgs/include/rto_msgs/rto_msgs/srv/detail/set_encoder_position__rosidl_typesupport_introspection_c.h
-- Installing: /home/oscar/robotino_ros2_ws/install/rto_msgs/include/rto_msgs/rto_msgs/srv/detail/set_gripper_state__type_support.c
-- Installing: /home/oscar/robotino_ros2_ws/install/rto_msgs/include/rto_msgs/rto_msgs/srv/detail/set_vel_limits__type_support.c
-- Installing: /home/oscar/robotino_ros2_ws/install/rto_msgs/include/rto_msgs/rto_msgs/srv/detail/reset_odometry__rosidl_typesupport_introspection_c.h
-- Installing: /home/oscar/robotino_ros2_ws/install/rto_msgs/include/rto_msgs/rto_msgs/srv/detail/set_gripper_state__rosidl_typesupport_introspection_c.h
-- Installing: /home/oscar/robotino_ros2_ws/install/rto_msgs/include/rto_msgs/rto_msgs/srv/detail/reset_odometry__type_support.c
-- Installing: /home/oscar/robotino_ros2_ws/install/rto_msgs/include/rto_msgs/rto_msgs/srv/detail/set_vel_limits__rosidl_typesupport_introspection_c.h
-- Up-to-date: /home/oscar/robotino_ros2_ws/install/rto_msgs/include/rto_msgs/rto_msgs/msg
-- Installing: /home/oscar/robotino_ros2_ws/install/rto_msgs/include/rto_msgs/rto_msgs/msg/rosidl_typesupport_introspection_c__visibility_control.h
-- Up-to-date: /home/oscar/robotino_ros2_ws/install/rto_msgs/include/rto_msgs/rto_msgs/msg/detail
-- Installing: /home/oscar/robotino_ros2_ws/install/rto_msgs/include/rto_msgs/rto_msgs/msg/detail/analog_readings__type_support.c
-- Installing: /home/oscar/robotino_ros2_ws/install/rto_msgs/include/rto_msgs/rto_msgs/msg/detail/motor_error_readings__rosidl_typesupport_introspection_c.h
-- Installing: /home/oscar/robotino_ros2_ws/install/rto_msgs/include/rto_msgs/rto_msgs/msg/detail/gripper_state__rosidl_typesupport_introspection_c.h
-- Installing: /home/oscar/robotino_ros2_ws/install/rto_msgs/include/rto_msgs/rto_msgs/msg/detail/gripper_state__type_support.c
-- Installing: /home/oscar/robotino_ros2_ws/install/rto_msgs/include/rto_msgs/rto_msgs/msg/detail/motor_readings__rosidl_typesupport_introspection_c.h
-- Installing: /home/oscar/robotino_ros2_ws/install/rto_msgs/include/rto_msgs/rto_msgs/msg/detail/motor_readings__type_support.c
-- Installing: /home/oscar/robotino_ros2_ws/install/rto_msgs/include/rto_msgs/rto_msgs/msg/detail/encoder_readings__type_support.c
-- Installing: /home/oscar/robotino_ros2_ws/install/rto_msgs/include/rto_msgs/rto_msgs/msg/detail/digital_readings__rosidl_typesupport_introspection_c.h
-- Installing: /home/oscar/robotino_ros2_ws/install/rto_msgs/include/rto_msgs/rto_msgs/msg/detail/power_readings__rosidl_typesupport_introspection_c.h
-- Installing: /home/oscar/robotino_ros2_ws/install/rto_msgs/include/rto_msgs/rto_msgs/msg/detail/power_readings__type_support.c
-- Installing: /home/oscar/robotino_ros2_ws/install/rto_msgs/include/rto_msgs/rto_msgs/msg/detail/digital_readings__type_support.c
-- Installing: /home/oscar/robotino_ros2_ws/install/rto_msgs/include/rto_msgs/rto_msgs/msg/detail/encoder_readings__rosidl_typesupport_introspection_c.h
-- Installing: /home/oscar/robotino_ros2_ws/install/rto_msgs/include/rto_msgs/rto_msgs/msg/detail/motor_error_readings__type_support.c
-- Installing: /home/oscar/robotino_ros2_ws/install/rto_msgs/include/rto_msgs/rto_msgs/msg/detail/analog_readings__rosidl_typesupport_introspection_c.h
-- Installing: /home/oscar/robotino_ros2_ws/install/rto_msgs/lib/librto_msgs__rosidl_typesupport_introspection_c.so
-- Set non-toolchain portion of runtime path of "/home/oscar/robotino_ros2_ws/install/rto_msgs/lib/librto_msgs__rosidl_typesupport_introspection_c.so" to ""
-- Installing: /home/oscar/robotino_ros2_ws/install/rto_msgs/lib/librto_msgs__rosidl_typesupport_c.so
-- Set non-toolchain portion of runtime path of "/home/oscar/robotino_ros2_ws/install/rto_msgs/lib/librto_msgs__rosidl_typesupport_c.so" to ""
-- Up-to-date: /home/oscar/robotino_ros2_ws/install/rto_msgs/include/rto_msgs/rto_msgs
-- Up-to-date: /home/oscar/robotino_ros2_ws/install/rto_msgs/include/rto_msgs/rto_msgs/srv
-- Up-to-date: /home/oscar/robotino_ros2_ws/install/rto_msgs/include/rto_msgs/rto_msgs/srv/detail
-- Installing: /home/oscar/robotino_ros2_ws/install/rto_msgs/include/rto_msgs/rto_msgs/srv/detail/reset_odometry__type_support.hpp
-- Installing: /home/oscar/robotino_ros2_ws/install/rto_msgs/include/rto_msgs/rto_msgs/srv/detail/reset_odometry__builder.hpp
-- Installing: /home/oscar/robotino_ros2_ws/install/rto_msgs/include/rto_msgs/rto_msgs/srv/detail/set_omni_drive_enabled__builder.hpp
-- Installing: /home/oscar/robotino_ros2_ws/install/rto_msgs/include/rto_msgs/rto_msgs/srv/detail/set_vel_limits__traits.hpp
-- Installing: /home/oscar/robotino_ros2_ws/install/rto_msgs/include/rto_msgs/rto_msgs/srv/detail/set_encoder_position__struct.hpp
-- Installing: /home/oscar/robotino_ros2_ws/install/rto_msgs/include/rto_msgs/rto_msgs/srv/detail/set_omni_drive_enabled__traits.hpp
-- Installing: /home/oscar/robotino_ros2_ws/install/rto_msgs/include/rto_msgs/rto_msgs/srv/detail/set_omni_drive_enabled__struct.hpp
-- Installing: /home/oscar/robotino_ros2_ws/install/rto_msgs/include/rto_msgs/rto_msgs/srv/detail/set_vel_limits__struct.hpp
-- Installing: /home/oscar/robotino_ros2_ws/install/rto_msgs/include/rto_msgs/rto_msgs/srv/detail/set_gripper_state__builder.hpp
-- Installing: /home/oscar/robotino_ros2_ws/install/rto_msgs/include/rto_msgs/rto_msgs/srv/detail/set_vel_limits__builder.hpp
-- Installing: /home/oscar/robotino_ros2_ws/install/rto_msgs/include/rto_msgs/rto_msgs/srv/detail/set_gripper_state__traits.hpp
-- Installing: /home/oscar/robotino_ros2_ws/install/rto_msgs/include/rto_msgs/rto_msgs/srv/detail/reset_odometry__traits.hpp
-- Installing: /home/oscar/robotino_ros2_ws/install/rto_msgs/include/rto_msgs/rto_msgs/srv/detail/set_encoder_position__type_support.hpp
-- Installing: /home/oscar/robotino_ros2_ws/install/rto_msgs/include/rto_msgs/rto_msgs/srv/detail/reset_odometry__struct.hpp
-- Installing: /home/oscar/robotino_ros2_ws/install/rto_msgs/include/rto_msgs/rto_msgs/srv/detail/set_encoder_position__builder.hpp
-- Installing: /home/oscar/robotino_ros2_ws/install/rto_msgs/include/rto_msgs/rto_msgs/srv/detail/set_vel_limits__type_support.hpp
-- Installing: /home/oscar/robotino_ros2_ws/install/rto_msgs/include/rto_msgs/rto_msgs/srv/detail/set_gripper_state__type_support.hpp
-- Installing: /home/oscar/robotino_ros2_ws/install/rto_msgs/include/rto_msgs/rto_msgs/srv/detail/set_gripper_state__struct.hpp
-- Installing: /home/oscar/robotino_ros2_ws/install/rto_msgs/include/rto_msgs/rto_msgs/srv/detail/set_encoder_position__traits.hpp
-- Installing: /home/oscar/robotino_ros2_ws/install/rto_msgs/include/rto_msgs/rto_msgs/srv/detail/set_omni_drive_enabled__type_support.hpp
-- Installing: /home/oscar/robotino_ros2_ws/install/rto_msgs/include/rto_msgs/rto_msgs/srv/set_omni_drive_enabled.hpp
-- Installing: /home/oscar/robotino_ros2_ws/install/rto_msgs/include/rto_msgs/rto_msgs/srv/reset_odometry.hpp
-- Installing: /home/oscar/robotino_ros2_ws/install/rto_msgs/include/rto_msgs/rto_msgs/srv/set_gripper_state.hpp
-- Installing: /home/oscar/robotino_ros2_ws/install/rto_msgs/include/rto_msgs/rto_msgs/srv/set_encoder_position.hpp
-- Installing: /home/oscar/robotino_ros2_ws/install/rto_msgs/include/rto_msgs/rto_msgs/srv/set_vel_limits.hpp
-- Up-to-date: /home/oscar/robotino_ros2_ws/install/rto_msgs/include/rto_msgs/rto_msgs/msg
-- Installing: /home/oscar/robotino_ros2_ws/install/rto_msgs/include/rto_msgs/rto_msgs/msg/motor_error_readings.hpp
-- Installing: /home/oscar/robotino_ros2_ws/install/rto_msgs/include/rto_msgs/rto_msgs/msg/digital_readings.hpp
-- Installing: /home/oscar/robotino_ros2_ws/install/rto_msgs/include/rto_msgs/rto_msgs/msg/power_readings.hpp
-- Installing: /home/oscar/robotino_ros2_ws/install/rto_msgs/include/rto_msgs/rto_msgs/msg/gripper_state.hpp
-- Up-to-date: /home/oscar/robotino_ros2_ws/install/rto_msgs/include/rto_msgs/rto_msgs/msg/detail
-- Installing: /home/oscar/robotino_ros2_ws/install/rto_msgs/include/rto_msgs/rto_msgs/msg/detail/encoder_readings__type_support.hpp
-- Installing: /home/oscar/robotino_ros2_ws/install/rto_msgs/include/rto_msgs/rto_msgs/msg/detail/gripper_state__builder.hpp
-- Installing: /home/oscar/robotino_ros2_ws/install/rto_msgs/include/rto_msgs/rto_msgs/msg/detail/gripper_state__struct.hpp
-- Installing: /home/oscar/robotino_ros2_ws/install/rto_msgs/include/rto_msgs/rto_msgs/msg/detail/motor_readings__builder.hpp
-- Installing: /home/oscar/robotino_ros2_ws/install/rto_msgs/include/rto_msgs/rto_msgs/msg/detail/analog_readings__builder.hpp
-- Installing: /home/oscar/robotino_ros2_ws/install/rto_msgs/include/rto_msgs/rto_msgs/msg/detail/encoder_readings__traits.hpp
-- Installing: /home/oscar/robotino_ros2_ws/install/rto_msgs/include/rto_msgs/rto_msgs/msg/detail/motor_readings__struct.hpp
-- Installing: /home/oscar/robotino_ros2_ws/install/rto_msgs/include/rto_msgs/rto_msgs/msg/detail/analog_readings__type_support.hpp
-- Installing: /home/oscar/robotino_ros2_ws/install/rto_msgs/include/rto_msgs/rto_msgs/msg/detail/power_readings__struct.hpp
-- Installing: /home/oscar/robotino_ros2_ws/install/rto_msgs/include/rto_msgs/rto_msgs/msg/detail/digital_readings__struct.hpp
-- Installing: /home/oscar/robotino_ros2_ws/install/rto_msgs/include/rto_msgs/rto_msgs/msg/detail/power_readings__traits.hpp
-- Installing: /home/oscar/robotino_ros2_ws/install/rto_msgs/include/rto_msgs/rto_msgs/msg/detail/motor_error_readings__struct.hpp
-- Installing: /home/oscar/robotino_ros2_ws/install/rto_msgs/include/rto_msgs/rto_msgs/msg/detail/analog_readings__struct.hpp
-- Installing: /home/oscar/robotino_ros2_ws/install/rto_msgs/include/rto_msgs/rto_msgs/msg/detail/encoder_readings__struct.hpp
-- Installing: /home/oscar/robotino_ros2_ws/install/rto_msgs/include/rto_msgs/rto_msgs/msg/detail/power_readings__type_support.hpp
-- Installing: /home/oscar/robotino_ros2_ws/install/rto_msgs/include/rto_msgs/rto_msgs/msg/detail/digital_readings__builder.hpp
-- Installing: /home/oscar/robotino_ros2_ws/install/rto_msgs/include/rto_msgs/rto_msgs/msg/detail/digital_readings__traits.hpp
-- Installing: /home/oscar/robotino_ros2_ws/install/rto_msgs/include/rto_msgs/rto_msgs/msg/detail/gripper_state__traits.hpp
-- Installing: /home/oscar/robotino_ros2_ws/install/rto_msgs/include/rto_msgs/rto_msgs/msg/detail/encoder_readings__builder.hpp
-- Installing: /home/oscar/robotino_ros2_ws/install/rto_msgs/include/rto_msgs/rto_msgs/msg/detail/power_readings__builder.hpp
-- Installing: /home/oscar/robotino_ros2_ws/install/rto_msgs/include/rto_msgs/rto_msgs/msg/detail/digital_readings__type_support.hpp
-- Installing: /home/oscar/robotino_ros2_ws/install/rto_msgs/include/rto_msgs/rto_msgs/msg/detail/motor_readings__type_support.hpp
-- Installing: /home/oscar/robotino_ros2_ws/install/rto_msgs/include/rto_msgs/rto_msgs/msg/detail/motor_error_readings__type_support.hpp
-- Installing: /home/oscar/robotino_ros2_ws/install/rto_msgs/include/rto_msgs/rto_msgs/msg/detail/motor_error_readings__builder.hpp
-- Installing: /home/oscar/robotino_ros2_ws/install/rto_msgs/include/rto_msgs/rto_msgs/msg/detail/analog_readings__traits.hpp
-- Installing: /home/oscar/robotino_ros2_ws/install/rto_msgs/include/rto_msgs/rto_msgs/msg/detail/gripper_state__type_support.hpp
-- Installing: /home/oscar/robotino_ros2_ws/install/rto_msgs/include/rto_msgs/rto_msgs/msg/detail/motor_error_readings__traits.hpp
-- Installing: /home/oscar/robotino_ros2_ws/install/rto_msgs/include/rto_msgs/rto_msgs/msg/detail/motor_readings__traits.hpp
-- Installing: /home/oscar/robotino_ros2_ws/install/rto_msgs/include/rto_msgs/rto_msgs/msg/analog_readings.hpp
-- Installing: /home/oscar/robotino_ros2_ws/install/rto_msgs/include/rto_msgs/rto_msgs/msg/rosidl_generator_cpp__visibility_control.hpp
-- Installing: /home/oscar/robotino_ros2_ws/install/rto_msgs/include/rto_msgs/rto_msgs/msg/motor_readings.hpp
-- Installing: /home/oscar/robotino_ros2_ws/install/rto_msgs/include/rto_msgs/rto_msgs/msg/encoder_readings.hpp
-- Up-to-date: /home/oscar/robotino_ros2_ws/install/rto_msgs/include/rto_msgs/rto_msgs
-- Up-to-date: /home/oscar/robotino_ros2_ws/install/rto_msgs/include/rto_msgs/rto_msgs/srv
-- Up-to-date: /home/oscar/robotino_ros2_ws/install/rto_msgs/include/rto_msgs/rto_msgs/srv/detail
-- Installing: /home/oscar/robotino_ros2_ws/install/rto_msgs/include/rto_msgs/rto_msgs/srv/detail/set_encoder_position__rosidl_typesupport_fastrtps_cpp.hpp
-- Installing: /home/oscar/robotino_ros2_ws/install/rto_msgs/include/rto_msgs/rto_msgs/srv/detail/set_vel_limits__rosidl_typesupport_fastrtps_cpp.hpp
-- Installing: /home/oscar/robotino_ros2_ws/install/rto_msgs/include/rto_msgs/rto_msgs/srv/detail/dds_fastrtps
-- Installing: /home/oscar/robotino_ros2_ws/install/rto_msgs/include/rto_msgs/rto_msgs/srv/detail/set_omni_drive_enabled__rosidl_typesupport_fastrtps_cpp.hpp
-- Installing: /home/oscar/robotino_ros2_ws/install/rto_msgs/include/rto_msgs/rto_msgs/srv/detail/reset_odometry__rosidl_typesupport_fastrtps_cpp.hpp
-- Installing: /home/oscar/robotino_ros2_ws/install/rto_msgs/include/rto_msgs/rto_msgs/srv/detail/set_gripper_state__rosidl_typesupport_fastrtps_cpp.hpp
-- Up-to-date: /home/oscar/robotino_ros2_ws/install/rto_msgs/include/rto_msgs/rto_msgs/msg
-- Up-to-date: /home/oscar/robotino_ros2_ws/install/rto_msgs/include/rto_msgs/rto_msgs/msg/detail
-- Installing: /home/oscar/robotino_ros2_ws/install/rto_msgs/include/rto_msgs/rto_msgs/msg/detail/power_readings__rosidl_typesupport_fastrtps_cpp.hpp
-- Installing: /home/oscar/robotino_ros2_ws/install/rto_msgs/include/rto_msgs/rto_msgs/msg/detail/encoder_readings__rosidl_typesupport_fastrtps_cpp.hpp
-- Installing: /home/oscar/robotino_ros2_ws/install/rto_msgs/include/rto_msgs/rto_msgs/msg/detail/analog_readings__rosidl_typesupport_fastrtps_cpp.hpp
-- Installing: /home/oscar/robotino_ros2_ws/install/rto_msgs/include/rto_msgs/rto_msgs/msg/detail/digital_readings__rosidl_typesupport_fastrtps_cpp.hpp
-- Installing: /home/oscar/robotino_ros2_ws/install/rto_msgs/include/rto_msgs/rto_msgs/msg/detail/dds_fastrtps
-- Installing: /home/oscar/robotino_ros2_ws/install/rto_msgs/include/rto_msgs/rto_msgs/msg/detail/motor_readings__rosidl_typesupport_fastrtps_cpp.hpp
-- Installing: /home/oscar/robotino_ros2_ws/install/rto_msgs/include/rto_msgs/rto_msgs/msg/detail/gripper_state__rosidl_typesupport_fastrtps_cpp.hpp
-- Installing: /home/oscar/robotino_ros2_ws/install/rto_msgs/include/rto_msgs/rto_msgs/msg/detail/motor_error_readings__rosidl_typesupport_fastrtps_cpp.hpp
-- Installing: /home/oscar/robotino_ros2_ws/install/rto_msgs/include/rto_msgs/rto_msgs/msg/rosidl_typesupport_fastrtps_cpp__visibility_control.h
-- Installing: /home/oscar/robotino_ros2_ws/install/rto_msgs/lib/librto_msgs__rosidl_typesupport_fastrtps_cpp.so
-- Set non-toolchain portion of runtime path of "/home/oscar/robotino_ros2_ws/install/rto_msgs/lib/librto_msgs__rosidl_typesupport_fastrtps_cpp.so" to ""
-- Up-to-date: /home/oscar/robotino_ros2_ws/install/rto_msgs/include/rto_msgs/rto_msgs
-- Up-to-date: /home/oscar/robotino_ros2_ws/install/rto_msgs/include/rto_msgs/rto_msgs/srv
-- Up-to-date: /home/oscar/robotino_ros2_ws/install/rto_msgs/include/rto_msgs/rto_msgs/srv/detail
-- Installing: /home/oscar/robotino_ros2_ws/install/rto_msgs/include/rto_msgs/rto_msgs/srv/detail/reset_odometry__type_support.cpp
-- Installing: /home/oscar/robotino_ros2_ws/install/rto_msgs/include/rto_msgs/rto_msgs/srv/detail/set_gripper_state__rosidl_typesupport_introspection_cpp.hpp
-- Installing: /home/oscar/robotino_ros2_ws/install/rto_msgs/include/rto_msgs/rto_msgs/srv/detail/set_encoder_position__type_support.cpp
-- Installing: /home/oscar/robotino_ros2_ws/install/rto_msgs/include/rto_msgs/rto_msgs/srv/detail/set_omni_drive_enabled__type_support.cpp
-- Installing: /home/oscar/robotino_ros2_ws/install/rto_msgs/include/rto_msgs/rto_msgs/srv/detail/set_vel_limits__type_support.cpp
-- Installing: /home/oscar/robotino_ros2_ws/install/rto_msgs/include/rto_msgs/rto_msgs/srv/detail/set_vel_limits__rosidl_typesupport_introspection_cpp.hpp
-- Installing: /home/oscar/robotino_ros2_ws/install/rto_msgs/include/rto_msgs/rto_msgs/srv/detail/set_encoder_position__rosidl_typesupport_introspection_cpp.hpp
-- Installing: /home/oscar/robotino_ros2_ws/install/rto_msgs/include/rto_msgs/rto_msgs/srv/detail/set_omni_drive_enabled__rosidl_typesupport_introspection_cpp.hpp
-- Installing: /home/oscar/robotino_ros2_ws/install/rto_msgs/include/rto_msgs/rto_msgs/srv/detail/set_gripper_state__type_support.cpp
-- Installing: /home/oscar/robotino_ros2_ws/install/rto_msgs/include/rto_msgs/rto_msgs/srv/detail/reset_odometry__rosidl_typesupport_introspection_cpp.hpp
-- Up-to-date: /home/oscar/robotino_ros2_ws/install/rto_msgs/include/rto_msgs/rto_msgs/msg
-- Up-to-date: /home/oscar/robotino_ros2_ws/install/rto_msgs/include/rto_msgs/rto_msgs/msg/detail
-- Installing: /home/oscar/robotino_ros2_ws/install/rto_msgs/include/rto_msgs/rto_msgs/msg/detail/analog_readings__type_support.cpp
-- Installing: /home/oscar/robotino_ros2_ws/install/rto_msgs/include/rto_msgs/rto_msgs/msg/detail/gripper_state__type_support.cpp
-- Installing: /home/oscar/robotino_ros2_ws/install/rto_msgs/include/rto_msgs/rto_msgs/msg/detail/digital_readings__rosidl_typesupport_introspection_cpp.hpp
-- Installing: /home/oscar/robotino_ros2_ws/install/rto_msgs/include/rto_msgs/rto_msgs/msg/detail/motor_readings__type_support.cpp
-- Installing: /home/oscar/robotino_ros2_ws/install/rto_msgs/include/rto_msgs/rto_msgs/msg/detail/digital_readings__type_support.cpp
-- Installing: /home/oscar/robotino_ros2_ws/install/rto_msgs/include/rto_msgs/rto_msgs/msg/detail/motor_readings__rosidl_typesupport_introspection_cpp.hpp
-- Installing: /home/oscar/robotino_ros2_ws/install/rto_msgs/include/rto_msgs/rto_msgs/msg/detail/motor_error_readings__type_support.cpp
-- Installing: /home/oscar/robotino_ros2_ws/install/rto_msgs/include/rto_msgs/rto_msgs/msg/detail/motor_error_readings__rosidl_typesupport_introspection_cpp.hpp
-- Installing: /home/oscar/robotino_ros2_ws/install/rto_msgs/include/rto_msgs/rto_msgs/msg/detail/gripper_state__rosidl_typesupport_introspection_cpp.hpp
-- Installing: /home/oscar/robotino_ros2_ws/install/rto_msgs/include/rto_msgs/rto_msgs/msg/detail/encoder_readings__rosidl_typesupport_introspection_cpp.hpp
-- Installing: /home/oscar/robotino_ros2_ws/install/rto_msgs/include/rto_msgs/rto_msgs/msg/detail/analog_readings__rosidl_typesupport_introspection_cpp.hpp
-- Installing: /home/oscar/robotino_ros2_ws/install/rto_msgs/include/rto_msgs/rto_msgs/msg/detail/power_readings__rosidl_typesupport_introspection_cpp.hpp
-- Installing: /home/oscar/robotino_ros2_ws/install/rto_msgs/include/rto_msgs/rto_msgs/msg/detail/encoder_readings__type_support.cpp
-- Installing: /home/oscar/robotino_ros2_ws/install/rto_msgs/include/rto_msgs/rto_msgs/msg/detail/power_readings__type_support.cpp
-- Installing: /home/oscar/robotino_ros2_ws/install/rto_msgs/lib/librto_msgs__rosidl_typesupport_introspection_cpp.so
-- Set non-toolchain portion of runtime path of "/home/oscar/robotino_ros2_ws/install/rto_msgs/lib/librto_msgs__rosidl_typesupport_introspection_cpp.so" to ""
-- Installing: /home/oscar/robotino_ros2_ws/install/rto_msgs/lib/librto_msgs__rosidl_typesupport_cpp.so
-- Set non-toolchain portion of runtime path of "/home/oscar/robotino_ros2_ws/install/rto_msgs/lib/librto_msgs__rosidl_typesupport_cpp.so" to ""
-- Installing: /home/oscar/robotino_ros2_ws/install/rto_msgs/share/rto_msgs/environment/pythonpath.sh
-- Installing: /home/oscar/robotino_ros2_ws/install/rto_msgs/share/rto_msgs/environment/pythonpath.dsv
-- Installing: /home/oscar/robotino_ros2_ws/install/rto_msgs/lib/python3.12/site-packages/rto_msgs-0.0.0-py3.12.egg-info
-- Installing: /home/oscar/robotino_ros2_ws/install/rto_msgs/lib/python3.12/site-packages/rto_msgs-0.0.0-py3.12.egg-info/SOURCES.txt
-- Installing: /home/oscar/robotino_ros2_ws/install/rto_msgs/lib/python3.12/site-packages/rto_msgs-0.0.0-py3.12.egg-info/dependency_links.txt
-- Installing: /home/oscar/robotino_ros2_ws/install/rto_msgs/lib/python3.12/site-packages/rto_msgs-0.0.0-py3.12.egg-info/top_level.txt
-- Installing: /home/oscar/robotino_ros2_ws/install/rto_msgs/lib/python3.12/site-packages/rto_msgs-0.0.0-py3.12.egg-info/PKG-INFO
-- Installing: /home/oscar/robotino_ros2_ws/install/rto_msgs/lib/python3.12/site-packages/rto_msgs
-- Installing: /home/oscar/robotino_ros2_ws/install/rto_msgs/lib/python3.12/site-packages/rto_msgs/_rto_msgs_s.ep.rosidl_typesupport_fastrtps_c.c
-- Installing: /home/oscar/robotino_ros2_ws/install/rto_msgs/lib/python3.12/site-packages/rto_msgs/srv
-- Installing: /home/oscar/robotino_ros2_ws/install/rto_msgs/lib/python3.12/site-packages/rto_msgs/srv/_set_gripper_state_s.c
-- Installing: /home/oscar/robotino_ros2_ws/install/rto_msgs/lib/python3.12/site-packages/rto_msgs/srv/_reset_odometry.py
-- Installing: /home/oscar/robotino_ros2_ws/install/rto_msgs/lib/python3.12/site-packages/rto_msgs/srv/_set_omni_drive_enabled_s.c
-- Installing: /home/oscar/robotino_ros2_ws/install/rto_msgs/lib/python3.12/site-packages/rto_msgs/srv/_set_omni_drive_enabled.py
-- Installing: /home/oscar/robotino_ros2_ws/install/rto_msgs/lib/python3.12/site-packages/rto_msgs/srv/_set_gripper_state.py
-- Installing: /home/oscar/robotino_ros2_ws/install/rto_msgs/lib/python3.12/site-packages/rto_msgs/srv/__init__.py
-- Installing: /home/oscar/robotino_ros2_ws/install/rto_msgs/lib/python3.12/site-packages/rto_msgs/srv/_set_vel_limits.py
-- Installing: /home/oscar/robotino_ros2_ws/install/rto_msgs/lib/python3.12/site-packages/rto_msgs/srv/_set_encoder_position_s.c
-- Installing: /home/oscar/robotino_ros2_ws/install/rto_msgs/lib/python3.12/site-packages/rto_msgs/srv/_set_vel_limits_s.c
-- Installing: /home/oscar/robotino_ros2_ws/install/rto_msgs/lib/python3.12/site-packages/rto_msgs/srv/_reset_odometry_s.c
-- Installing: /home/oscar/robotino_ros2_ws/install/rto_msgs/lib/python3.12/site-packages/rto_msgs/srv/_set_encoder_position.py
-- Installing: /home/oscar/robotino_ros2_ws/install/rto_msgs/lib/python3.12/site-packages/rto_msgs/rto_msgs_s__rosidl_typesupport_introspection_c.so
-- Installing: /home/oscar/robotino_ros2_ws/install/rto_msgs/lib/python3.12/site-packages/rto_msgs/rto_msgs_s__rosidl_typesupport_fastrtps_c.so
-- Installing: /home/oscar/robotino_ros2_ws/install/rto_msgs/lib/python3.12/site-packages/rto_msgs/rto_msgs_s__rosidl_typesupport_c.so
-- Installing: /home/oscar/robotino_ros2_ws/install/rto_msgs/lib/python3.12/site-packages/rto_msgs/__init__.py
-- Installing: /home/oscar/robotino_ros2_ws/install/rto_msgs/lib/python3.12/site-packages/rto_msgs/_rto_msgs_s.ep.rosidl_typesupport_c.c
-- Installing: /home/oscar/robotino_ros2_ws/install/rto_msgs/lib/python3.12/site-packages/rto_msgs/_rto_msgs_s.ep.rosidl_typesupport_introspection_c.c
-- Installing: /home/oscar/robotino_ros2_ws/install/rto_msgs/lib/python3.12/site-packages/rto_msgs/msg
-- Installing: /home/oscar/robotino_ros2_ws/install/rto_msgs/lib/python3.12/site-packages/rto_msgs/msg/_analog_readings_s.c
-- Installing: /home/oscar/robotino_ros2_ws/install/rto_msgs/lib/python3.12/site-packages/rto_msgs/msg/_encoder_readings_s.c
-- Installing: /home/oscar/robotino_ros2_ws/install/rto_msgs/lib/python3.12/site-packages/rto_msgs/msg/_gripper_state_s.c
-- Installing: /home/oscar/robotino_ros2_ws/install/rto_msgs/lib/python3.12/site-packages/rto_msgs/msg/_motor_readings_s.c
-- Installing: /home/oscar/robotino_ros2_ws/install/rto_msgs/lib/python3.12/site-packages/rto_msgs/msg/_analog_readings.py
-- Installing: /home/oscar/robotino_ros2_ws/install/rto_msgs/lib/python3.12/site-packages/rto_msgs/msg/__init__.py
-- Installing: /home/oscar/robotino_ros2_ws/install/rto_msgs/lib/python3.12/site-packages/rto_msgs/msg/_motor_error_readings_s.c
-- Installing: /home/oscar/robotino_ros2_ws/install/rto_msgs/lib/python3.12/site-packages/rto_msgs/msg/_motor_readings.py
-- Installing: /home/oscar/robotino_ros2_ws/install/rto_msgs/lib/python3.12/site-packages/rto_msgs/msg/_gripper_state.py
-- Installing: /home/oscar/robotino_ros2_ws/install/rto_msgs/lib/python3.12/site-packages/rto_msgs/msg/_power_readings_s.c
-- Installing: /home/oscar/robotino_ros2_ws/install/rto_msgs/lib/python3.12/site-packages/rto_msgs/msg/_digital_readings.py
-- Installing: /home/oscar/robotino_ros2_ws/install/rto_msgs/lib/python3.12/site-packages/rto_msgs/msg/_encoder_readings.py
-- Installing: /home/oscar/robotino_ros2_ws/install/rto_msgs/lib/python3.12/site-packages/rto_msgs/msg/_digital_readings_s.c
-- Installing: /home/oscar/robotino_ros2_ws/install/rto_msgs/lib/python3.12/site-packages/rto_msgs/msg/_motor_error_readings.py
-- Installing: /home/oscar/robotino_ros2_ws/install/rto_msgs/lib/python3.12/site-packages/rto_msgs/msg/_power_readings.py
Listing '/home/oscar/robotino_ros2_ws/install/rto_msgs/lib/python3.12/site-packages/rto_msgs'...
Compiling '/home/oscar/robotino_ros2_ws/install/rto_msgs/lib/python3.12/site-packages/rto_msgs/__init__.py'...
Listing '/home/oscar/robotino_ros2_ws/install/rto_msgs/lib/python3.12/site-packages/rto_msgs/msg'...
Compiling '/home/oscar/robotino_ros2_ws/install/rto_msgs/lib/python3.12/site-packages/rto_msgs/msg/__init__.py'...
Compiling '/home/oscar/robotino_ros2_ws/install/rto_msgs/lib/python3.12/site-packages/rto_msgs/msg/_analog_readings.py'...
Compiling '/home/oscar/robotino_ros2_ws/install/rto_msgs/lib/python3.12/site-packages/rto_msgs/msg/_digital_readings.py'...
Compiling '/home/oscar/robotino_ros2_ws/install/rto_msgs/lib/python3.12/site-packages/rto_msgs/msg/_encoder_readings.py'...
Compiling '/home/oscar/robotino_ros2_ws/install/rto_msgs/lib/python3.12/site-packages/rto_msgs/msg/_gripper_state.py'...
Compiling '/home/oscar/robotino_ros2_ws/install/rto_msgs/lib/python3.12/site-packages/rto_msgs/msg/_motor_error_readings.py'...
Compiling '/home/oscar/robotino_ros2_ws/install/rto_msgs/lib/python3.12/site-packages/rto_msgs/msg/_motor_readings.py'...
Compiling '/home/oscar/robotino_ros2_ws/install/rto_msgs/lib/python3.12/site-packages/rto_msgs/msg/_power_readings.py'...
Listing '/home/oscar/robotino_ros2_ws/install/rto_msgs/lib/python3.12/site-packages/rto_msgs/srv'...
Compiling '/home/oscar/robotino_ros2_ws/install/rto_msgs/lib/python3.12/site-packages/rto_msgs/srv/__init__.py'...
Compiling '/home/oscar/robotino_ros2_ws/install/rto_msgs/lib/python3.12/site-packages/rto_msgs/srv/_reset_odometry.py'...
Compiling '/home/oscar/robotino_ros2_ws/install/rto_msgs/lib/python3.12/site-packages/rto_msgs/srv/_set_encoder_position.py'...
Compiling '/home/oscar/robotino_ros2_ws/install/rto_msgs/lib/python3.12/site-packages/rto_msgs/srv/_set_gripper_state.py'...
Compiling '/home/oscar/robotino_ros2_ws/install/rto_msgs/lib/python3.12/site-packages/rto_msgs/srv/_set_omni_drive_enabled.py'...
Compiling '/home/oscar/robotino_ros2_ws/install/rto_msgs/lib/python3.12/site-packages/rto_msgs/srv/_set_vel_limits.py'...
-- Installing: /home/oscar/robotino_ros2_ws/install/rto_msgs/lib/python3.12/site-packages/rto_msgs/rto_msgs_s__rosidl_typesupport_fastrtps_c.so
-- Set non-toolchain portion of runtime path of "/home/oscar/robotino_ros2_ws/install/rto_msgs/lib/python3.12/site-packages/rto_msgs/rto_msgs_s__rosidl_typesupport_fastrtps_c.so" to ""
-- Installing: /home/oscar/robotino_ros2_ws/install/rto_msgs/lib/python3.12/site-packages/rto_msgs/rto_msgs_s__rosidl_typesupport_introspection_c.so
-- Set non-toolchain portion of runtime path of "/home/oscar/robotino_ros2_ws/install/rto_msgs/lib/python3.12/site-packages/rto_msgs/rto_msgs_s__rosidl_typesupport_introspection_c.so" to ""
-- Installing: /home/oscar/robotino_ros2_ws/install/rto_msgs/lib/python3.12/site-packages/rto_msgs/rto_msgs_s__rosidl_typesupport_c.so
-- Set non-toolchain portion of runtime path of "/home/oscar/robotino_ros2_ws/install/rto_msgs/lib/python3.12/site-packages/rto_msgs/rto_msgs_s__rosidl_typesupport_c.so" to ""
-- Installing: /home/oscar/robotino_ros2_ws/install/rto_msgs/lib/librto_msgs__rosidl_generator_py.so
-- Set non-toolchain portion of runtime path of "/home/oscar/robotino_ros2_ws/install/rto_msgs/lib/librto_msgs__rosidl_generator_py.so" to ""
-- Installing: /home/oscar/robotino_ros2_ws/install/rto_msgs/share/rto_msgs/msg/AnalogReadings.idl
-- Installing: /home/oscar/robotino_ros2_ws/install/rto_msgs/share/rto_msgs/msg/DigitalReadings.idl
-- Installing: /home/oscar/robotino_ros2_ws/install/rto_msgs/share/rto_msgs/msg/EncoderReadings.idl
-- Installing: /home/oscar/robotino_ros2_ws/install/rto_msgs/share/rto_msgs/msg/GripperState.idl
-- Installing: /home/oscar/robotino_ros2_ws/install/rto_msgs/share/rto_msgs/msg/MotorReadings.idl
-- Installing: /home/oscar/robotino_ros2_ws/install/rto_msgs/share/rto_msgs/msg/MotorErrorReadings.idl
-- Installing: /home/oscar/robotino_ros2_ws/install/rto_msgs/share/rto_msgs/msg/PowerReadings.idl
-- Installing: /home/oscar/robotino_ros2_ws/install/rto_msgs/share/rto_msgs/srv/ResetOdometry.idl
-- Installing: /home/oscar/robotino_ros2_ws/install/rto_msgs/share/rto_msgs/srv/SetEncoderPosition.idl
-- Installing: /home/oscar/robotino_ros2_ws/install/rto_msgs/share/rto_msgs/srv/SetGripperState.idl
-- Installing: /home/oscar/robotino_ros2_ws/install/rto_msgs/share/rto_msgs/srv/SetOmniDriveEnabled.idl
-- Installing: /home/oscar/robotino_ros2_ws/install/rto_msgs/share/rto_msgs/srv/SetVelLimits.idl
-- Installing: /home/oscar/robotino_ros2_ws/install/rto_msgs/share/rto_msgs/msg/AnalogReadings.msg
-- Installing: /home/oscar/robotino_ros2_ws/install/rto_msgs/share/rto_msgs/msg/DigitalReadings.msg
-- Installing: /home/oscar/robotino_ros2_ws/install/rto_msgs/share/rto_msgs/msg/EncoderReadings.msg
-- Installing: /home/oscar/robotino_ros2_ws/install/rto_msgs/share/rto_msgs/msg/GripperState.msg
-- Installing: /home/oscar/robotino_ros2_ws/install/rto_msgs/share/rto_msgs/msg/MotorReadings.msg
-- Installing: /home/oscar/robotino_ros2_ws/install/rto_msgs/share/rto_msgs/msg/MotorErrorReadings.msg
-- Installing: /home/oscar/robotino_ros2_ws/install/rto_msgs/share/rto_msgs/msg/PowerReadings.msg
-- Installing: /home/oscar/robotino_ros2_ws/install/rto_msgs/share/rto_msgs/srv/ResetOdometry.srv
-- Installing: /home/oscar/robotino_ros2_ws/install/rto_msgs/share/rto_msgs/srv/SetEncoderPosition.srv
-- Installing: /home/oscar/robotino_ros2_ws/install/rto_msgs/share/rto_msgs/srv/SetGripperState.srv
-- Installing: /home/oscar/robotino_ros2_ws/install/rto_msgs/share/rto_msgs/srv/SetOmniDriveEnabled.srv
-- Installing: /home/oscar/robotino_ros2_ws/install/rto_msgs/share/rto_msgs/srv/SetVelLimits.srv
-- Installing: /home/oscar/robotino_ros2_ws/install/rto_msgs/share/ament_index/resource_index/package_run_dependencies/rto_msgs
-- Installing: /home/oscar/robotino_ros2_ws/install/rto_msgs/share/ament_index/resource_index/parent_prefix_path/rto_msgs
-- Installing: /home/oscar/robotino_ros2_ws/install/rto_msgs/share/rto_msgs/environment/ament_prefix_path.sh
-- Installing: /home/oscar/robotino_ros2_ws/install/rto_msgs/share/rto_msgs/environment/ament_prefix_path.dsv
-- Installing: /home/oscar/robotino_ros2_ws/install/rto_msgs/share/rto_msgs/environment/path.sh
-- Installing: /home/oscar/robotino_ros2_ws/install/rto_msgs/share/rto_msgs/environment/path.dsv
-- Installing: /home/oscar/robotino_ros2_ws/install/rto_msgs/share/rto_msgs/local_setup.bash
-- Installing: /home/oscar/robotino_ros2_ws/install/rto_msgs/share/rto_msgs/local_setup.sh
-- Installing: /home/oscar/robotino_ros2_ws/install/rto_msgs/share/rto_msgs/local_setup.zsh
-- Installing: /home/oscar/robotino_ros2_ws/install/rto_msgs/share/rto_msgs/local_setup.dsv
-- Installing: /home/oscar/robotino_ros2_ws/install/rto_msgs/share/rto_msgs/package.dsv
-- Installing: /home/oscar/robotino_ros2_ws/install/rto_msgs/share/ament_index/resource_index/packages/rto_msgs
-- Installing: /home/oscar/robotino_ros2_ws/install/rto_msgs/share/rto_msgs/cmake/export_rto_msgs__rosidl_generator_cExport.cmake
-- Installing: /home/oscar/robotino_ros2_ws/install/rto_msgs/share/rto_msgs/cmake/export_rto_msgs__rosidl_generator_cExport-noconfig.cmake
-- Installing: /home/oscar/robotino_ros2_ws/install/rto_msgs/share/rto_msgs/cmake/export_rto_msgs__rosidl_typesupport_fastrtps_cExport.cmake
-- Installing: /home/oscar/robotino_ros2_ws/install/rto_msgs/share/rto_msgs/cmake/export_rto_msgs__rosidl_typesupport_fastrtps_cExport-noconfig.cmake
-- Installing: /home/oscar/robotino_ros2_ws/install/rto_msgs/share/rto_msgs/cmake/rto_msgs__rosidl_typesupport_introspection_cExport.cmake
-- Installing: /home/oscar/robotino_ros2_ws/install/rto_msgs/share/rto_msgs/cmake/rto_msgs__rosidl_typesupport_introspection_cExport-noconfig.cmake
-- Installing: /home/oscar/robotino_ros2_ws/install/rto_msgs/share/rto_msgs/cmake/rto_msgs__rosidl_typesupport_cExport.cmake
-- Installing: /home/oscar/robotino_ros2_ws/install/rto_msgs/share/rto_msgs/cmake/rto_msgs__rosidl_typesupport_cExport-noconfig.cmake
-- Installing: /home/oscar/robotino_ros2_ws/install/rto_msgs/share/rto_msgs/cmake/export_rto_msgs__rosidl_generator_cppExport.cmake
-- Installing: /home/oscar/robotino_ros2_ws/install/rto_msgs/share/rto_msgs/cmake/export_rto_msgs__rosidl_typesupport_fastrtps_cppExport.cmake
-- Installing: /home/oscar/robotino_ros2_ws/install/rto_msgs/share/rto_msgs/cmake/export_rto_msgs__rosidl_typesupport_fastrtps_cppExport-noconfig.cmake
-- Installing: /home/oscar/robotino_ros2_ws/install/rto_msgs/share/rto_msgs/cmake/rto_msgs__rosidl_typesupport_introspection_cppExport.cmake
-- Installing: /home/oscar/robotino_ros2_ws/install/rto_msgs/share/rto_msgs/cmake/rto_msgs__rosidl_typesupport_introspection_cppExport-noconfig.cmake
-- Installing: /home/oscar/robotino_ros2_ws/install/rto_msgs/share/rto_msgs/cmake/rto_msgs__rosidl_typesupport_cppExport.cmake
-- Installing: /home/oscar/robotino_ros2_ws/install/rto_msgs/share/rto_msgs/cmake/rto_msgs__rosidl_typesupport_cppExport-noconfig.cmake
-- Installing: /home/oscar/robotino_ros2_ws/install/rto_msgs/share/rto_msgs/cmake/export_rto_msgs__rosidl_generator_pyExport.cmake
-- Installing: /home/oscar/robotino_ros2_ws/install/rto_msgs/share/rto_msgs/cmake/export_rto_msgs__rosidl_generator_pyExport-noconfig.cmake
-- Installing: /home/oscar/robotino_ros2_ws/install/rto_msgs/share/rto_msgs/cmake/rosidl_cmake-extras.cmake
-- Installing: /home/oscar/robotino_ros2_ws/install/rto_msgs/share/rto_msgs/cmake/ament_cmake_export_dependencies-extras.cmake
-- Installing: /home/oscar/robotino_ros2_ws/install/rto_msgs/share/rto_msgs/cmake/ament_cmake_export_include_directories-extras.cmake
-- Installing: /home/oscar/robotino_ros2_ws/install/rto_msgs/share/rto_msgs/cmake/ament_cmake_export_libraries-extras.cmake
-- Installing: /home/oscar/robotino_ros2_ws/install/rto_msgs/share/rto_msgs/cmake/ament_cmake_export_targets-extras.cmake
-- Installing: /home/oscar/robotino_ros2_ws/install/rto_msgs/share/rto_msgs/cmake/rosidl_cmake_export_typesupport_targets-extras.cmake
-- Installing: /home/oscar/robotino_ros2_ws/install/rto_msgs/share/rto_msgs/cmake/rosidl_cmake_export_typesupport_libraries-extras.cmake
-- Installing: /home/oscar/robotino_ros2_ws/install/rto_msgs/share/rto_msgs/cmake/rto_msgsConfig.cmake
-- Installing: /home/oscar/robotino_ros2_ws/install/rto_msgs/share/rto_msgs/cmake/rto_msgsConfig-version.cmake
-- Installing: /home/oscar/robotino_ros2_ws/install/rto_msgs/share/rto_msgs/package.xml
